{"meta": {"format": 3, "version": "7.13.4", "timestamp": "2026-03-08T20:12:13.392164", "branch_coverage": false, "show_contexts": false}, "files": {"admin\\__init__.py": {"executed_lines": [1, 2], "summary": {"covered_lines": 2, "num_statements": 2, "percent_covered": 100.0, "percent_covered_display": "100", "missing_lines": 0, "excluded_lines": 0, "percent_statements_covered": 100.0, "percent_statements_covered_display": "100"}, "missing_lines": [], "excluded_lines": [], "functions": {"": {"executed_lines": [1, 2], "summary": {"covered_lines": 2, "num_statements": 2, "percent_covered": 100.0, "percent_covered_display": "100", "missing_lines": 0, "excluded_lines": 0, "percent_statements_covered": 100.0, "percent_statements_covered_display": "100"}, "missing_lines": [], "excluded_lines": [], "start_line": 1}}, "classes": {"": {"executed_lines": [1, 2], "summary": {"covered_lines": 2, "num_statements": 2, "percent_covered": 100.0, "percent_covered_display": "100", "missing_lines": 0, "excluded_lines": 0, "percent_statements_covered": 100.0, "percent_statements_covered_display": "100"}, "missing_lines": [], "excluded_lines": [], "start_line": 1}}}, "admin\\views.py": {"executed_lines": [1, 2, 3, 4, 5, 6, 7, 8, 9, 10, 11, 12, 13, 14, 15, 16, 18, 21, 48, 68, 73, 80, 88, 90, 91, 92, 98, 101, 102, 126, 134, 138, 146, 147, 204, 205, 277, 278, 279, 307, 308, 309, 388, 389, 390, 423, 424, 425, 458, 459, 460, 468, 469, 470, 494, 495, 496, 501, 502, 503, 508, 532, 533, 534, 580, 581, 582, 600, 601, 602, 620, 621, 622, 634, 635, 636, 702, 703, 704, 737, 738, 739, 776, 777, 778, 817, 818, 819, 871, 872, 873, 925, 926, 927, 940, 941, 942, 980, 981, 982, 996, 997, 998, 1012, 1013, 1014, 1028, 1029, 1030, 1044, 1045, 1046, 1060, 1061, 1062, 1082, 1083, 1084, 1099, 1100, 1101, 1138, 1139, 1140, 1155, 1156, 1157, 1230, 1231, 1232, 1239, 1240, 1241, 1253, 1254, 1255, 1270, 1316, 1371, 1372, 1373, 1379, 1380, 1381, 1412, 1426, 1427, 1428], "summary": {"covered_lines": 148, "num_statements": 866, "percent_covered": 17.090069284064665, "percent_covered_display": "17", "missing_lines": 718, "excluded_lines": 0, "percent_statements_covered": 17.090069284064665, "percent_statements_covered_display": "17"}, "missing_lines": [23, 28, 29, 30, 31, 32, 33, 34, 35, 36, 37, 38, 39, 40, 41, 42, 44, 45, 53, 54, 55, 56, 57, 58, 59, 60, 61, 62, 63, 64, 65, 70, 75, 76, 77, 82, 83, 84, 85, 93, 94, 95, 96, 97, 111, 112, 113, 114, 116, 117, 118, 119, 120, 121, 122, 123, 127, 135, 139, 140, 141, 142, 143, 149, 150, 151, 152, 153, 154, 155, 157, 158, 159, 160, 162, 164, 176, 177, 178, 179, 181, 182, 183, 184, 185, 186, 187, 188, 189, 191, 208, 211, 212, 214, 215, 218, 219, 220, 222, 223, 225, 226, 227, 230, 231, 233, 236, 237, 238, 239, 240, 242, 243, 244, 245, 251, 252, 253, 254, 255, 256, 261, 267, 269, 271, 272, 273, 274, 281, 282, 284, 286, 287, 288, 290, 292, 293, 294, 295, 297, 298, 299, 300, 302, 304, 310, 311, 312, 313, 314, 315, 316, 317, 318, 322, 323, 324, 325, 326, 335, 343, 349, 357, 363, 370, 372, 392, 393, 394, 395, 396, 397, 399, 400, 401, 403, 404, 405, 406, 407, 414, 415, 416, 418, 419, 427, 428, 429, 430, 431, 432, 433, 434, 436, 437, 438, 439, 440, 448, 449, 450, 451, 453, 455, 461, 462, 463, 464, 465, 471, 472, 491, 497, 498, 504, 505, 510, 511, 512, 519, 526, 527, 528, 529, 536, 537, 538, 539, 540, 542, 544, 546, 547, 548, 549, 550, 551, 552, 554, 556, 558, 559, 560, 561, 562, 563, 564, 567, 568, 569, 570, 571, 572, 573, 574, 575, 577, 584, 585, 586, 587, 588, 589, 590, 591, 592, 593, 594, 595, 596, 597, 603, 604, 605, 606, 607, 608, 609, 611, 612, 613, 614, 615, 616, 617, 623, 624, 625, 626, 627, 628, 629, 630, 631, 638, 640, 641, 643, 644, 645, 647, 648, 649, 651, 652, 653, 655, 656, 657, 658, 660, 662, 663, 665, 677, 683, 684, 685, 686, 688, 689, 690, 691, 692, 694, 695, 697, 698, 699, 705, 706, 709, 710, 711, 717, 718, 719, 720, 721, 722, 723, 724, 725, 726, 727, 728, 730, 734, 741, 742, 744, 745, 746, 749, 750, 751, 752, 756, 757, 760, 761, 764, 765, 766, 767, 768, 770, 771, 773, 780, 781, 782, 783, 786, 787, 788, 789, 791, 793, 794, 795, 796, 797, 798, 799, 800, 803, 804, 805, 806, 808, 810, 811, 813, 814, 821, 822, 824, 825, 827, 828, 829, 831, 832, 834, 835, 836, 839, 840, 841, 845, 846, 847, 848, 851, 852, 855, 856, 857, 858, 860, 862, 863, 875, 876, 878, 879, 881, 882, 883, 885, 886, 887, 889, 891, 892, 894, 895, 900, 901, 903, 909, 911, 912, 920, 921, 922, 929, 931, 932, 934, 935, 936, 937, 944, 945, 947, 948, 950, 951, 952, 954, 957, 958, 960, 961, 962, 965, 966, 967, 968, 969, 971, 972, 984, 985, 986, 987, 993, 1000, 1001, 1002, 1003, 1004, 1005, 1006, 1007, 1008, 1009, 1016, 1017, 1018, 1019, 1020, 1021, 1022, 1023, 1024, 1025, 1032, 1033, 1034, 1035, 1036, 1037, 1038, 1039, 1040, 1041, 1048, 1049, 1050, 1051, 1052, 1053, 1054, 1055, 1056, 1057, 1064, 1065, 1066, 1067, 1068, 1069, 1070, 1071, 1072, 1073, 1074, 1075, 1076, 1077, 1078, 1079, 1086, 1087, 1088, 1089, 1090, 1091, 1092, 1093, 1094, 1095, 1096, 1103, 1104, 1106, 1107, 1109, 1110, 1111, 1113, 1114, 1115, 1116, 1118, 1119, 1120, 1121, 1124, 1125, 1131, 1132, 1134, 1135, 1142, 1143, 1144, 1145, 1151, 1152, 1159, 1160, 1161, 1162, 1164, 1165, 1166, 1167, 1168, 1169, 1170, 1172, 1173, 1174, 1176, 1177, 1178, 1182, 1191, 1192, 1193, 1202, 1203, 1204, 1205, 1206, 1207, 1208, 1210, 1211, 1219, 1220, 1222, 1223, 1224, 1225, 1226, 1227, 1233, 1234, 1235, 1243, 1245, 1257, 1259, 1272, 1273, 1274, 1275, 1276, 1277, 1279, 1281, 1282, 1283, 1284, 1285, 1286, 1287, 1289, 1290, 1291, 1292, 1293, 1294, 1295, 1296, 1297, 1298, 1299, 1300, 1301, 1302, 1303, 1304, 1305, 1306, 1307, 1313, 1318, 1319, 1320, 1321, 1322, 1323, 1326, 1327, 1329, 1330, 1331, 1332, 1333, 1334, 1335, 1336, 1337, 1338, 1339, 1340, 1341, 1349, 1350, 1351, 1352, 1353, 1354, 1356, 1357, 1359, 1374, 1375, 1376, 1383, 1384, 1385, 1386, 1387, 1394, 1395, 1396, 1397, 1398, 1399, 1404, 1405, 1406, 1407, 1414, 1415, 1416, 1417, 1418, 1429, 1430, 1431, 1433, 1434, 1437, 1438, 1439, 1440, 1441, 1443, 1453, 1460], "excluded_lines": [], "functions": {"_build_attr_dist": {"executed_lines": [], "summary": {"covered_lines": 0, "num_statements": 18, "percent_covered": 0.0, "percent_covered_display": "0", "missing_lines": 18, "excluded_lines": 0, "percent_statements_covered": 0.0, "percent_statements_covered_display": "0"}, "missing_lines": [23, 28, 29, 30, 31, 32, 33, 34, 35, 36, 37, 38, 39, 40, 41, 42, 44, 45], "excluded_lines": [], "start_line": 21}, "_check_ai_rate_limit": {"executed_lines": [], "summary": {"covered_lines": 0, "num_statements": 13, "percent_covered": 0.0, "percent_covered_display": "0", "missing_lines": 13, "excluded_lines": 0, "percent_statements_covered": 0.0, "percent_statements_covered_display": "0"}, "missing_lines": [53, 54, 55, 56, 57, 58, 59, 60, 61, 62, 63, 64, 65], "excluded_lines": [], "start_line": 48}, "_is_super_admin": {"executed_lines": [], "summary": {"covered_lines": 0, "num_statements": 1, "percent_covered": 0.0, "percent_covered_display": "0", "missing_lines": 1, "excluded_lines": 0, "percent_statements_covered": 0.0, "percent_statements_covered_display": "0"}, "missing_lines": [70], "excluded_lines": [], "start_line": 68}, "_check_ai_points": {"executed_lines": [], "summary": {"covered_lines": 0, "num_statements": 3, "percent_covered": 0.0, "percent_covered_display": "0", "missing_lines": 3, "excluded_lines": 0, "percent_statements_covered": 0.0, "percent_statements_covered_display": "0"}, "missing_lines": [75, 76, 77], "excluded_lines": [], "start_line": 73}, "_consume_ai_points": {"executed_lines": [], "summary": {"covered_lines": 0, "num_statements": 4, "percent_covered": 0.0, "percent_covered_display": "0", "missing_lines": 4, "excluded_lines": 0, "percent_statements_covered": 0.0, "percent_statements_covered_display": "0"}, "missing_lines": [82, 83, 84, 85], "excluded_lines": [], "start_line": 80}, "admin_required": {"executed_lines": [90, 91, 92, 98], "summary": {"covered_lines": 4, "num_statements": 4, "percent_covered": 100.0, "percent_covered_display": "100", "missing_lines": 0, "excluded_lines": 0, "percent_statements_covered": 100.0, "percent_statements_covered_display": "100"}, "missing_lines": [], "excluded_lines": [], "start_line": 88}, "admin_required.decorated_function": {"executed_lines": [], "summary": {"covered_lines": 0, "num_statements": 5, "percent_covered": 0.0, "percent_covered_display": "0", "missing_lines": 5, "excluded_lines": 0, "percent_statements_covered": 0.0, "percent_statements_covered_display": "0"}, "missing_lines": [93, 94, 95, 96, 97], "excluded_lines": [], "start_line": 92}, "get_markdown_content": {"executed_lines": [], "summary": {"covered_lines": 0, "num_statements": 12, "percent_covered": 0.0, "percent_covered_display": "0", "missing_lines": 12, "excluded_lines": 0, "percent_statements_covered": 0.0, "percent_statements_covered_display": "0"}, "missing_lines": [111, 112, 113, 114, 116, 117, 118, 119, 120, 121, 122, 123], "excluded_lines": [], "start_line": 102}, "get_requirements_definition": {"executed_lines": [], "summary": {"covered_lines": 0, "num_statements": 1, "percent_covered": 0.0, "percent_covered_display": "0", "missing_lines": 1, "excluded_lines": 0, "percent_statements_covered": 0.0, "percent_statements_covered_display": "0"}, "missing_lines": [127], "excluded_lines": [], "start_line": 126}, "get_coding_standards": {"executed_lines": [], "summary": {"covered_lines": 0, "num_statements": 1, "percent_covered": 0.0, "percent_covered_display": "0", "missing_lines": 1, "excluded_lines": 0, "percent_statements_covered": 0.0, "percent_statements_covered_display": "0"}, "missing_lines": [135], "excluded_lines": [], "start_line": 134}, "get_service_drawio_config": {"executed_lines": [], "summary": {"covered_lines": 0, "num_statements": 5, "percent_covered": 0.0, "percent_covered_display": "0", "missing_lines": 5, "excluded_lines": 0, "percent_statements_covered": 0.0, "percent_statements_covered_display": "0"}, "missing_lines": [139, 140, 141, 142, 143], "excluded_lines": [], "start_line": 138}, "inject_admin_docs": {"executed_lines": [], "summary": {"covered_lines": 0, "num_statements": 27, "percent_covered": 0.0, "percent_covered_display": "0", "missing_lines": 27, "excluded_lines": 0, "percent_statements_covered": 0.0, "percent_statements_covered_display": "0"}, "missing_lines": [149, 150, 151, 152, 153, 154, 155, 157, 158, 159, 160, 162, 164, 176, 177, 178, 179, 181, 182, 183, 184, 185, 186, 187, 188, 189, 191], "excluded_lines": [], "start_line": 147}, "_warn_subscription_low": {"executed_lines": [], "summary": {"covered_lines": 0, "num_statements": 38, "percent_covered": 0.0, "percent_covered_display": "0", "missing_lines": 38, "excluded_lines": 0, "percent_statements_covered": 0.0, "percent_statements_covered_display": "0"}, "missing_lines": [208, 211, 212, 214, 215, 218, 219, 220, 222, 223, 225, 226, 227, 230, 231, 233, 236, 237, 238, 239, 240, 242, 243, 244, 245, 251, 252, 253, 254, 255, 256, 261, 267, 269, 271, 272, 273, 274], "excluded_lines": [], "start_line": 205}, "login": {"executed_lines": [], "summary": {"covered_lines": 0, "num_statements": 17, "percent_covered": 0.0, "percent_covered_display": "0", "missing_lines": 17, "excluded_lines": 0, "percent_statements_covered": 0.0, "percent_statements_covered_display": "0"}, "missing_lines": [281, 282, 284, 286, 287, 288, 290, 292, 293, 294, 295, 297, 298, 299, 300, 302, 304], "excluded_lines": [], "start_line": 279}, "index": {"executed_lines": [], "summary": {"covered_lines": 0, "num_statements": 21, "percent_covered": 0.0, "percent_covered_display": "0", "missing_lines": 21, "excluded_lines": 0, "percent_statements_covered": 0.0, "percent_statements_covered_display": "0"}, "missing_lines": [310, 311, 312, 313, 314, 315, 316, 317, 318, 322, 323, 324, 325, 326, 335, 343, 349, 357, 363, 370, 372], "excluded_lines": [], "start_line": 309}, "apply": {"executed_lines": [], "summary": {"covered_lines": 0, "num_statements": 19, "percent_covered": 0.0, "percent_covered_display": "0", "missing_lines": 19, "excluded_lines": 0, "percent_statements_covered": 0.0, "percent_statements_covered_display": "0"}, "missing_lines": [392, 393, 394, 395, 396, 397, 399, 400, 401, 403, 404, 405, 406, 407, 414, 415, 416, 418, 419], "excluded_lines": [], "start_line": 390}, "approve": {"executed_lines": [], "summary": {"covered_lines": 0, "num_statements": 19, "percent_covered": 0.0, "percent_covered_display": "0", "missing_lines": 19, "excluded_lines": 0, "percent_statements_covered": 0.0, "percent_statements_covered_display": "0"}, "missing_lines": [427, 428, 429, 430, 431, 432, 433, 434, 436, 437, 438, 439, 440, 448, 449, 450, 451, 453, 455], "excluded_lines": [], "start_line": 425}, "payment": {"executed_lines": [], "summary": {"covered_lines": 0, "num_statements": 5, "percent_covered": 0.0, "percent_covered_display": "0", "missing_lines": 5, "excluded_lines": 0, "percent_statements_covered": 0.0, "percent_statements_covered_display": "0"}, "missing_lines": [461, 462, 463, 464, 465], "excluded_lines": [], "start_line": 460}, "create_checkout_session": {"executed_lines": [], "summary": {"covered_lines": 0, "num_statements": 3, "percent_covered": 0.0, "percent_covered_display": "0", "missing_lines": 3, "excluded_lines": 0, "percent_statements_covered": 0.0, "percent_statements_covered_display": "0"}, "missing_lines": [471, 472, 491], "excluded_lines": [], "start_line": 470}, "payment_success": {"executed_lines": [], "summary": {"covered_lines": 0, "num_statements": 2, "percent_covered": 0.0, "percent_covered_display": "0", "missing_lines": 2, "excluded_lines": 0, "percent_statements_covered": 0.0, "percent_statements_covered_display": "0"}, "missing_lines": [497, 498], "excluded_lines": [], "start_line": 496}, "payment_cancel": {"executed_lines": [], "summary": {"covered_lines": 0, "num_statements": 2, "percent_covered": 0.0, "percent_covered_display": "0", "missing_lines": 2, "excluded_lines": 0, "percent_statements_covered": 0.0, "percent_statements_covered_display": "0"}, "missing_lines": [504, 505], "excluded_lines": [], "start_line": 503}, "_send_suspend_request_mail": {"executed_lines": [], "summary": {"covered_lines": 0, "num_statements": 8, "percent_covered": 0.0, "percent_covered_display": "0", "missing_lines": 8, "excluded_lines": 0, "percent_statements_covered": 0.0, "percent_statements_covered_display": "0"}, "missing_lines": [510, 511, 512, 519, 526, 527, 528, 529], "excluded_lines": [], "start_line": 508}, "ban": {"executed_lines": [], "summary": {"covered_lines": 0, "num_statements": 33, "percent_covered": 0.0, "percent_covered_display": "0", "missing_lines": 33, "excluded_lines": 0, "percent_statements_covered": 0.0, "percent_statements_covered_display": "0"}, "missing_lines": [536, 537, 538, 539, 540, 542, 544, 546, 547, 548, 549, 550, 551, 552, 554, 556, 558, 559, 560, 561, 562, 563, 564, 567, 568, 569, 570, 571, 572, 573, 574, 575, 577], "excluded_lines": [], "start_line": 534}, "ban_approve": {"executed_lines": [], "summary": {"covered_lines": 0, "num_statements": 14, "percent_covered": 0.0, "percent_covered_display": "0", "missing_lines": 14, "excluded_lines": 0, "percent_statements_covered": 0.0, "percent_statements_covered_display": "0"}, "missing_lines": [584, 585, 586, 587, 588, 589, 590, 591, 592, 593, 594, 595, 596, 597], "excluded_lines": [], "start_line": 582}, "category": {"executed_lines": [], "summary": {"covered_lines": 0, "num_statements": 14, "percent_covered": 0.0, "percent_covered_display": "0", "missing_lines": 14, "excluded_lines": 0, "percent_statements_covered": 0.0, "percent_statements_covered_display": "0"}, "missing_lines": [603, 604, 605, 606, 607, 608, 609, 611, 612, 613, 614, 615, 616, 617], "excluded_lines": [], "start_line": 602}, "category_delete": {"executed_lines": [], "summary": {"covered_lines": 0, "num_statements": 9, "percent_covered": 0.0, "percent_covered_display": "0", "missing_lines": 9, "excluded_lines": 0, "percent_statements_covered": 0.0, "percent_statements_covered_display": "0"}, "missing_lines": [623, 624, 625, 626, 627, 628, 629, 630, 631], "excluded_lines": [], "start_line": 622}, "category_ai_suggest": {"executed_lines": [], "summary": {"covered_lines": 0, "num_statements": 35, "percent_covered": 0.0, "percent_covered_display": "0", "missing_lines": 35, "excluded_lines": 0, "percent_statements_covered": 0.0, "percent_statements_covered_display": "0"}, "missing_lines": [638, 640, 641, 643, 644, 645, 647, 648, 649, 651, 652, 653, 655, 656, 657, 658, 660, 662, 663, 665, 677, 683, 684, 685, 686, 688, 689, 690, 691, 692, 694, 695, 697, 698, 699], "excluded_lines": [], "start_line": 636}, "user_thumb": {"executed_lines": [], "summary": {"covered_lines": 0, "num_statements": 19, "percent_covered": 0.0, "percent_covered_display": "0", "missing_lines": 19, "excluded_lines": 0, "percent_statements_covered": 0.0, "percent_statements_covered_display": "0"}, "missing_lines": [705, 706, 709, 710, 711, 717, 718, 719, 720, 721, 722, 723, 724, 725, 726, 727, 728, 730, 734], "excluded_lines": [], "start_line": 704}, "user_thumb_upload": {"executed_lines": [], "summary": {"covered_lines": 0, "num_statements": 21, "percent_covered": 0.0, "percent_covered_display": "0", "missing_lines": 21, "excluded_lines": 0, "percent_statements_covered": 0.0, "percent_statements_covered_display": "0"}, "missing_lines": [741, 742, 744, 745, 746, 749, 750, 751, 752, 756, 757, 760, 761, 764, 765, 766, 767, 768, 770, 771, 773], "excluded_lines": [], "start_line": 739}, "thumbnail_visibility_update": {"executed_lines": [], "summary": {"covered_lines": 0, "num_statements": 26, "percent_covered": 0.0, "percent_covered_display": "0", "missing_lines": 26, "excluded_lines": 0, "percent_statements_covered": 0.0, "percent_statements_covered_display": "0"}, "missing_lines": [780, 781, 782, 783, 786, 787, 788, 789, 791, 793, 794, 795, 796, 797, 798, 799, 800, 803, 804, 805, 806, 808, 810, 811, 813, 814], "excluded_lines": [], "start_line": 778}, "user_thumb_ai_generate": {"executed_lines": [], "summary": {"covered_lines": 0, "num_statements": 28, "percent_covered": 0.0, "percent_covered_display": "0", "missing_lines": 28, "excluded_lines": 0, "percent_statements_covered": 0.0, "percent_statements_covered_display": "0"}, "missing_lines": [821, 822, 824, 825, 827, 828, 829, 831, 832, 834, 835, 836, 839, 840, 841, 845, 846, 847, 848, 851, 852, 855, 856, 857, 858, 860, 862, 863], "excluded_lines": [], "start_line": 819}, "analyze": {"executed_lines": [], "summary": {"covered_lines": 0, "num_statements": 24, "percent_covered": 0.0, "percent_covered_display": "0", "missing_lines": 24, "excluded_lines": 0, "percent_statements_covered": 0.0, "percent_statements_covered_display": "0"}, "missing_lines": [875, 876, 878, 879, 881, 882, 883, 885, 886, 887, 889, 891, 892, 894, 895, 900, 901, 903, 909, 911, 912, 920, 921, 922], "excluded_lines": [], "start_line": 873}, "marketing": {"executed_lines": [], "summary": {"covered_lines": 0, "num_statements": 7, "percent_covered": 0.0, "percent_covered_display": "0", "missing_lines": 7, "excluded_lines": 0, "percent_statements_covered": 0.0, "percent_statements_covered_display": "0"}, "missing_lines": [929, 931, 932, 934, 935, 936, 937], "excluded_lines": [], "start_line": 927}, "translate": {"executed_lines": [], "summary": {"covered_lines": 0, "num_statements": 20, "percent_covered": 0.0, "percent_covered_display": "0", "missing_lines": 20, "excluded_lines": 0, "percent_statements_covered": 0.0, "percent_statements_covered_display": "0"}, "missing_lines": [944, 945, 947, 948, 950, 951, 952, 954, 957, 958, 960, 961, 962, 965, 966, 967, 968, 969, 971, 972], "excluded_lines": [], "start_line": 942}, "fixed": {"executed_lines": [], "summary": {"covered_lines": 0, "num_statements": 5, "percent_covered": 0.0, "percent_covered_display": "0", "missing_lines": 5, "excluded_lines": 0, "percent_statements_covered": 0.0, "percent_statements_covered_display": "0"}, "missing_lines": [984, 985, 986, 987, 993], "excluded_lines": [], "start_line": 982}, "fixed_toggle": {"executed_lines": [], "summary": {"covered_lines": 0, "num_statements": 10, "percent_covered": 0.0, "percent_covered_display": "0", "missing_lines": 10, "excluded_lines": 0, "percent_statements_covered": 0.0, "percent_statements_covered_display": "0"}, "missing_lines": [1000, 1001, 1002, 1003, 1004, 1005, 1006, 1007, 1008, 1009], "excluded_lines": [], "start_line": 998}, "fixed_toggle_en": {"executed_lines": [], "summary": {"covered_lines": 0, "num_statements": 10, "percent_covered": 0.0, "percent_covered_display": "0", "missing_lines": 10, "excluded_lines": 0, "percent_statements_covered": 0.0, "percent_statements_covered_display": "0"}, "missing_lines": [1016, 1017, 1018, 1019, 1020, 1021, 1022, 1023, 1024, 1025], "excluded_lines": [], "start_line": 1014}, "fixed_toggle_nav_type": {"executed_lines": [], "summary": {"covered_lines": 0, "num_statements": 10, "percent_covered": 0.0, "percent_covered_display": "0", "missing_lines": 10, "excluded_lines": 0, "percent_statements_covered": 0.0, "percent_statements_covered_display": "0"}, "missing_lines": [1032, 1033, 1034, 1035, 1036, 1037, 1038, 1039, 1040, 1041], "excluded_lines": [], "start_line": 1030}, "fixed_delete": {"executed_lines": [], "summary": {"covered_lines": 0, "num_statements": 10, "percent_covered": 0.0, "percent_covered_display": "0", "missing_lines": 10, "excluded_lines": 0, "percent_statements_covered": 0.0, "percent_statements_covered_display": "0"}, "missing_lines": [1048, 1049, 1050, 1051, 1052, 1053, 1054, 1055, 1056, 1057], "excluded_lines": [], "start_line": 1046}, "fixed_edit": {"executed_lines": [], "summary": {"covered_lines": 0, "num_statements": 16, "percent_covered": 0.0, "percent_covered_display": "0", "missing_lines": 16, "excluded_lines": 0, "percent_statements_covered": 0.0, "percent_statements_covered_display": "0"}, "missing_lines": [1064, 1065, 1066, 1067, 1068, 1069, 1070, 1071, 1072, 1073, 1074, 1075, 1076, 1077, 1078, 1079], "excluded_lines": [], "start_line": 1062}, "fixed_reorder": {"executed_lines": [], "summary": {"covered_lines": 0, "num_statements": 11, "percent_covered": 0.0, "percent_covered_display": "0", "missing_lines": 11, "excluded_lines": 0, "percent_statements_covered": 0.0, "percent_statements_covered_display": "0"}, "missing_lines": [1086, 1087, 1088, 1089, 1090, 1091, 1092, 1093, 1094, 1095, 1096], "excluded_lines": [], "start_line": 1084}, "fixed_generate": {"executed_lines": [], "summary": {"covered_lines": 0, "num_statements": 21, "percent_covered": 0.0, "percent_covered_display": "0", "missing_lines": 21, "excluded_lines": 0, "percent_statements_covered": 0.0, "percent_statements_covered_display": "0"}, "missing_lines": [1103, 1104, 1106, 1107, 1109, 1110, 1111, 1113, 1114, 1115, 1116, 1118, 1119, 1120, 1121, 1124, 1125, 1131, 1132, 1134, 1135], "excluded_lines": [], "start_line": 1101}, "fixed_random_image": {"executed_lines": [], "summary": {"covered_lines": 0, "num_statements": 6, "percent_covered": 0.0, "percent_covered_display": "0", "missing_lines": 6, "excluded_lines": 0, "percent_statements_covered": 0.0, "percent_statements_covered_display": "0"}, "missing_lines": [1142, 1143, 1144, 1145, 1151, 1152], "excluded_lines": [], "start_line": 1140}, "fixed_create": {"executed_lines": [], "summary": {"covered_lines": 0, "num_statements": 38, "percent_covered": 0.0, "percent_covered_display": "0", "missing_lines": 38, "excluded_lines": 0, "percent_statements_covered": 0.0, "percent_statements_covered_display": "0"}, "missing_lines": [1159, 1160, 1161, 1162, 1164, 1165, 1166, 1167, 1168, 1169, 1170, 1172, 1173, 1174, 1176, 1177, 1178, 1182, 1191, 1192, 1193, 1202, 1203, 1204, 1205, 1206, 1207, 1208, 1210, 1211, 1219, 1220, 1222, 1223, 1224, 1225, 1226, 1227], "excluded_lines": [], "start_line": 1157}, "logout": {"executed_lines": [], "summary": {"covered_lines": 0, "num_statements": 3, "percent_covered": 0.0, "percent_covered_display": "0", "missing_lines": 3, "excluded_lines": 0, "percent_statements_covered": 0.0, "percent_statements_covered_display": "0"}, "missing_lines": [1233, 1234, 1235], "excluded_lines": [], "start_line": 1232}, "mail_apply": {"executed_lines": [], "summary": {"covered_lines": 0, "num_statements": 2, "percent_covered": 0.0, "percent_covered_display": "0", "missing_lines": 2, "excluded_lines": 0, "percent_statements_covered": 0.0, "percent_statements_covered_display": "0"}, "missing_lines": [1243, 1245], "excluded_lines": [], "start_line": 1241}, "mail_approve": {"executed_lines": [], "summary": {"covered_lines": 0, "num_statements": 2, "percent_covered": 0.0, "percent_covered_display": "0", "missing_lines": 2, "excluded_lines": 0, "percent_statements_covered": 0.0, "percent_statements_covered_display": "0"}, "missing_lines": [1257, 1259], "excluded_lines": [], "start_line": 1255}, "_get_ast_coverage_items": {"executed_lines": [], "summary": {"covered_lines": 0, "num_statements": 28, "percent_covered": 0.0, "percent_covered_display": "0", "missing_lines": 28, "excluded_lines": 0, "percent_statements_covered": 0.0, "percent_statements_covered_display": "0"}, "missing_lines": [1272, 1273, 1274, 1275, 1276, 1277, 1279, 1281, 1289, 1290, 1291, 1292, 1293, 1294, 1295, 1296, 1297, 1298, 1299, 1300, 1301, 1302, 1303, 1304, 1305, 1306, 1307, 1313], "excluded_lines": [], "start_line": 1270}, "_get_ast_coverage_items._calc": {"executed_lines": [], "summary": {"covered_lines": 0, "num_statements": 6, "percent_covered": 0.0, "percent_covered_display": "0", "missing_lines": 6, "excluded_lines": 0, "percent_statements_covered": 0.0, "percent_statements_covered_display": "0"}, "missing_lines": [1282, 1283, 1284, 1285, 1286, 1287], "excluded_lines": [], "start_line": 1281}, "_parse_coverage_json": {"executed_lines": [], "summary": {"covered_lines": 0, "num_statements": 30, "percent_covered": 0.0, "percent_covered_display": "0", "missing_lines": 30, "excluded_lines": 0, "percent_statements_covered": 0.0, "percent_statements_covered_display": "0"}, "missing_lines": [1318, 1319, 1320, 1321, 1322, 1323, 1326, 1327, 1329, 1330, 1331, 1332, 1333, 1334, 1335, 1336, 1337, 1338, 1339, 1340, 1341, 1349, 1350, 1351, 1352, 1353, 1354, 1356, 1357, 1359], "excluded_lines": [], "start_line": 1316}, "coverage": {"executed_lines": [], "summary": {"covered_lines": 0, "num_statements": 3, "percent_covered": 0.0, "percent_covered_display": "0", "missing_lines": 3, "excluded_lines": 0, "percent_statements_covered": 0.0, "percent_statements_covered_display": "0"}, "missing_lines": [1374, 1375, 1376], "excluded_lines": [], "start_line": 1373}, "coverage_run": {"executed_lines": [], "summary": {"covered_lines": 0, "num_statements": 15, "percent_covered": 0.0, "percent_covered_display": "0", "missing_lines": 15, "excluded_lines": 0, "percent_statements_covered": 0.0, "percent_statements_covered_display": "0"}, "missing_lines": [1383, 1384, 1385, 1386, 1387, 1394, 1395, 1396, 1397, 1398, 1399, 1404, 1405, 1406, 1407], "excluded_lines": [], "start_line": 1381}, "_parse_log_line": {"executed_lines": [], "summary": {"covered_lines": 0, "num_statements": 5, "percent_covered": 0.0, "percent_covered_display": "0", "missing_lines": 5, "excluded_lines": 0, "percent_statements_covered": 0.0, "percent_statements_covered_display": "0"}, "missing_lines": [1414, 1415, 1416, 1417, 1418], "excluded_lines": [], "start_line": 1412}, "logs": {"executed_lines": [], "summary": {"covered_lines": 0, "num_statements": 10, "percent_covered": 0.0, "percent_covered_display": "0", "missing_lines": 10, "excluded_lines": 0, "percent_statements_covered": 0.0, "percent_statements_covered_display": "0"}, "missing_lines": [1429, 1430, 1431, 1433, 1434, 1437, 1438, 1443, 1453, 1460], "excluded_lines": [], "start_line": 1428}, "logs._to_jst": {"executed_lines": [], "summary": {"covered_lines": 0, "num_statements": 3, "percent_covered": 0.0, "percent_covered_display": "0", "missing_lines": 3, "excluded_lines": 0, "percent_statements_covered": 0.0, "percent_statements_covered_display": "0"}, "missing_lines": [1439, 1440, 1441], "excluded_lines": [], "start_line": 1438}, "": {"executed_lines": [1, 2, 3, 4, 5, 6, 7, 8, 9, 10, 11, 12, 13, 14, 15, 16, 18, 21, 48, 68, 73, 80, 88, 101, 102, 126, 134, 138, 146, 147, 204, 205, 277, 278, 279, 307, 308, 309, 388, 389, 390, 423, 424, 425, 458, 459, 460, 468, 469, 470, 494, 495, 496, 501, 502, 503, 508, 532, 533, 534, 580, 581, 582, 600, 601, 602, 620, 621, 622, 634, 635, 636, 702, 703, 704, 737, 738, 739, 776, 777, 778, 817, 818, 819, 871, 872, 873, 925, 926, 927, 940, 941, 942, 980, 981, 982, 996, 997, 998, 1012, 1013, 1014, 1028, 1029, 1030, 1044, 1045, 1046, 1060, 1061, 1062, 1082, 1083, 1084, 1099, 1100, 1101, 1138, 1139, 1140, 1155, 1156, 1157, 1230, 1231, 1232, 1239, 1240, 1241, 1253, 1254, 1255, 1270, 1316, 1371, 1372, 1373, 1379, 1380, 1381, 1412, 1426, 1427, 1428], "summary": {"covered_lines": 144, "num_statements": 144, "percent_covered": 100.0, "percent_covered_display": "100", "missing_lines": 0, "excluded_lines": 0, "percent_statements_covered": 100.0, "percent_statements_covered_display": "100"}, "missing_lines": [], "excluded_lines": [], "start_line": 1}}, "classes": {"": {"executed_lines": [1, 2, 3, 4, 5, 6, 7, 8, 9, 10, 11, 12, 13, 14, 15, 16, 18, 21, 48, 68, 73, 80, 88, 90, 91, 92, 98, 101, 102, 126, 134, 138, 146, 147, 204, 205, 277, 278, 279, 307, 308, 309, 388, 389, 390, 423, 424, 425, 458, 459, 460, 468, 469, 470, 494, 495, 496, 501, 502, 503, 508, 532, 533, 534, 580, 581, 582, 600, 601, 602, 620, 621, 622, 634, 635, 636, 702, 703, 704, 737, 738, 739, 776, 777, 778, 817, 818, 819, 871, 872, 873, 925, 926, 927, 940, 941, 942, 980, 981, 982, 996, 997, 998, 1012, 1013, 1014, 1028, 1029, 1030, 1044, 1045, 1046, 1060, 1061, 1062, 1082, 1083, 1084, 1099, 1100, 1101, 1138, 1139, 1140, 1155, 1156, 1157, 1230, 1231, 1232, 1239, 1240, 1241, 1253, 1254, 1255, 1270, 1316, 1371, 1372, 1373, 1379, 1380, 1381, 1412, 1426, 1427, 1428], "summary": {"covered_lines": 148, "num_statements": 866, "percent_covered": 17.090069284064665, "percent_covered_display": "17", "missing_lines": 718, "excluded_lines": 0, "percent_statements_covered": 17.090069284064665, "percent_statements_covered_display": "17"}, "missing_lines": [23, 28, 29, 30, 31, 32, 33, 34, 35, 36, 37, 38, 39, 40, 41, 42, 44, 45, 53, 54, 55, 56, 57, 58, 59, 60, 61, 62, 63, 64, 65, 70, 75, 76, 77, 82, 83, 84, 85, 93, 94, 95, 96, 97, 111, 112, 113, 114, 116, 117, 118, 119, 120, 121, 122, 123, 127, 135, 139, 140, 141, 142, 143, 149, 150, 151, 152, 153, 154, 155, 157, 158, 159, 160, 162, 164, 176, 177, 178, 179, 181, 182, 183, 184, 185, 186, 187, 188, 189, 191, 208, 211, 212, 214, 215, 218, 219, 220, 222, 223, 225, 226, 227, 230, 231, 233, 236, 237, 238, 239, 240, 242, 243, 244, 245, 251, 252, 253, 254, 255, 256, 261, 267, 269, 271, 272, 273, 274, 281, 282, 284, 286, 287, 288, 290, 292, 293, 294, 295, 297, 298, 299, 300, 302, 304, 310, 311, 312, 313, 314, 315, 316, 317, 318, 322, 323, 324, 325, 326, 335, 343, 349, 357, 363, 370, 372, 392, 393, 394, 395, 396, 397, 399, 400, 401, 403, 404, 405, 406, 407, 414, 415, 416, 418, 419, 427, 428, 429, 430, 431, 432, 433, 434, 436, 437, 438, 439, 440, 448, 449, 450, 451, 453, 455, 461, 462, 463, 464, 465, 471, 472, 491, 497, 498, 504, 505, 510, 511, 512, 519, 526, 527, 528, 529, 536, 537, 538, 539, 540, 542, 544, 546, 547, 548, 549, 550, 551, 552, 554, 556, 558, 559, 560, 561, 562, 563, 564, 567, 568, 569, 570, 571, 572, 573, 574, 575, 577, 584, 585, 586, 587, 588, 589, 590, 591, 592, 593, 594, 595, 596, 597, 603, 604, 605, 606, 607, 608, 609, 611, 612, 613, 614, 615, 616, 617, 623, 624, 625, 626, 627, 628, 629, 630, 631, 638, 640, 641, 643, 644, 645, 647, 648, 649, 651, 652, 653, 655, 656, 657, 658, 660, 662, 663, 665, 677, 683, 684, 685, 686, 688, 689, 690, 691, 692, 694, 695, 697, 698, 699, 705, 706, 709, 710, 711, 717, 718, 719, 720, 721, 722, 723, 724, 725, 726, 727, 728, 730, 734, 741, 742, 744, 745, 746, 749, 750, 751, 752, 756, 757, 760, 761, 764, 765, 766, 767, 768, 770, 771, 773, 780, 781, 782, 783, 786, 787, 788, 789, 791, 793, 794, 795, 796, 797, 798, 799, 800, 803, 804, 805, 806, 808, 810, 811, 813, 814, 821, 822, 824, 825, 827, 828, 829, 831, 832, 834, 835, 836, 839, 840, 841, 845, 846, 847, 848, 851, 852, 855, 856, 857, 858, 860, 862, 863, 875, 876, 878, 879, 881, 882, 883, 885, 886, 887, 889, 891, 892, 894, 895, 900, 901, 903, 909, 911, 912, 920, 921, 922, 929, 931, 932, 934, 935, 936, 937, 944, 945, 947, 948, 950, 951, 952, 954, 957, 958, 960, 961, 962, 965, 966, 967, 968, 969, 971, 972, 984, 985, 986, 987, 993, 1000, 1001, 1002, 1003, 1004, 1005, 1006, 1007, 1008, 1009, 1016, 1017, 1018, 1019, 1020, 1021, 1022, 1023, 1024, 1025, 1032, 1033, 1034, 1035, 1036, 1037, 1038, 1039, 1040, 1041, 1048, 1049, 1050, 1051, 1052, 1053, 1054, 1055, 1056, 1057, 1064, 1065, 1066, 1067, 1068, 1069, 1070, 1071, 1072, 1073, 1074, 1075, 1076, 1077, 1078, 1079, 1086, 1087, 1088, 1089, 1090, 1091, 1092, 1093, 1094, 1095, 1096, 1103, 1104, 1106, 1107, 1109, 1110, 1111, 1113, 1114, 1115, 1116, 1118, 1119, 1120, 1121, 1124, 1125, 1131, 1132, 1134, 1135, 1142, 1143, 1144, 1145, 1151, 1152, 1159, 1160, 1161, 1162, 1164, 1165, 1166, 1167, 1168, 1169, 1170, 1172, 1173, 1174, 1176, 1177, 1178, 1182, 1191, 1192, 1193, 1202, 1203, 1204, 1205, 1206, 1207, 1208, 1210, 1211, 1219, 1220, 1222, 1223, 1224, 1225, 1226, 1227, 1233, 1234, 1235, 1243, 1245, 1257, 1259, 1272, 1273, 1274, 1275, 1276, 1277, 1279, 1281, 1282, 1283, 1284, 1285, 1286, 1287, 1289, 1290, 1291, 1292, 1293, 1294, 1295, 1296, 1297, 1298, 1299, 1300, 1301, 1302, 1303, 1304, 1305, 1306, 1307, 1313, 1318, 1319, 1320, 1321, 1322, 1323, 1326, 1327, 1329, 1330, 1331, 1332, 1333, 1334, 1335, 1336, 1337, 1338, 1339, 1340, 1341, 1349, 1350, 1351, 1352, 1353, 1354, 1356, 1357, 1359, 1374, 1375, 1376, 1383, 1384, 1385, 1386, 1387, 1394, 1395, 1396, 1397, 1398, 1399, 1404, 1405, 1406, 1407, 1414, 1415, 1416, 1417, 1418, 1429, 1430, 1431, 1433, 1434, 1437, 1438, 1439, 1440, 1441, 1443, 1453, 1460], "excluded_lines": [], "start_line": 1}}}, "admin\\webhook.py": {"executed_lines": [1, 2, 3, 4, 5, 6, 7, 8, 10, 13, 19, 51, 52, 74, 75], "summary": {"covered_lines": 15, "num_statements": 83, "percent_covered": 18.072289156626507, "percent_covered_display": "18", "missing_lines": 68, "excluded_lines": 0, "percent_statements_covered": 18.072289156626507, "percent_statements_covered_display": "18"}, "missing_lines": [15, 16, 21, 22, 23, 24, 25, 26, 27, 40, 47, 54, 55, 57, 58, 59, 61, 62, 64, 65, 66, 67, 68, 69, 70, 71, 76, 77, 78, 80, 82, 83, 86, 87, 88, 90, 92, 93, 94, 95, 97, 98, 99, 101, 102, 103, 104, 106, 107, 108, 109, 110, 111, 113, 114, 116, 119, 120, 121, 122, 125, 126, 127, 128, 129, 131, 133, 135], "excluded_lines": [], "functions": {"generate_token_password": {"executed_lines": [], "summary": {"covered_lines": 0, "num_statements": 2, "percent_covered": 0.0, "percent_covered_display": "0", "missing_lines": 2, "excluded_lines": 0, "percent_statements_covered": 0.0, "percent_statements_covered_display": "0"}, "missing_lines": [15, 16], "excluded_lines": [], "start_line": 13}, "send_admin_token_mail": {"executed_lines": [], "summary": {"covered_lines": 0, "num_statements": 9, "percent_covered": 0.0, "percent_covered_display": "0", "missing_lines": 9, "excluded_lines": 0, "percent_statements_covered": 0.0, "percent_statements_covered_display": "0"}, "missing_lines": [21, 22, 23, 24, 25, 26, 27, 40, 47], "excluded_lines": [], "start_line": 19}, "test_token": {"executed_lines": [], "summary": {"covered_lines": 0, "num_statements": 15, "percent_covered": 0.0, "percent_covered_display": "0", "missing_lines": 15, "excluded_lines": 0, "percent_statements_covered": 0.0, "percent_statements_covered_display": "0"}, "missing_lines": [54, 55, 57, 58, 59, 61, 62, 64, 65, 66, 67, 68, 69, 70, 71], "excluded_lines": [], "start_line": 52}, "stripe_webhook": {"executed_lines": [], "summary": {"covered_lines": 0, "num_statements": 42, "percent_covered": 0.0, "percent_covered_display": "0", "missing_lines": 42, "excluded_lines": 0, "percent_statements_covered": 0.0, "percent_statements_covered_display": "0"}, "missing_lines": [76, 77, 78, 80, 82, 83, 86, 87, 88, 90, 92, 93, 94, 95, 97, 98, 99, 101, 102, 103, 104, 106, 107, 108, 109, 110, 111, 113, 114, 116, 119, 120, 121, 122, 125, 126, 127, 128, 129, 131, 133, 135], "excluded_lines": [], "start_line": 75}, "": {"executed_lines": [1, 2, 3, 4, 5, 6, 7, 8, 10, 13, 19, 51, 52, 74, 75], "summary": {"covered_lines": 15, "num_statements": 15, "percent_covered": 100.0, "percent_covered_display": "100", "missing_lines": 0, "excluded_lines": 0, "percent_statements_covered": 100.0, "percent_statements_covered_display": "100"}, "missing_lines": [], "excluded_lines": [], "start_line": 1}}, "classes": {"": {"executed_lines": [1, 2, 3, 4, 5, 6, 7, 8, 10, 13, 19, 51, 52, 74, 75], "summary": {"covered_lines": 15, "num_statements": 83, "percent_covered": 18.072289156626507, "percent_covered_display": "18", "missing_lines": 68, "excluded_lines": 0, "percent_statements_covered": 18.072289156626507, "percent_statements_covered_display": "18"}, "missing_lines": [15, 16, 21, 22, 23, 24, 25, 26, 27, 40, 47, 54, 55, 57, 58, 59, 61, 62, 64, 65, 66, 67, 68, 69, 70, 71, 76, 77, 78, 80, 82, 83, 86, 87, 88, 90, 92, 93, 94, 95, 97, 98, 99, 101, 102, 103, 104, 106, 107, 108, 109, 110, 111, 113, 114, 116, 119, 120, 121, 122, 125, 126, 127, 128, 129, 131, 133, 135], "excluded_lines": [], "start_line": 1}}}, "app.py": {"executed_lines": [1, 2, 3, 4, 5, 6, 7, 8, 9, 10, 11, 13, 14, 15, 16, 17, 18, 19, 20, 22, 23, 24, 28, 29, 30, 31, 32, 33, 36, 38, 39, 41, 42, 44, 45, 47, 48, 49, 50, 52, 53, 54, 55, 57, 59, 60, 66, 67, 70, 71, 72, 73, 74, 75, 76, 77, 79, 104, 105, 106, 107, 108, 109, 110, 111, 118, 121, 122, 125, 127, 138, 139, 144, 145, 149, 150, 152, 153, 161, 165, 168, 169, 204], "summary": {"covered_lines": 83, "num_statements": 124, "percent_covered": 66.93548387096774, "percent_covered_display": "67", "missing_lines": 41, "excluded_lines": 0, "percent_statements_covered": 66.93548387096774, "percent_statements_covered_display": "67"}, "missing_lines": [61, 64, 68, 112, 113, 114, 115, 123, 141, 142, 146, 155, 156, 157, 159, 171, 172, 173, 175, 176, 179, 180, 181, 183, 184, 185, 186, 187, 188, 189, 190, 191, 192, 193, 194, 195, 197, 198, 199, 201, 205], "excluded_lines": [], "functions": {"set_sqlite_pragma": {"executed_lines": [30, 31, 32, 33], "summary": {"covered_lines": 4, "num_statements": 4, "percent_covered": 100.0, "percent_covered_display": "100", "missing_lines": 0, "excluded_lines": 0, "percent_statements_covered": 100.0, "percent_statements_covered_display": "100"}, "missing_lines": [], "excluded_lines": [], "start_line": 29}, "create_app": {"executed_lines": [38, 39, 41, 42, 44, 45, 47, 48, 49, 50, 52, 53, 54, 55, 57, 59, 60, 66, 67, 70, 71, 72, 73, 74, 75, 76, 77, 79, 104, 105, 138, 139, 144, 145, 149, 150, 152, 153, 161], "summary": {"covered_lines": 39, "num_statements": 39, "percent_covered": 100.0, "percent_covered_display": "100", "missing_lines": 0, "excluded_lines": 0, "percent_statements_covered": 100.0, "percent_statements_covered_display": "100"}, "missing_lines": [], "excluded_lines": [], "start_line": 36}, "create_app.show_500_page": {"executed_lines": [], "summary": {"covered_lines": 0, "num_statements": 2, "percent_covered": 0.0, "percent_covered_display": "0", "missing_lines": 2, "excluded_lines": 0, "percent_statements_covered": 0.0, "percent_statements_covered_display": "0"}, "missing_lines": [61, 64], "excluded_lines": [], "start_line": 60}, "create_app.favicon": {"executed_lines": [], "summary": {"covered_lines": 0, "num_statements": 1, "percent_covered": 0.0, "percent_covered_display": "0", "missing_lines": 1, "excluded_lines": 0, "percent_statements_covered": 0.0, "percent_statements_covered_display": "0"}, "missing_lines": [68], "excluded_lines": [], "start_line": 67}, "create_app.inject_global_context": {"executed_lines": [106, 107, 108, 109, 110, 111, 118, 121, 122, 125, 127], "summary": {"covered_lines": 11, "num_statements": 16, "percent_covered": 68.75, "percent_covered_display": "69", "missing_lines": 5, "excluded_lines": 0, "percent_statements_covered": 68.75, "percent_statements_covered_display": "69"}, "missing_lines": [112, 113, 114, 115, 123], "excluded_lines": [], "start_line": 105}, "create_app.fixed_static_page_en": {"executed_lines": [], "summary": {"covered_lines": 0, "num_statements": 2, "percent_covered": 0.0, "percent_covered_display": "0", "missing_lines": 2, "excluded_lines": 0, "percent_statements_covered": 0.0, "percent_statements_covered_display": "0"}, "missing_lines": [141, 142], "excluded_lines": [], "start_line": 139}, "create_app.load_user": {"executed_lines": [], "summary": {"covered_lines": 0, "num_statements": 1, "percent_covered": 0.0, "percent_covered_display": "0", "missing_lines": 1, "excluded_lines": 0, "percent_statements_covered": 0.0, "percent_statements_covered_display": "0"}, "missing_lines": [146], "excluded_lines": [], "start_line": 145}, "create_app.debug_resend_route": {"executed_lines": [], "summary": {"covered_lines": 0, "num_statements": 4, "percent_covered": 0.0, "percent_covered_display": "0", "missing_lines": 4, "excluded_lines": 0, "percent_statements_covered": 0.0, "percent_statements_covered_display": "0"}, "missing_lines": [155, 156, 157, 159], "excluded_lines": [], "start_line": 153}, "translate_memos_command": {"executed_lines": [], "summary": {"covered_lines": 0, "num_statements": 25, "percent_covered": 0.0, "percent_covered_display": "0", "missing_lines": 25, "excluded_lines": 0, "percent_statements_covered": 0.0, "percent_statements_covered_display": "0"}, "missing_lines": [171, 172, 173, 175, 176, 179, 180, 181, 183, 184, 185, 186, 187, 188, 189, 190, 191, 192, 193, 194, 195, 197, 198, 199, 201], "excluded_lines": [], "start_line": 169}, "": {"executed_lines": [1, 2, 3, 4, 5, 6, 7, 8, 9, 10, 11, 13, 14, 15, 16, 17, 18, 19, 20, 22, 23, 24, 28, 29, 36, 165, 168, 169, 204], "summary": {"covered_lines": 29, "num_statements": 30, "percent_covered": 96.66666666666667, "percent_covered_display": "97", "missing_lines": 1, "excluded_lines": 0, "percent_statements_covered": 96.66666666666667, "percent_statements_covered_display": "97"}, "missing_lines": [205], "excluded_lines": [], "start_line": 1}}, "classes": {"": {"executed_lines": [1, 2, 3, 4, 5, 6, 7, 8, 9, 10, 11, 13, 14, 15, 16, 17, 18, 19, 20, 22, 23, 24, 28, 29, 30, 31, 32, 33, 36, 38, 39, 41, 42, 44, 45, 47, 48, 49, 50, 52, 53, 54, 55, 57, 59, 60, 66, 67, 70, 71, 72, 73, 74, 75, 76, 77, 79, 104, 105, 106, 107, 108, 109, 110, 111, 118, 121, 122, 125, 127, 138, 139, 144, 145, 149, 150, 152, 153, 161, 165, 168, 169, 204], "summary": {"covered_lines": 83, "num_statements": 124, "percent_covered": 66.93548387096774, "percent_covered_display": "67", "missing_lines": 41, "excluded_lines": 0, "percent_statements_covered": 66.93548387096774, "percent_statements_covered_display": "67"}, "missing_lines": [61, 64, 68, 112, 113, 114, 115, 123, 141, 142, 146, 155, 156, 157, 159, 171, 172, 173, 175, 176, 179, 180, 181, 183, 184, 185, 186, 187, 188, 189, 190, 191, 192, 193, 194, 195, 197, 198, 199, 201, 205], "excluded_lines": [], "start_line": 1}}}, "auth\\__init__.py": {"executed_lines": [], "summary": {"covered_lines": 0, "num_statements": 0, "percent_covered": 100.0, "percent_covered_display": "100", "missing_lines": 0, "excluded_lines": 0, "percent_statements_covered": 100.0, "percent_statements_covered_display": "100"}, "missing_lines": [], "excluded_lines": [], "functions": {"": {"executed_lines": [], "summary": {"covered_lines": 0, "num_statements": 0, "percent_covered": 100.0, "percent_covered_display": "100", "missing_lines": 0, "excluded_lines": 0, "percent_statements_covered": 100.0, "percent_statements_covered_display": "100"}, "missing_lines": [], "excluded_lines": [], "start_line": 1}}, "classes": {"": {"executed_lines": [], "summary": {"covered_lines": 0, "num_statements": 0, "percent_covered": 100.0, "percent_covered_display": "100", "missing_lines": 0, "excluded_lines": 0, "percent_statements_covered": 100.0, "percent_statements_covered_display": "100"}, "missing_lines": [], "excluded_lines": [], "start_line": 1}}}, "auth\\views.py": {"executed_lines": [1, 2, 3, 4, 5, 6, 7, 8, 9, 10, 11, 14, 17, 18, 20, 23, 26, 28, 31, 33, 34, 37, 42, 47, 48, 49, 54, 55, 78, 79, 80, 82, 83, 84, 87, 88, 89, 123, 124, 125, 134, 135, 149, 150, 154, 155, 162, 163, 197, 200, 201], "summary": {"covered_lines": 51, "num_statements": 126, "percent_covered": 40.476190476190474, "percent_covered_display": "40", "missing_lines": 75, "excluded_lines": 0, "percent_statements_covered": 40.476190476190474, "percent_statements_covered_display": "40"}, "missing_lines": [21, 38, 39, 43, 44, 51, 56, 57, 58, 59, 60, 61, 70, 71, 72, 73, 74, 75, 90, 91, 93, 94, 96, 97, 99, 100, 101, 102, 104, 105, 106, 107, 108, 111, 115, 126, 127, 128, 129, 130, 131, 151, 152, 157, 158, 159, 164, 165, 167, 168, 169, 171, 176, 178, 179, 180, 181, 182, 184, 190, 191, 193, 194, 195, 202, 203, 205, 206, 208, 209, 210, 211, 212, 213, 214], "excluded_lines": [], "functions": {"login": {"executed_lines": [20, 23, 26, 28, 31, 33, 34, 37, 42, 47, 48, 49], "summary": {"covered_lines": 12, "num_statements": 18, "percent_covered": 66.66666666666667, "percent_covered_display": "67", "missing_lines": 6, "excluded_lines": 0, "percent_statements_covered": 66.66666666666667, "percent_statements_covered_display": "67"}, "missing_lines": [21, 38, 39, 43, 44, 51], "excluded_lines": [], "start_line": 18}, "register": {"executed_lines": [], "summary": {"covered_lines": 0, "num_statements": 12, "percent_covered": 0.0, "percent_covered_display": "0", "missing_lines": 12, "excluded_lines": 0, "percent_statements_covered": 0.0, "percent_statements_covered_display": "0"}, "missing_lines": [56, 57, 58, 59, 60, 61, 70, 71, 72, 73, 74, 75], "excluded_lines": [], "start_line": 55}, "logout": {"executed_lines": [82, 83, 84], "summary": {"covered_lines": 3, "num_statements": 3, "percent_covered": 100.0, "percent_covered_display": "100", "missing_lines": 0, "excluded_lines": 0, "percent_statements_covered": 100.0, "percent_statements_covered_display": "100"}, "missing_lines": [], "excluded_lines": [], "start_line": 80}, "edit": {"executed_lines": [], "summary": {"covered_lines": 0, "num_statements": 17, "percent_covered": 0.0, "percent_covered_display": "0", "missing_lines": 17, "excluded_lines": 0, "percent_statements_covered": 0.0, "percent_statements_covered_display": "0"}, "missing_lines": [90, 91, 93, 94, 96, 97, 99, 100, 101, 102, 104, 105, 106, 107, 108, 111, 115], "excluded_lines": [], "start_line": 89}, "delete": {"executed_lines": [], "summary": {"covered_lines": 0, "num_statements": 6, "percent_covered": 0.0, "percent_covered_display": "0", "missing_lines": 6, "excluded_lines": 0, "percent_statements_covered": 0.0, "percent_statements_covered_display": "0"}, "missing_lines": [126, 127, 128, 129, 130, 131], "excluded_lines": [], "start_line": 125}, "oauth_login": {"executed_lines": [], "summary": {"covered_lines": 0, "num_statements": 2, "percent_covered": 0.0, "percent_covered_display": "0", "missing_lines": 2, "excluded_lines": 0, "percent_statements_covered": 0.0, "percent_statements_covered_display": "0"}, "missing_lines": [151, 152], "excluded_lines": [], "start_line": 150}, "auth_callback": {"executed_lines": [], "summary": {"covered_lines": 0, "num_statements": 3, "percent_covered": 0.0, "percent_covered_display": "0", "missing_lines": 3, "excluded_lines": 0, "percent_statements_covered": 0.0, "percent_statements_covered_display": "0"}, "missing_lines": [157, 158, 159], "excluded_lines": [], "start_line": 155}, "auth_google": {"executed_lines": [], "summary": {"covered_lines": 0, "num_statements": 18, "percent_covered": 0.0, "percent_covered_display": "0", "missing_lines": 18, "excluded_lines": 0, "percent_statements_covered": 0.0, "percent_statements_covered_display": "0"}, "missing_lines": [164, 165, 167, 168, 169, 171, 176, 178, 179, 180, 181, 182, 184, 190, 191, 193, 194, 195], "excluded_lines": [], "start_line": 163}, "check_userid": {"executed_lines": [], "summary": {"covered_lines": 0, "num_statements": 11, "percent_covered": 0.0, "percent_covered_display": "0", "missing_lines": 11, "excluded_lines": 0, "percent_statements_covered": 0.0, "percent_statements_covered_display": "0"}, "missing_lines": [202, 203, 205, 206, 208, 209, 210, 211, 212, 213, 214], "excluded_lines": [], "start_line": 201}, "": {"executed_lines": [1, 2, 3, 4, 5, 6, 7, 8, 9, 10, 11, 14, 17, 18, 54, 55, 78, 79, 80, 87, 88, 89, 123, 124, 125, 134, 135, 149, 150, 154, 155, 162, 163, 197, 200, 201], "summary": {"covered_lines": 36, "num_statements": 36, "percent_covered": 100.0, "percent_covered_display": "100", "missing_lines": 0, "excluded_lines": 0, "percent_statements_covered": 100.0, "percent_statements_covered_display": "100"}, "missing_lines": [], "excluded_lines": [], "start_line": 1}}, "classes": {"": {"executed_lines": [1, 2, 3, 4, 5, 6, 7, 8, 9, 10, 11, 14, 17, 18, 20, 23, 26, 28, 31, 33, 34, 37, 42, 47, 48, 49, 54, 55, 78, 79, 80, 82, 83, 84, 87, 88, 89, 123, 124, 125, 134, 135, 149, 150, 154, 155, 162, 163, 197, 200, 201], "summary": {"covered_lines": 51, "num_statements": 126, "percent_covered": 40.476190476190474, "percent_covered_display": "40", "missing_lines": 75, "excluded_lines": 0, "percent_statements_covered": 40.476190476190474, "percent_statements_covered_display": "40"}, "missing_lines": [21, 38, 39, 43, 44, 51, 56, 57, 58, 59, 60, 61, 70, 71, 72, 73, 74, 75, 90, 91, 93, 94, 96, 97, 99, 100, 101, 102, 104, 105, 106, 107, 108, 111, 115, 126, 127, 128, 129, 130, 131, 151, 152, 157, 158, 159, 164, 165, 167, 168, 169, 171, 176, 178, 179, 180, 181, 182, 184, 190, 191, 193, 194, 195, 202, 203, 205, 206, 208, 209, 210, 211, 212, 213, 214], "excluded_lines": [], "start_line": 1}}}, "config.py": {"executed_lines": [1, 2, 4, 6, 8, 11, 14, 17, 20, 26, 32, 37, 40, 43, 48, 49, 52, 53, 54, 55, 56, 59, 62, 65, 66, 69], "summary": {"covered_lines": 26, "num_statements": 26, "percent_covered": 100.0, "percent_covered_display": "100", "missing_lines": 0, "excluded_lines": 0, "percent_statements_covered": 100.0, "percent_statements_covered_display": "100"}, "missing_lines": [], "excluded_lines": [], "functions": {"": {"executed_lines": [1, 2, 4, 6, 8, 11, 14, 17, 20, 26, 32, 37, 40, 43, 48, 49, 52, 53, 54, 55, 56, 59, 62, 65, 66, 69], "summary": {"covered_lines": 26, "num_statements": 26, "percent_covered": 100.0, "percent_covered_display": "100", "missing_lines": 0, "excluded_lines": 0, "percent_statements_covered": 100.0, "percent_statements_covered_display": "100"}, "missing_lines": [], "excluded_lines": [], "start_line": 1}}, "classes": {"Config": {"executed_lines": [], "summary": {"covered_lines": 0, "num_statements": 0, "percent_covered": 100.0, "percent_covered_display": "100", "missing_lines": 0, "excluded_lines": 0, "percent_statements_covered": 100.0, "percent_statements_covered_display": "100"}, "missing_lines": [], "excluded_lines": [], "start_line": 6}, "": {"executed_lines": [1, 2, 4, 6, 8, 11, 14, 17, 20, 26, 32, 37, 40, 43, 48, 49, 52, 53, 54, 55, 56, 59, 62, 65, 66, 69], "summary": {"covered_lines": 26, "num_statements": 26, "percent_covered": 100.0, "percent_covered_display": "100", "missing_lines": 0, "excluded_lines": 0, "percent_statements_covered": 100.0, "percent_statements_covered_display": "100"}, "missing_lines": [], "excluded_lines": [], "start_line": 1}}}, "docs\\__init__.py": {"executed_lines": [], "summary": {"covered_lines": 0, "num_statements": 0, "percent_covered": 100.0, "percent_covered_display": "100", "missing_lines": 0, "excluded_lines": 0, "percent_statements_covered": 100.0, "percent_statements_covered_display": "100"}, "missing_lines": [], "excluded_lines": [], "functions": {"": {"executed_lines": [], "summary": {"covered_lines": 0, "num_statements": 0, "percent_covered": 100.0, "percent_covered_display": "100", "missing_lines": 0, "excluded_lines": 0, "percent_statements_covered": 100.0, "percent_statements_covered_display": "100"}, "missing_lines": [], "excluded_lines": [], "start_line": 1}}, "classes": {"": {"executed_lines": [], "summary": {"covered_lines": 0, "num_statements": 0, "percent_covered": 100.0, "percent_covered_display": "100", "missing_lines": 0, "excluded_lines": 0, "percent_statements_covered": 100.0, "percent_statements_covered_display": "100"}, "missing_lines": [], "excluded_lines": [], "start_line": 1}}}, "docs\\dev_print.py": {"executed_lines": [], "summary": {"covered_lines": 0, "num_statements": 9, "percent_covered": 0.0, "percent_covered_display": "0", "missing_lines": 9, "excluded_lines": 0, "percent_statements_covered": 0.0, "percent_statements_covered_display": "0"}, "missing_lines": [1, 2, 3, 5, 6, 7, 8, 9, 10], "excluded_lines": [], "functions": {"": {"executed_lines": [], "summary": {"covered_lines": 0, "num_statements": 9, "percent_covered": 0.0, "percent_covered_display": "0", "missing_lines": 9, "excluded_lines": 0, "percent_statements_covered": 0.0, "percent_statements_covered_display": "0"}, "missing_lines": [1, 2, 3, 5, 6, 7, 8, 9, 10], "excluded_lines": [], "start_line": 1}}, "classes": {"": {"executed_lines": [], "summary": {"covered_lines": 0, "num_statements": 9, "percent_covered": 0.0, "percent_covered_display": "0", "missing_lines": 9, "excluded_lines": 0, "percent_statements_covered": 0.0, "percent_statements_covered_display": "0"}, "missing_lines": [1, 2, 3, 5, 6, 7, 8, 9, 10], "excluded_lines": [], "start_line": 1}}}, "docs\\views.py": {"executed_lines": [1, 2, 3, 4, 5, 6, 7, 8, 9, 10, 11, 12, 13, 17, 20, 21, 67, 68], "summary": {"covered_lines": 18, "num_statements": 123, "percent_covered": 14.634146341463415, "percent_covered_display": "15", "missing_lines": 105, "excluded_lines": 0, "percent_statements_covered": 14.634146341463415, "percent_statements_covered_display": "15"}, "missing_lines": [14, 15, 22, 23, 25, 26, 27, 29, 31, 33, 34, 35, 37, 38, 40, 42, 44, 51, 52, 53, 55, 56, 57, 58, 59, 60, 61, 64, 70, 71, 72, 77, 78, 80, 81, 83, 92, 93, 94, 95, 96, 97, 99, 100, 101, 102, 103, 104, 105, 106, 107, 108, 110, 111, 113, 123, 124, 125, 126, 127, 128, 130, 131, 136, 137, 138, 139, 140, 141, 143, 144, 149, 151, 152, 153, 155, 156, 157, 158, 159, 161, 162, 163, 164, 172, 173, 174, 175, 180, 182, 183, 190, 192, 193, 194, 195, 196, 198, 199, 200, 202, 203, 204, 205, 208], "excluded_lines": [], "functions": {"diagram": {"executed_lines": [], "summary": {"covered_lines": 0, "num_statements": 26, "percent_covered": 0.0, "percent_covered_display": "0", "missing_lines": 26, "excluded_lines": 0, "percent_statements_covered": 0.0, "percent_statements_covered_display": "0"}, "missing_lines": [22, 23, 25, 26, 27, 29, 31, 33, 34, 35, 37, 38, 40, 42, 44, 51, 52, 53, 55, 56, 57, 58, 59, 60, 61, 64], "excluded_lines": [], "start_line": 21}, "generate_docs": {"executed_lines": [], "summary": {"covered_lines": 0, "num_statements": 77, "percent_covered": 0.0, "percent_covered_display": "0", "missing_lines": 77, "excluded_lines": 0, "percent_statements_covered": 0.0, "percent_statements_covered_display": "0"}, "missing_lines": [70, 71, 72, 77, 78, 80, 81, 83, 92, 93, 94, 95, 96, 97, 99, 100, 101, 102, 103, 104, 105, 106, 107, 108, 110, 111, 113, 123, 124, 125, 126, 127, 128, 130, 131, 136, 137, 138, 139, 140, 141, 143, 144, 149, 151, 152, 153, 155, 156, 157, 158, 159, 161, 162, 163, 164, 172, 173, 174, 175, 180, 182, 183, 190, 192, 193, 194, 195, 196, 198, 199, 200, 202, 203, 204, 205, 208], "excluded_lines": [], "start_line": 68}, "": {"executed_lines": [1, 2, 3, 4, 5, 6, 7, 8, 9, 10, 11, 12, 13, 17, 20, 21, 67, 68], "summary": {"covered_lines": 18, "num_statements": 20, "percent_covered": 90.0, "percent_covered_display": "90", "missing_lines": 2, "excluded_lines": 0, "percent_statements_covered": 90.0, "percent_statements_covered_display": "90"}, "missing_lines": [14, 15], "excluded_lines": [], "start_line": 1}}, "classes": {"": {"executed_lines": [1, 2, 3, 4, 5, 6, 7, 8, 9, 10, 11, 12, 13, 17, 20, 21, 67, 68], "summary": {"covered_lines": 18, "num_statements": 123, "percent_covered": 14.634146341463415, "percent_covered_display": "15", "missing_lines": 105, "excluded_lines": 0, "percent_statements_covered": 14.634146341463415, "percent_statements_covered_display": "15"}, "missing_lines": [14, 15, 22, 23, 25, 26, 27, 29, 31, 33, 34, 35, 37, 38, 40, 42, 44, 51, 52, 53, 55, 56, 57, 58, 59, 60, 61, 64, 70, 71, 72, 77, 78, 80, 81, 83, 92, 93, 94, 95, 96, 97, 99, 100, 101, 102, 103, 104, 105, 106, 107, 108, 110, 111, 113, 123, 124, 125, 126, 127, 128, 130, 131, 136, 137, 138, 139, 140, 141, 143, 144, 149, 151, 152, 153, 155, 156, 157, 158, 159, 161, 162, 163, 164, 172, 173, 174, 175, 180, 182, 183, 190, 192, 193, 194, 195, 196, 198, 199, 200, 202, 203, 204, 205, 208], "excluded_lines": [], "start_line": 1}}}, "errors\\__init__.py": {"executed_lines": [], "summary": {"covered_lines": 0, "num_statements": 0, "percent_covered": 100.0, "percent_covered_display": "100", "missing_lines": 0, "excluded_lines": 0, "percent_statements_covered": 100.0, "percent_statements_covered_display": "100"}, "missing_lines": [], "excluded_lines": [], "functions": {"": {"executed_lines": [], "summary": {"covered_lines": 0, "num_statements": 0, "percent_covered": 100.0, "percent_covered_display": "100", "missing_lines": 0, "excluded_lines": 0, "percent_statements_covered": 100.0, "percent_statements_covered_display": "100"}, "missing_lines": [], "excluded_lines": [], "start_line": 1}}, "classes": {"": {"executed_lines": [], "summary": {"covered_lines": 0, "num_statements": 0, "percent_covered": 100.0, "percent_covered_display": "100", "missing_lines": 0, "excluded_lines": 0, "percent_statements_covered": 100.0, "percent_statements_covered_display": "100"}, "missing_lines": [], "excluded_lines": [], "start_line": 1}}}, "errors\\views.py": {"executed_lines": [1, 2, 3, 4, 6, 8, 14, 19, 20, 22], "summary": {"covered_lines": 10, "num_statements": 10, "percent_covered": 100.0, "percent_covered_display": "100", "missing_lines": 0, "excluded_lines": 0, "percent_statements_covered": 100.0, "percent_statements_covered_display": "100"}, "missing_lines": [], "excluded_lines": [], "functions": {"show_404_page": {"executed_lines": [8, 14, 19, 20, 22], "summary": {"covered_lines": 5, "num_statements": 5, "percent_covered": 100.0, "percent_covered_display": "100", "missing_lines": 0, "excluded_lines": 0, "percent_statements_covered": 100.0, "percent_statements_covered_display": "100"}, "missing_lines": [], "excluded_lines": [], "start_line": 6}, "": {"executed_lines": [1, 2, 3, 4, 6], "summary": {"covered_lines": 5, "num_statements": 5, "percent_covered": 100.0, "percent_covered_display": "100", "missing_lines": 0, "excluded_lines": 0, "percent_statements_covered": 100.0, "percent_statements_covered_display": "100"}, "missing_lines": [], "excluded_lines": [], "start_line": 1}}, "classes": {"": {"executed_lines": [1, 2, 3, 4, 6, 8, 14, 19, 20, 22], "summary": {"covered_lines": 10, "num_statements": 10, "percent_covered": 100.0, "percent_covered_display": "100", "missing_lines": 0, "excluded_lines": 0, "percent_statements_covered": 100.0, "percent_statements_covered_display": "100"}, "missing_lines": [], "excluded_lines": [], "start_line": 1}}}, "favorite\\__init__.py": {"executed_lines": [], "summary": {"covered_lines": 0, "num_statements": 0, "percent_covered": 100.0, "percent_covered_display": "100", "missing_lines": 0, "excluded_lines": 0, "percent_statements_covered": 100.0, "percent_statements_covered_display": "100"}, "missing_lines": [], "excluded_lines": [], "functions": {"": {"executed_lines": [], "summary": {"covered_lines": 0, "num_statements": 0, "percent_covered": 100.0, "percent_covered_display": "100", "missing_lines": 0, "excluded_lines": 0, "percent_statements_covered": 100.0, "percent_statements_covered_display": "100"}, "missing_lines": [], "excluded_lines": [], "start_line": 1}}, "classes": {"": {"executed_lines": [], "summary": {"covered_lines": 0, "num_statements": 0, "percent_covered": 100.0, "percent_covered_display": "100", "missing_lines": 0, "excluded_lines": 0, "percent_statements_covered": 100.0, "percent_statements_covered_display": "100"}, "missing_lines": [], "excluded_lines": [], "start_line": 1}}}, "favorite\\views.py": {"executed_lines": [1, 2, 3, 6, 8, 9, 10, 19, 20, 21], "summary": {"covered_lines": 10, "num_statements": 25, "percent_covered": 40.0, "percent_covered_display": "40", "missing_lines": 15, "excluded_lines": 0, "percent_statements_covered": 40.0, "percent_statements_covered_display": "40"}, "missing_lines": [11, 12, 13, 14, 15, 16, 17, 22, 26, 27, 28, 29, 30, 31, 32], "excluded_lines": [], "functions": {"add": {"executed_lines": [], "summary": {"covered_lines": 0, "num_statements": 7, "percent_covered": 0.0, "percent_covered_display": "0", "missing_lines": 7, "excluded_lines": 0, "percent_statements_covered": 0.0, "percent_statements_covered_display": "0"}, "missing_lines": [11, 12, 13, 14, 15, 16, 17], "excluded_lines": [], "start_line": 10}, "remove_favorite": {"executed_lines": [], "summary": {"covered_lines": 0, "num_statements": 8, "percent_covered": 0.0, "percent_covered_display": "0", "missing_lines": 8, "excluded_lines": 0, "percent_statements_covered": 0.0, "percent_statements_covered_display": "0"}, "missing_lines": [22, 26, 27, 28, 29, 30, 31, 32], "excluded_lines": [], "start_line": 21}, "": {"executed_lines": [1, 2, 3, 6, 8, 9, 10, 19, 20, 21], "summary": {"covered_lines": 10, "num_statements": 10, "percent_covered": 100.0, "percent_covered_display": "100", "missing_lines": 0, "excluded_lines": 0, "percent_statements_covered": 100.0, "percent_statements_covered_display": "100"}, "missing_lines": [], "excluded_lines": [], "start_line": 1}}, "classes": {"": {"executed_lines": [1, 2, 3, 6, 8, 9, 10, 19, 20, 21], "summary": {"covered_lines": 10, "num_statements": 25, "percent_covered": 40.0, "percent_covered_display": "40", "missing_lines": 15, "excluded_lines": 0, "percent_statements_covered": 40.0, "percent_statements_covered_display": "40"}, "missing_lines": [11, 12, 13, 14, 15, 16, 17, 22, 26, 27, 28, 29, 30, 31, 32], "excluded_lines": [], "start_line": 1}}}, "fixed\\__init__.py": {"executed_lines": [], "summary": {"covered_lines": 0, "num_statements": 0, "percent_covered": 100.0, "percent_covered_display": "100", "missing_lines": 0, "excluded_lines": 0, "percent_statements_covered": 100.0, "percent_statements_covered_display": "100"}, "missing_lines": [], "excluded_lines": [], "functions": {"": {"executed_lines": [], "summary": {"covered_lines": 0, "num_statements": 0, "percent_covered": 100.0, "percent_covered_display": "100", "missing_lines": 0, "excluded_lines": 0, "percent_statements_covered": 100.0, "percent_statements_covered_display": "100"}, "missing_lines": [], "excluded_lines": [], "start_line": 1}}, "classes": {"": {"executed_lines": [], "summary": {"covered_lines": 0, "num_statements": 0, "percent_covered": 100.0, "percent_covered_display": "100", "missing_lines": 0, "excluded_lines": 0, "percent_statements_covered": 100.0, "percent_statements_covered_display": "100"}, "missing_lines": [], "excluded_lines": [], "start_line": 1}}}, "fixed\\views.py": {"executed_lines": [1, 2, 3, 5, 8, 9], "summary": {"covered_lines": 6, "num_statements": 12, "percent_covered": 50.0, "percent_covered_display": "50", "missing_lines": 6, "excluded_lines": 0, "percent_statements_covered": 50.0, "percent_statements_covered_display": "50"}, "missing_lines": [10, 11, 12, 14, 18, 22], "excluded_lines": [], "functions": {"static_page": {"executed_lines": [], "summary": {"covered_lines": 0, "num_statements": 6, "percent_covered": 0.0, "percent_covered_display": "0", "missing_lines": 6, "excluded_lines": 0, "percent_statements_covered": 0.0, "percent_statements_covered_display": "0"}, "missing_lines": [10, 11, 12, 14, 18, 22], "excluded_lines": [], "start_line": 9}, "": {"executed_lines": [1, 2, 3, 5, 8, 9], "summary": {"covered_lines": 6, "num_statements": 6, "percent_covered": 100.0, "percent_covered_display": "100", "missing_lines": 0, "excluded_lines": 0, "percent_statements_covered": 100.0, "percent_statements_covered_display": "100"}, "missing_lines": [], "excluded_lines": [], "start_line": 1}}, "classes": {"": {"executed_lines": [1, 2, 3, 5, 8, 9], "summary": {"covered_lines": 6, "num_statements": 12, "percent_covered": 50.0, "percent_covered_display": "50", "missing_lines": 6, "excluded_lines": 0, "percent_statements_covered": 50.0, "percent_statements_covered_display": "50"}, "missing_lines": [10, 11, 12, 14, 18, 22], "excluded_lines": [], "start_line": 1}}}, "forms.py": {"executed_lines": [1, 2, 14, 15, 16, 25, 31, 50, 51, 52, 59, 66, 72, 80, 82, 83, 85, 86, 87, 88, 93, 94, 97, 100, 101, 104, 105, 123, 130, 134, 141, 151, 165, 177, 189, 192, 198, 204, 208, 210, 213, 214, 215, 224, 231, 236, 237, 240, 248, 254, 255, 259], "summary": {"covered_lines": 52, "num_statements": 69, "percent_covered": 75.3623188405797, "percent_covered_display": "75", "missing_lines": 17, "excluded_lines": 0, "percent_statements_covered": 75.3623188405797, "percent_statements_covered_display": "75"}, "missing_lines": [36, 41, 89, 193, 194, 195, 199, 200, 201, 205, 241, 242, 243, 245, 249, 250, 251], "excluded_lines": [], "functions": {"validate_password_strength": {"executed_lines": [], "summary": {"covered_lines": 0, "num_statements": 2, "percent_covered": 0.0, "percent_covered_display": "0", "missing_lines": 2, "excluded_lines": 0, "percent_statements_covered": 0.0, "percent_statements_covered_display": "0"}, "missing_lines": [36, 41], "excluded_lines": [], "start_line": 31}, "MemoForm.validate_title": {"executed_lines": [83, 85, 86, 87, 88], "summary": {"covered_lines": 5, "num_statements": 6, "percent_covered": 83.33333333333333, "percent_covered_display": "83", "missing_lines": 1, "excluded_lines": 0, "percent_statements_covered": 83.33333333333333, "percent_statements_covered_display": "83"}, "missing_lines": [89], "excluded_lines": [], "start_line": 82}, "SignUpForm.validate_username": {"executed_lines": [], "summary": {"covered_lines": 0, "num_statements": 3, "percent_covered": 0.0, "percent_covered_display": "0", "missing_lines": 3, "excluded_lines": 0, "percent_statements_covered": 0.0, "percent_statements_covered_display": "0"}, "missing_lines": [193, 194, 195], "excluded_lines": [], "start_line": 192}, "SignUpForm.validate_email": {"executed_lines": [], "summary": {"covered_lines": 0, "num_statements": 3, "percent_covered": 0.0, "percent_covered_display": "0", "missing_lines": 3, "excluded_lines": 0, "percent_statements_covered": 0.0, "percent_statements_covered_display": "0"}, "missing_lines": [199, 200, 201], "excluded_lines": [], "start_line": 198}, "SignUpForm.validate_password": {"executed_lines": [], "summary": {"covered_lines": 0, "num_statements": 1, "percent_covered": 0.0, "percent_covered_display": "0", "missing_lines": 1, "excluded_lines": 0, "percent_statements_covered": 0.0, "percent_statements_covered_display": "0"}, "missing_lines": [205], "excluded_lines": [], "start_line": 204}, "EditUserForm.validate_password": {"executed_lines": [], "summary": {"covered_lines": 0, "num_statements": 4, "percent_covered": 0.0, "percent_covered_display": "0", "missing_lines": 4, "excluded_lines": 0, "percent_statements_covered": 0.0, "percent_statements_covered_display": "0"}, "missing_lines": [241, 242, 243, 245], "excluded_lines": [], "start_line": 240}, "EditUserForm.validate_confirm_password": {"executed_lines": [], "summary": {"covered_lines": 0, "num_statements": 3, "percent_covered": 0.0, "percent_covered_display": "0", "missing_lines": 3, "excluded_lines": 0, "percent_statements_covered": 0.0, "percent_statements_covered_display": "0"}, "missing_lines": [249, 250, 251], "excluded_lines": [], "start_line": 248}, "": {"executed_lines": [1, 2, 14, 15, 16, 25, 31, 50, 51, 52, 59, 66, 72, 80, 82, 93, 94, 97, 100, 101, 104, 105, 123, 130, 134, 141, 151, 165, 177, 189, 192, 198, 204, 208, 210, 213, 214, 215, 224, 231, 236, 237, 240, 248, 254, 255, 259], "summary": {"covered_lines": 47, "num_statements": 47, "percent_covered": 100.0, "percent_covered_display": "100", "missing_lines": 0, "excluded_lines": 0, "percent_statements_covered": 100.0, "percent_statements_covered_display": "100"}, "missing_lines": [], "excluded_lines": [], "start_line": 1}}, "classes": {"MemoForm": {"executed_lines": [83, 85, 86, 87, 88], "summary": {"covered_lines": 5, "num_statements": 6, "percent_covered": 83.33333333333333, "percent_covered_display": "83", "missing_lines": 1, "excluded_lines": 0, "percent_statements_covered": 83.33333333333333, "percent_statements_covered_display": "83"}, "missing_lines": [89], "excluded_lines": [], "start_line": 50}, "LoginForm": {"executed_lines": [], "summary": {"covered_lines": 0, "num_statements": 0, "percent_covered": 100.0, "percent_covered_display": "100", "missing_lines": 0, "excluded_lines": 0, "percent_statements_covered": 100.0, "percent_statements_covered_display": "100"}, "missing_lines": [], "excluded_lines": [], "start_line": 93}, "SignUpForm": {"executed_lines": [], "summary": {"covered_lines": 0, "num_statements": 7, "percent_covered": 0.0, "percent_covered_display": "0", "missing_lines": 7, "excluded_lines": 0, "percent_statements_covered": 0.0, "percent_statements_covered_display": "0"}, "missing_lines": [193, 194, 195, 199, 200, 201, 205], "excluded_lines": [], "start_line": 104}, "EditUserForm": {"executed_lines": [], "summary": {"covered_lines": 0, "num_statements": 7, "percent_covered": 0.0, "percent_covered_display": "0", "missing_lines": 7, "excluded_lines": 0, "percent_statements_covered": 0.0, "percent_statements_covered_display": "0"}, "missing_lines": [241, 242, 243, 245, 249, 250, 251], "excluded_lines": [], "start_line": 208}, "AdminLoginForm": {"executed_lines": [], "summary": {"covered_lines": 0, "num_statements": 0, "percent_covered": 100.0, "percent_covered_display": "100", "missing_lines": 0, "excluded_lines": 0, "percent_statements_covered": 100.0, "percent_statements_covered_display": "100"}, "missing_lines": [], "excluded_lines": [], "start_line": 254}, "": {"executed_lines": [1, 2, 14, 15, 16, 25, 31, 50, 51, 52, 59, 66, 72, 80, 82, 93, 94, 97, 100, 101, 104, 105, 123, 130, 134, 141, 151, 165, 177, 189, 192, 198, 204, 208, 210, 213, 214, 215, 224, 231, 236, 237, 240, 248, 254, 255, 259], "summary": {"covered_lines": 47, "num_statements": 49, "percent_covered": 95.91836734693878, "percent_covered_display": "96", "missing_lines": 2, "excluded_lines": 0, "percent_statements_covered": 95.91836734693878, "percent_statements_covered_display": "96"}, "missing_lines": [36, 41], "excluded_lines": [], "start_line": 1}}}, "memo\\__init__.py": {"executed_lines": [], "summary": {"covered_lines": 0, "num_statements": 0, "percent_covered": 100.0, "percent_covered_display": "100", "missing_lines": 0, "excluded_lines": 0, "percent_statements_covered": 100.0, "percent_statements_covered_display": "100"}, "missing_lines": [], "excluded_lines": [], "functions": {"": {"executed_lines": [], "summary": {"covered_lines": 0, "num_statements": 0, "percent_covered": 100.0, "percent_covered_display": "100", "missing_lines": 0, "excluded_lines": 0, "percent_statements_covered": 100.0, "percent_statements_covered_display": "100"}, "missing_lines": [], "excluded_lines": [], "start_line": 1}}, "classes": {"": {"executed_lines": [], "summary": {"covered_lines": 0, "num_statements": 0, "percent_covered": 100.0, "percent_covered_display": "100", "missing_lines": 0, "excluded_lines": 0, "percent_statements_covered": 100.0, "percent_statements_covered_display": "100"}, "missing_lines": [], "excluded_lines": [], "start_line": 1}}}, "memo\\views.py": {"executed_lines": [1, 2, 3, 4, 5, 6, 7, 8, 9, 10, 11, 14, 16, 22, 23, 24, 25, 26, 27, 28, 29, 30, 31, 33, 35, 39, 42, 43, 44, 45, 47, 48, 50, 52, 56, 58, 59, 60, 93, 94, 107, 108, 109, 110, 111, 112, 122, 124, 125, 126, 135, 143, 144, 146, 147, 148, 149, 150, 154, 155, 156, 157, 158, 159, 160, 161, 162, 163, 164, 165, 167, 171, 172, 174, 175, 176, 177, 186, 187, 188, 189, 190, 191, 192, 193], "summary": {"covered_lines": 85, "num_statements": 132, "percent_covered": 64.39393939393939, "percent_covered_display": "64", "missing_lines": 47, "excluded_lines": 0, "percent_statements_covered": 64.39393939393939, "percent_statements_covered_display": "64"}, "missing_lines": [17, 36, 37, 40, 51, 53, 61, 63, 64, 65, 66, 70, 71, 72, 73, 77, 78, 79, 80, 81, 83, 85, 86, 87, 89, 113, 114, 115, 116, 117, 118, 119, 120, 121, 127, 129, 130, 131, 133, 134, 145, 151, 152, 168, 169, 173, 178], "excluded_lines": [], "functions": {"allowed_file": {"executed_lines": [], "summary": {"covered_lines": 0, "num_statements": 1, "percent_covered": 0.0, "percent_covered_display": "0", "missing_lines": 1, "excluded_lines": 0, "percent_statements_covered": 0.0, "percent_statements_covered_display": "0"}, "missing_lines": [17], "excluded_lines": [], "start_line": 16}, "index": {"executed_lines": [25, 26, 27, 28, 29, 30, 31, 33, 35, 39, 42, 43, 44, 45, 47, 48, 50, 52, 56, 58, 59, 60, 93, 94], "summary": {"covered_lines": 24, "num_statements": 48, "percent_covered": 50.0, "percent_covered_display": "50", "missing_lines": 24, "excluded_lines": 0, "percent_statements_covered": 50.0, "percent_statements_covered_display": "50"}, "missing_lines": [36, 37, 40, 51, 53, 61, 63, 64, 65, 66, 70, 71, 72, 73, 77, 78, 79, 80, 81, 83, 85, 86, 87, 89], "excluded_lines": [], "start_line": 24}, "create": {"executed_lines": [110, 111, 112, 122, 124, 125, 126, 135, 143, 144, 146, 147, 148, 149, 150], "summary": {"covered_lines": 15, "num_statements": 33, "percent_covered": 45.45454545454545, "percent_covered_display": "45", "missing_lines": 18, "excluded_lines": 0, "percent_statements_covered": 45.45454545454545, "percent_statements_covered_display": "45"}, "missing_lines": [113, 114, 115, 116, 117, 118, 119, 120, 121, 127, 129, 130, 131, 133, 134, 145, 151, 152], "excluded_lines": [], "start_line": 109}, "update": {"executed_lines": [157, 158, 159, 160, 161, 162, 163, 164, 165, 167, 171, 172, 174, 175, 176, 177], "summary": {"covered_lines": 16, "num_statements": 20, "percent_covered": 80.0, "percent_covered_display": "80", "missing_lines": 4, "excluded_lines": 0, "percent_statements_covered": 80.0, "percent_statements_covered_display": "80"}, "missing_lines": [168, 169, 173, 178], "excluded_lines": [], "start_line": 156}, "delete": {"executed_lines": [189, 190, 191, 192, 193], "summary": {"covered_lines": 5, "num_statements": 5, "percent_covered": 100.0, "percent_covered_display": "100", "missing_lines": 0, "excluded_lines": 0, "percent_statements_covered": 100.0, "percent_statements_covered_display": "100"}, "missing_lines": [], "excluded_lines": [], "start_line": 188}, "": {"executed_lines": [1, 2, 3, 4, 5, 6, 7, 8, 9, 10, 11, 14, 16, 22, 23, 24, 107, 108, 109, 154, 155, 156, 186, 187, 188], "summary": {"covered_lines": 25, "num_statements": 25, "percent_covered": 100.0, "percent_covered_display": "100", "missing_lines": 0, "excluded_lines": 0, "percent_statements_covered": 100.0, "percent_statements_covered_display": "100"}, "missing_lines": [], "excluded_lines": [], "start_line": 1}}, "classes": {"": {"executed_lines": [1, 2, 3, 4, 5, 6, 7, 8, 9, 10, 11, 14, 16, 22, 23, 24, 25, 26, 27, 28, 29, 30, 31, 33, 35, 39, 42, 43, 44, 45, 47, 48, 50, 52, 56, 58, 59, 60, 93, 94, 107, 108, 109, 110, 111, 112, 122, 124, 125, 126, 135, 143, 144, 146, 147, 148, 149, 150, 154, 155, 156, 157, 158, 159, 160, 161, 162, 163, 164, 165, 167, 171, 172, 174, 175, 176, 177, 186, 187, 188, 189, 190, 191, 192, 193], "summary": {"covered_lines": 85, "num_statements": 132, "percent_covered": 64.39393939393939, "percent_covered_display": "64", "missing_lines": 47, "excluded_lines": 0, "percent_statements_covered": 64.39393939393939, "percent_statements_covered_display": "64"}, "missing_lines": [17, 36, 37, 40, 51, 53, 61, 63, 64, 65, 66, 70, 71, 72, 73, 77, 78, 79, 80, 81, 83, 85, 86, 87, 89, 113, 114, 115, 116, 117, 118, 119, 120, 121, 127, 129, 130, 131, 133, 134, 145, 151, 152, 168, 169, 173, 178], "excluded_lines": [], "start_line": 1}}}, "models.py": {"executed_lines": [1, 2, 3, 4, 5, 6, 8, 10, 16, 17, 18, 19, 20, 21, 22, 23, 24, 25, 26, 27, 28, 29, 31, 32, 33, 34, 35, 36, 37, 39, 40, 41, 42, 43, 44, 45, 46, 47, 48, 50, 52, 53, 54, 55, 58, 60, 61, 62, 63, 64, 65, 66, 67, 68, 69, 70, 71, 74, 76, 77, 78, 79, 80, 81, 84, 85, 86, 87, 88, 89, 90, 91, 92, 93, 95, 96, 97, 98, 99, 100, 101, 102, 103, 104, 105, 106, 108, 109, 110, 111, 112, 113, 114, 115, 116, 117, 118, 119, 120, 121, 122, 123, 125, 126, 128], "summary": {"covered_lines": 105, "num_statements": 110, "percent_covered": 95.45454545454545, "percent_covered_display": "95", "missing_lines": 5, "excluded_lines": 0, "percent_statements_covered": 95.45454545454545, "percent_statements_covered_display": "95"}, "missing_lines": [124, 127, 129, 130, 131], "excluded_lines": [], "functions": {"User.is_active": {"executed_lines": [116], "summary": {"covered_lines": 1, "num_statements": 1, "percent_covered": 100.0, "percent_covered_display": "100", "missing_lines": 0, "excluded_lines": 0, "percent_statements_covered": 100.0, "percent_statements_covered_display": "100"}, "missing_lines": [], "excluded_lines": [], "start_line": 115}, "User.is_oauth_user": {"executed_lines": [119], "summary": {"covered_lines": 1, "num_statements": 1, "percent_covered": 100.0, "percent_covered_display": "100", "missing_lines": 0, "excluded_lines": 0, "percent_statements_covered": 100.0, "percent_statements_covered_display": "100"}, "missing_lines": [], "excluded_lines": [], "start_line": 118}, "User.set_password": {"executed_lines": [121], "summary": {"covered_lines": 1, "num_statements": 1, "percent_covered": 100.0, "percent_covered_display": "100", "missing_lines": 0, "excluded_lines": 0, "percent_statements_covered": 100.0, "percent_statements_covered_display": "100"}, "missing_lines": [], "excluded_lines": [], "start_line": 120}, "User.check_password": {"executed_lines": [123, 125], "summary": {"covered_lines": 2, "num_statements": 3, "percent_covered": 66.66666666666667, "percent_covered_display": "67", "missing_lines": 1, "excluded_lines": 0, "percent_statements_covered": 66.66666666666667, "percent_statements_covered_display": "67"}, "missing_lines": [124], "excluded_lines": [], "start_line": 122}, "User.set_admin_password": {"executed_lines": [], "summary": {"covered_lines": 0, "num_statements": 1, "percent_covered": 0.0, "percent_covered_display": "0", "missing_lines": 1, "excluded_lines": 0, "percent_statements_covered": 0.0, "percent_statements_covered_display": "0"}, "missing_lines": [127], "excluded_lines": [], "start_line": 126}, "User.check_admin_password": {"executed_lines": [], "summary": {"covered_lines": 0, "num_statements": 3, "percent_covered": 0.0, "percent_covered_display": "0", "missing_lines": 3, "excluded_lines": 0, "percent_statements_covered": 0.0, "percent_statements_covered_display": "0"}, "missing_lines": [129, 130, 131], "excluded_lines": [], "start_line": 128}, "": {"executed_lines": [1, 2, 3, 4, 5, 6, 8, 10, 16, 17, 18, 19, 20, 21, 22, 23, 24, 25, 26, 27, 28, 29, 31, 32, 33, 34, 35, 36, 37, 39, 40, 41, 42, 43, 44, 45, 46, 47, 48, 50, 52, 53, 54, 55, 58, 60, 61, 62, 63, 64, 65, 66, 67, 68, 69, 70, 71, 74, 76, 77, 78, 79, 80, 81, 84, 85, 86, 87, 88, 89, 90, 91, 92, 93, 95, 96, 97, 98, 99, 100, 101, 102, 103, 104, 105, 106, 108, 109, 110, 111, 112, 113, 114, 115, 117, 118, 120, 122, 126, 128], "summary": {"covered_lines": 100, "num_statements": 100, "percent_covered": 100.0, "percent_covered_display": "100", "missing_lines": 0, "ex
[...]
, "num_statements": 7, "percent_covered": 100.0, "percent_covered_display": "100", "missing_lines": 0, "excluded_lines": 0, "percent_statements_covered": 100.0, "percent_statements_covered_display": "100"}, "missing_lines": [], "excluded_lines": [], "start_line": 1}}, "classes": {"": {"executed_lines": [1, 2, 3, 4, 7, 9, 19, 21, 25, 28, 30, 40, 41, 42, 43, 46, 48, 49], "summary": {"covered_lines": 18, "num_statements": 18, "percent_covered": 100.0, "percent_covered_display": "100", "missing_lines": 0, "excluded_lines": 0, "percent_statements_covered": 100.0, "percent_statements_covered_display": "100"}, "missing_lines": [], "excluded_lines": [], "start_line": 1}}}, "tests\\test_memo.py": {"executed_lines": [1, 4, 5, 7, 8, 10, 15, 17, 18, 19, 21, 23, 24, 25, 26, 27, 28, 30, 34, 36, 37, 38, 40, 42, 43, 44, 45, 46, 47, 49, 54, 58, 60, 62, 63, 64, 65, 66, 67, 68, 71, 73, 74, 75], "summary": {"covered_lines": 44, "num_statements": 44, "percent_covered": 100.0, "percent_covered_display": "100", "missing_lines": 0, "excluded_lines": 0, "percent_statements_covered": 100.0, "percent_statements_covered_display": "100"}, "missing_lines": [], "excluded_lines": [], "functions": {"TestMemoCRUD.test_create_memo_saves_to_db": {"executed_lines": [7, 8, 10, 15, 17, 18, 19], "summary": {"covered_lines": 7, "num_statements": 7, "percent_covered": 100.0, "percent_covered_display": "100", "missing_lines": 0, "excluded_lines": 0, "percent_statements_covered": 100.0, "percent_statements_covered_display": "100"}, "missing_lines": [], "excluded_lines": [], "start_line": 5}, "TestMemoCRUD.test_update_own_memo": {"executed_lines": [23, 24, 25, 26, 27, 28, 30, 34, 36, 37, 38], "summary": {"covered_lines": 11, "num_statements": 11, "percent_covered": 100.0, "percent_covered_display": "100", "missing_lines": 0, "excluded_lines": 0, "percent_statements_covered": 100.0, "percent_statements_covered_display": "100"}, "missing_lines": [], "excluded_lines": [], "start_line": 21}, "TestMemoCRUD.test_update_other_memo_returns_404": {"executed_lines": [42, 43, 44, 45, 46, 47, 49, 54, 58], "summary": {"covered_lines": 9, "num_statements": 9, "percent_covered": 100.0, "percent_covered_display": "100", "missing_lines": 0, "excluded_lines": 0, "percent_statements_covered": 100.0, "percent_statements_covered_display": "100"}, "missing_lines": [], "excluded_lines": [], "start_line": 40}, "TestMemoCRUD.test_delete_memo_removes_from_db": {"executed_lines": [62, 63, 64, 65, 66, 67, 68, 71, 73, 74, 75], "summary": {"covered_lines": 11, "num_statements": 11, "percent_covered": 100.0, "percent_covered_display": "100", "missing_lines": 0, "excluded_lines": 0, "percent_statements_covered": 100.0, "percent_statements_covered_display": "100"}, "missing_lines": [], "excluded_lines": [], "start_line": 60}, "": {"executed_lines": [1, 4, 5, 21, 40, 60], "summary": {"covered_lines": 6, "num_statements": 6, "percent_covered": 100.0, "percent_covered_display": "100", "missing_lines": 0, "excluded_lines": 0, "percent_statements_covered": 100.0, "percent_statements_covered_display": "100"}, "missing_lines": [], "excluded_lines": [], "start_line": 1}}, "classes": {"TestMemoCRUD": {"executed_lines": [7, 8, 10, 15, 17, 18, 19, 23, 24, 25, 26, 27, 28, 30, 34, 36, 37, 38, 42, 43, 44, 45, 46, 47, 49, 54, 58, 62, 63, 64, 65, 66, 67, 68, 71, 73, 74, 75], "summary": {"covered_lines": 38, "num_statements": 38, "percent_covered": 100.0, "percent_covered_display": "100", "missing_lines": 0, "excluded_lines": 0, "percent_statements_covered": 100.0, "percent_statements_covered_display": "100"}, "missing_lines": [], "excluded_lines": [], "start_line": 4}, "": {"executed_lines": [1, 4, 5, 21, 40, 60], "summary": {"covered_lines": 6, "num_statements": 6, "percent_covered": 100.0, "percent_covered_display": "100", "missing_lines": 0, "excluded_lines": 0, "percent_statements_covered": 100.0, "percent_statements_covered_display": "100"}, "missing_lines": [], "excluded_lines": [], "start_line": 1}}}, "tests\\test_models.py": {"executed_lines": [1, 2, 3, 6, 7, 9, 10, 11, 12, 13, 15, 17, 18, 19, 20, 22, 24, 25, 26, 27, 29, 31, 32, 33, 34, 35, 37, 38, 39, 40, 41, 42, 44, 46, 47, 48, 49, 52, 53, 55, 56, 57, 58, 59, 60, 61, 64, 65, 67, 68, 69, 70, 72, 73, 74, 75, 76], "summary": {"covered_lines": 57, "num_statements": 57, "percent_covered": 100.0, "percent_covered_display": "100", "missing_lines": 0, "excluded_lines": 0, "percent_statements_covered": 100.0, "percent_statements_covered_display": "100"}, "missing_lines": [], "excluded_lines": [], "functions": {"TestUserModel.test_password_is_hashed": {"executed_lines": [9, 10, 11, 12, 13], "summary": {"covered_lines": 5, "num_statements": 5, "percent_covered": 100.0, "percent_covered_display": "100", "missing_lines": 0, "excluded_lines": 0, "percent_statements_covered": 100.0, "percent_statements_covered_display": "100"}, "missing_lines": [], "excluded_lines": [], "start_line": 7}, "TestUserModel.test_check_password_correct": {"executed_lines": [17, 18, 19, 20], "summary": {"covered_lines": 4, "num_statements": 4, "percent_covered": 100.0, "percent_covered_display": "100", "missing_lines": 0, "excluded_lines": 0, "percent_statements_covered": 100.0, "percent_statements_covered_display": "100"}, "missing_lines": [], "excluded_lines": [], "start_line": 15}, "TestUserModel.test_check_password_wrong": {"executed_lines": [24, 25, 26, 27], "summary": {"covered_lines": 4, "num_statements": 4, "percent_covered": 100.0, "percent_covered_display": "100", "missing_lines": 0, "excluded_lines": 0, "percent_statements_covered": 100.0, "percent_statements_covered_display": "100"}, "missing_lines": [], "excluded_lines": [], "start_line": 22}, "TestUserModel.test_email_unique_constraint": {"executed_lines": [31, 32, 33, 34, 35, 37, 38, 39, 40, 41, 42], "summary": {"covered_lines": 11, "num_statements": 11, "percent_covered": 100.0, "percent_covered_display": "100", "missing_lines": 0, "excluded_lines": 0, "percent_statements_covered": 100.0, "percent_statements_covered_display": "100"}, "missing_lines": [], "excluded_lines": [], "start_line": 29}, "TestUserModel.test_is_oauth_user_false_for_normal": {"executed_lines": [46, 47, 48, 49], "summary": {"covered_lines": 4, "num_statements": 4, "percent_covered": 100.0, "percent_covered_display": "100", "missing_lines": 0, "excluded_lines": 0, "percent_statements_covered": 100.0, "percent_statements_covered_display": "100"}, "missing_lines": [], "excluded_lines": [], "start_line": 44}, "TestMemoModel.test_create_memo": {"executed_lines": [55, 56, 57, 58, 59, 60, 61], "summary": {"covered_lines": 7, "num_statements": 7, "percent_covered": 100.0, "percent_covered_display": "100", "missing_lines": 0, "excluded_lines": 0, "percent_statements_covered": 100.0, "percent_statements_covered_display": "100"}, "missing_lines": [], "excluded_lines": [], "start_line": 53}, "TestCategoryModel.test_category_name_unique": {"executed_lines": [67, 68, 69, 70, 72, 73, 74, 75, 76], "summary": {"covered_lines": 9, "num_statements": 9, "percent_covered": 100.0, "percent_covered_display": "100", "missing_lines": 0, "excluded_lines": 0, "percent_statements_covered": 100.0, "percent_statements_covered_display": "100"}, "missing_lines": [], "excluded_lines": [], "start_line": 65}, "": {"executed_lines": [1, 2, 3, 6, 7, 15, 22, 29, 44, 52, 53, 64, 65], "summary": {"covered_lines": 13, "num_statements": 13, "percent_covered": 100.0, "percent_covered_display": "100", "missing_lines": 0, "excluded_lines": 0, "percent_statements_covered": 100.0, "percent_statements_covered_display": "100"}, "missing_lines": [], "excluded_lines": [], "start_line": 1}}, "classes": {"TestUserModel": {"executed_lines": [9, 10, 11, 12, 13, 17, 18, 19, 20, 24, 25, 26, 27, 31, 32, 33, 34, 35, 37, 38, 39, 40, 41, 42, 46, 47, 48, 49], "summary": {"covered_lines": 28, "num_statements": 28, "percent_covered": 100.0, "percent_covered_display": "100", "missing_lines": 0, "excluded_lines": 0, "percent_statements_covered": 100.0, "percent_statements_covered_display": "100"}, "missing_lines": [], "excluded_lines": [], "start_line": 6}, "TestMemoModel": {"executed_lines": [55, 56, 57, 58, 59, 60, 61], "summary": {"covered_lines": 7, "num_statements": 7, "percent_covered": 100.0, "percent_covered_display": "100", "missing_lines": 0, "excluded_lines": 0, "percent_statements_covered": 100.0, "percent_statements_covered_display": "100"}, "missing_lines": [], "excluded_lines": [], "start_line": 52}, "TestCategoryModel": {"executed_lines": [67, 68, 69, 70, 72, 73, 74, 75, 76], "summary": {"covered_lines": 9, "num_statements": 9, "percent_covered": 100.0, "percent_covered_display": "100", "missing_lines": 0, "excluded_lines": 0, "percent_statements_covered": 100.0, "percent_statements_covered_display": "100"}, "missing_lines": [], "excluded_lines": [], "start_line": 64}, "": {"executed_lines": [1, 2, 3, 6, 7, 15, 22, 29, 44, 52, 53, 64, 65], "summary": {"covered_lines": 13, "num_statements": 13, "percent_covered": 100.0, "percent_covered_display": "100", "missing_lines": 0, "excluded_lines": 0, "percent_statements_covered": 100.0, "percent_statements_covered_display": "100"}, "missing_lines": [], "excluded_lines": [], "start_line": 1}}}, "tests\\test_public.py": {"executed_lines": [1, 4, 5, 7, 8, 10, 12, 13, 15, 17, 18, 20, 22, 23, 24, 25, 26, 27, 29, 30, 32, 34, 35], "summary": {"covered_lines": 23, "num_statements": 23, "percent_covered": 100.0, "percent_covered_display": "100", "missing_lines": 0, "excluded_lines": 0, "percent_statements_covered": 100.0, "percent_statements_covered_display": "100"}, "missing_lines": [], "excluded_lines": [], "functions": {"TestPublicPages.test_top_page_returns_200": {"executed_lines": [7, 8], "summary": {"covered_lines": 2, "num_statements": 2, "percent_covered": 100.0, "percent_covered_display": "100", "missing_lines": 0, "excluded_lines": 0, "percent_statements_covered": 100.0, "percent_statements_covered_display": "100"}, "missing_lines": [], "excluded_lines": [], "start_line": 5}, "TestPublicPages.test_top_page_with_search_returns_200": {"executed_lines": [12, 13], "summary": {"covered_lines": 2, "num_statements": 2, "percent_covered": 100.0, "percent_covered_display": "100", "missing_lines": 0, "excluded_lines": 0, "percent_statements_covered": 100.0, "percent_statements_covered_display": "100"}, "missing_lines": [], "excluded_lines": [], "start_line": 10}, "TestPublicPages.test_top_page_with_category_returns_200": {"executed_lines": [17, 18], "summary": {"covered_lines": 2, "num_statements": 2, "percent_covered": 100.0, "percent_covered_display": "100", "missing_lines": 0, "excluded_lines": 0, "percent_statements_covered": 100.0, "percent_statements_covered_display": "100"}, "missing_lines": [], "excluded_lines": [], "start_line": 15}, "TestPublicPages.test_detail_page_returns_200": {"executed_lines": [22, 23, 24, 25, 26, 27, 29, 30], "summary": {"covered_lines": 8, "num_statements": 8, "percent_covered": 100.0, "percent_covered_display": "100", "missing_lines": 0, "excluded_lines": 0, "percent_statements_covered": 100.0, "percent_statements_covered_display": "100"}, "missing_lines": [], "excluded_lines": [], "start_line": 20}, "TestPublicPages.test_nonexistent_page_returns_404": {"executed_lines": [34, 35], "summary": {"covered_lines": 2, "num_statements": 2, "percent_covered": 100.0, "percent_covered_display": "100", "missing_lines": 0, "excluded_lines": 0, "percent_statements_covered": 100.0, "percent_statements_covered_display": "100"}, "missing_lines": [], "excluded_lines": [], "start_line": 32}, "": {"executed_lines": [1, 4, 5, 10, 15, 20, 32], "summary": {"covered_lines": 7, "num_statements": 7, "percent_covered": 100.0, "percent_covered_display": "100", "missing_lines": 0, "excluded_lines": 0, "percent_statements_covered": 100.0, "percent_statements_covered_display": "100"}, "missing_lines": [], "excluded_lines": [], "start_line": 1}}, "classes": {"TestPublicPages": {"executed_lines": [7, 8, 12, 13, 17, 18, 22, 23, 24, 25, 26, 27, 29, 30, 34, 35], "summary": {"covered_lines": 16, "num_statements": 16, "percent_covered": 100.0, "percent_covered_display": "100", "missing_lines": 0, "excluded_lines": 0, "percent_statements_covered": 100.0, "percent_statements_covered_display": "100"}, "missing_lines": [], "excluded_lines": [], "start_line": 4}, "": {"executed_lines": [1, 4, 5, 10, 15, 20, 32], "summary": {"covered_lines": 7, "num_statements": 7, "percent_covered": 100.0, "percent_covered_display": "100", "missing_lines": 0, "excluded_lines": 0, "percent_statements_covered": 100.0, "percent_statements_covered_display": "100"}, "missing_lines": [], "excluded_lines": [], "start_line": 1}}}, "utils\\logger.py": {"executed_lines": [1, 2, 3, 4, 7, 12, 42, 47, 49, 50, 51, 55, 56, 57, 59, 60, 66, 67, 73, 80, 81, 86, 87, 90, 96, 97, 100, 101, 102, 103, 104, 106, 109, 110, 111, 112, 114, 117], "summary": {"covered_lines": 38, "num_statements": 63, "percent_covered": 60.317460317460316, "percent_covered_display": "60", "missing_lines": 25, "excluded_lines": 0, "percent_statements_covered": 60.317460317460316, "percent_statements_covered_display": "60"}, "missing_lines": [13, 14, 15, 16, 17, 19, 20, 21, 22, 23, 25, 26, 28, 29, 30, 37, 39, 52, 53, 68, 70, 118, 119, 120, 121], "excluded_lines": [], "functions": {"ResendErrorHandler.emit": {"executed_lines": [], "summary": {"covered_lines": 0, "num_statements": 17, "percent_covered": 0.0, "percent_covered_display": "0", "missing_lines": 17, "excluded_lines": 0, "percent_statements_covered": 0.0, "percent_statements_covered_display": "0"}, "missing_lines": [13, 14, 15, 16, 17, 19, 20, 21, 22, 23, 25, 26, 28, 29, 30, 37, 39], "excluded_lines": [], "start_line": 12}, "DBLogHandler.emit": {"executed_lines": [49, 50, 51, 55, 56, 57, 59, 60, 66, 67], "summary": {"covered_lines": 10, "num_statements": 14, "percent_covered": 71.42857142857143, "percent_covered_display": "71", "missing_lines": 4, "excluded_lines": 0, "percent_statements_covered": 71.42857142857143, "percent_statements_covered_display": "71"}, "missing_lines": [52, 53, 68, 70], "excluded_lines": [], "start_line": 47}, "init_logger": {"executed_lines": [80, 81, 86, 87, 90, 96, 97, 100, 101, 102, 103, 104, 106, 109, 110, 111, 112, 114, 117], "summary": {"covered_lines": 19, "num_statements": 23, "percent_covered": 82.6086956521739, "percent_covered_display": "83", "missing_lines": 4, "excluded_lines": 0, "percent_statements_covered": 82.6086956521739, "percent_statements_covered_display": "83"}, "missing_lines": [118, 119, 120, 121], "excluded_lines": [], "start_line": 73}, "": {"executed_lines": [1, 2, 3, 4, 7, 12, 42, 47, 73], "summary": {"covered_lines": 9, "num_statements": 9, "percent_covered": 100.0, "percent_covered_display": "100", "missing_lines": 0, "excluded_lines": 0, "percent_statements_covered": 100.0, "percent_statements_covered_display": "100"}, "missing_lines": [], "excluded_lines": [], "start_line": 1}}, "classes": {"ResendErrorHandler": {"executed_lines": [], "summary": {"covered_lines": 0, "num_statements": 17, "percent_covered": 0.0, "percent_covered_display": "0", "missing_lines": 17, "excluded_lines": 0, "percent_statements_covered": 0.0, "percent_statements_covered_display": "0"}, "missing_lines": [13, 14, 15, 16, 17, 19, 20, 21, 22, 23, 25, 26, 28, 29, 30, 37, 39], "excluded_lines": [], "start_line": 7}, "DBLogHandler": {"executed_lines": [49, 50, 51, 55, 56, 57, 59, 60, 66, 67], "summary": {"covered_lines": 10, "num_statements": 14, "percent_covered": 71.42857142857143, "percent_covered_display": "71", "missing_lines": 4, "excluded_lines": 0, "percent_statements_covered": 71.42857142857143, "percent_statements_covered_display": "71"}, "missing_lines": [52, 53, 68, 70], "excluded_lines": [], "start_line": 42}, "": {"executed_lines": [1, 2, 3, 4, 7, 12, 42, 47, 73, 80, 81, 86, 87, 90, 96, 97, 100, 101, 102, 103, 104, 106, 109, 110, 111, 112, 114, 117], "summary": {"covered_lines": 28, "num_statements": 32, "percent_covered": 87.5, "percent_covered_display": "88", "missing_lines": 4, "excluded_lines": 0, "percent_statements_covered": 87.5, "percent_statements_covered_display": "88"}, "missing_lines": [118, 119, 120, 121], "excluded_lines": [], "start_line": 1}}}, "utils\\mail.py": {"executed_lines": [1, 2, 5, 35], "summary": {"covered_lines": 4, "num_statements": 22, "percent_covered": 18.181818181818183, "percent_covered_display": "18", "missing_lines": 18, "excluded_lines": 0, "percent_statements_covered": 18.181818181818183, "percent_statements_covered_display": "18"}, "missing_lines": [11, 12, 14, 15, 18, 20, 21, 26, 27, 28, 29, 31, 32, 37, 38, 43, 44, 45], "excluded_lines": [], "functions": {"send_mail": {"executed_lines": [], "summary": {"covered_lines": 0, "num_statements": 13, "percent_covered": 0.0, "percent_covered_display": "0", "missing_lines": 13, "excluded_lines": 0, "percent_statements_covered": 0.0, "percent_statements_covered_display": "0"}, "missing_lines": [11, 12, 14, 15, 18, 20, 21, 26, 27, 28, 29, 31, 32], "excluded_lines": [], "start_line": 5}, "send_test_email": {"executed_lines": [], "summary": {"covered_lines": 0, "num_statements": 5, "percent_covered": 0.0, "percent_covered_display": "0", "missing_lines": 5, "excluded_lines": 0, "percent_statements_covered": 0.0, "percent_statements_covered_display": "0"}, "missing_lines": [37, 38, 43, 44, 45], "excluded_lines": [], "start_line": 35}, "": {"executed_lines": [1, 2, 5, 35], "summary": {"covered_lines": 4, "num_statements": 4, "percent_covered": 100.0, "percent_covered_display": "100", "missing_lines": 0, "excluded_lines": 0, "percent_statements_covered": 100.0, "percent_statements_covered_display": "100"}, "missing_lines": [], "excluded_lines": [], "start_line": 1}}, "classes": {"": {"executed_lines": [1, 2, 5, 35], "summary": {"covered_lines": 4, "num_statements": 22, "percent_covered": 18.181818181818183, "percent_covered_display": "18", "missing_lines": 18, "excluded_lines": 0, "percent_statements_covered": 18.181818181818183, "percent_statements_covered_display": "18"}, "missing_lines": [11, 12, 14, 15, 18, 20, 21, 26, 27, 28, 29, 31, 32, 37, 38, 43, 44, 45], "excluded_lines": [], "start_line": 1}}}, "utils\\upload.py": {"executed_lines": [1, 2, 3, 4, 6], "summary": {"covered_lines": 5, "num_statements": 15, "percent_covered": 33.333333333333336, "percent_covered_display": "33", "missing_lines": 10, "excluded_lines": 0, "percent_statements_covered": 33.333333333333336, "percent_statements_covered_display": "33"}, "missing_lines": [7, 8, 9, 10, 11, 12, 18, 19, 20, 21], "excluded_lines": [], "functions": {"save_upload": {"executed_lines": [], "summary": {"covered_lines": 0, "num_statements": 10, "percent_covered": 0.0, "percent_covered_display": "0", "missing_lines": 10, "excluded_lines": 0, "percent_statements_covered": 0.0, "percent_statements_covered_display": "0"}, "missing_lines": [7, 8, 9, 10, 11, 12, 18, 19, 20, 21], "excluded_lines": [], "start_line": 6}, "": {"executed_lines": [1, 2, 3, 4, 6], "summary": {"covered_lines": 5, "num_statements": 5, "percent_covered": 100.0, "percent_covered_display": "100", "missing_lines": 0, "excluded_lines": 0, "percent_statements_covered": 100.0, "percent_statements_covered_display": "100"}, "missing_lines": [], "excluded_lines": [], "start_line": 1}}, "classes": {"": {"executed_lines": [1, 2, 3, 4, 6], "summary": {"covered_lines": 5, "num_statements": 15, "percent_covered": 33.333333333333336, "percent_covered_display": "33", "missing_lines": 10, "excluded_lines": 0, "percent_statements_covered": 33.333333333333336, "percent_statements_covered_display": "33"}, "missing_lines": [7, 8, 9, 10, 11, 12, 18, 19, 20, 21], "excluded_lines": [], "start_line": 1}}}}, "totals": {"covered_lines": 925, "num_statements": 2225, "percent_covered": 41.57303370786517, "percent_covered_display": "42", "missing_lines": 1300, "excluded_lines": 0, "percent_statements_covered": 41.57303370786517, "percent_statements_covered_display": "42"}}