{"meta": {"format": 3, "version": "7.13.4", "timestamp": "2026-03-01T11:30:59.849904", "branch_coverage": false, "show_contexts": false}, "files": {"admin\\__init__.py": {"executed_lines": [1, 2], "summary": {"covered_lines": 2, "num_statements": 2, "percent_covered": 100.0, "percent_covered_display": "100", "missing_lines": 0, "excluded_lines": 0, "percent_statements_covered": 100.0, "percent_statements_covered_display": "100"}, "missing_lines": [], "excluded_lines": [], "functions": {"": {"executed_lines": [1, 2], "summary": {"covered_lines": 2, "num_statements": 2, "percent_covered": 100.0, "percent_covered_display": "100", "missing_lines": 0, "excluded_lines": 0, "percent_statements_covered": 100.0, "percent_statements_covered_display": "100"}, "missing_lines": [], "excluded_lines": [], "start_line": 1}}, "classes": {"": {"executed_lines": [1, 2], "summary": {"covered_lines": 2, "num_statements": 2, "percent_covered": 100.0, "percent_covered_display": "100", "missing_lines": 0, "excluded_lines": 0, "percent_statements_covered": 100.0, "percent_statements_covered_display": "100"}, "missing_lines": [], "excluded_lines": [], "start_line": 1}}}, "admin\\views.py": {"executed_lines": [1, 2, 3, 4, 5, 6, 7, 8, 9, 10, 11, 12, 13, 14, 15, 16, 18, 21, 48, 68, 73, 80, 88, 90, 91, 92, 98, 101, 102, 126, 134, 138, 139, 194, 195, 267, 268, 269, 295, 296, 297, 376, 377, 378, 428, 429, 430, 472, 473, 474, 482, 483, 484, 508, 509, 510, 515, 516, 517, 522, 551, 552, 553, 599, 600, 601, 619, 620, 621, 639, 640, 641, 653, 654, 655, 721, 722, 723, 756, 757, 758, 795, 796, 797, 836, 837, 838, 890, 891, 892, 944, 945, 946, 959, 960, 961, 999, 1000, 1001, 1015, 1016, 1017, 1031, 1032, 1033, 1047, 1048, 1049, 1063, 1064, 1065, 1084, 1085, 1086, 1101, 1102, 1103, 1140, 1141, 1142, 1157, 1158, 1159, 1232, 1233, 1234, 1241, 1242, 1243, 1255, 1256, 1257, 1272, 1318, 1373, 1374, 1375, 1381, 1382, 1383], "summary": {"covered_lines": 140, "num_statements": 829, "percent_covered": 16.887816646562122, "percent_covered_display": "17", "missing_lines": 689, "excluded_lines": 0, "percent_statements_covered": 16.887816646562122, "percent_statements_covered_display": "17"}, "missing_lines": [23, 28, 29, 30, 31, 32, 33, 34, 35, 36, 37, 38, 39, 40, 41, 42, 44, 45, 53, 54, 55, 56, 57, 58, 59, 60, 61, 62, 63, 64, 65, 70, 75, 76, 77, 82, 83, 84, 85, 93, 94, 95, 96, 97, 111, 112, 113, 114, 116, 117, 118, 119, 120, 121, 122, 123, 127, 135, 141, 142, 143, 144, 145, 146, 147, 149, 150, 151, 152, 154, 156, 167, 168, 169, 170, 172, 173, 174, 175, 176, 177, 178, 179, 180, 182, 198, 201, 202, 204, 205, 208, 209, 210, 212, 213, 215, 216, 217, 220, 221, 223, 226, 227, 228, 229, 230, 232, 233, 234, 235, 241, 242, 243, 244, 245, 246, 251, 257, 259, 261, 262, 263, 264, 271, 272, 274, 276, 277, 278, 280, 281, 282, 283, 285, 286, 287, 288, 290, 292, 298, 299, 300, 301, 302, 303, 304, 305, 306, 310, 311, 312, 313, 314, 323, 331, 337, 345, 351, 358, 360, 380, 381, 382, 383, 384, 385, 387, 388, 389, 390, 392, 393, 398, 400, 407, 418, 419, 420, 421, 423, 424, 432, 433, 434, 435, 436, 437, 438, 439, 440, 442, 443, 444, 448, 453, 461, 462, 463, 464, 465, 467, 469, 475, 476, 477, 478, 479, 485, 486, 505, 511, 512, 518, 519, 524, 525, 526, 527, 531, 538, 545, 546, 547, 548, 555, 556, 557, 558, 559, 561, 563, 565, 566, 567, 568, 569, 570, 571, 573, 575, 577, 578, 579, 580, 581, 582, 583, 586, 587, 588, 589, 590, 591, 592, 593, 594, 596, 603, 604, 605, 606, 607, 608, 609, 610, 611, 612, 613, 614, 615, 616, 622, 623, 624, 625, 626, 627, 628, 630, 631, 632, 633, 634, 635, 636, 642, 643, 644, 645, 646, 647, 648, 649, 650, 657, 659, 660, 662, 663, 664, 666, 667, 668, 670, 671, 672, 674, 675, 676, 677, 679, 681, 682, 684, 696, 702, 703, 704, 705, 707, 708, 709, 710, 711, 713, 714, 716, 717, 718, 724, 725, 728, 729, 730, 736, 737, 738, 739, 740, 741, 742, 743, 744, 745, 746, 747, 749, 753, 760, 761, 763, 764, 765, 768, 769, 770, 771, 775, 776, 779, 780, 783, 784, 785, 786, 787, 789, 790, 792, 799, 800, 801, 802, 805, 806, 807, 808, 810, 812, 813, 814, 815, 816, 817, 818, 819, 822, 823, 824, 825, 827, 829, 830, 832, 833, 840, 841, 843, 844, 846, 847, 848, 850, 851, 853, 854, 855, 858, 859, 860, 864, 865, 866, 867, 870, 871, 874, 875, 876, 877, 879, 881, 882, 894, 895, 897, 898, 900, 901, 902, 904, 905, 906, 908, 910, 911, 913, 914, 919, 920, 922, 928, 930, 931, 939, 940, 941, 948, 950, 951, 953, 954, 955, 956, 963, 964, 966, 967, 969, 970, 971, 973, 976, 977, 979, 980, 981, 984, 985, 986, 987, 988, 990, 991, 1003, 1004, 1005, 1006, 1012, 1019, 1020, 1021, 1022, 1023, 1024, 1025, 1026, 1027, 1028, 1035, 1036, 1037, 1038, 1039, 1040, 1041, 1042, 1043, 1044, 1051, 1052, 1053, 1054, 1055, 1056, 1057, 1058, 1059, 1060, 1067, 1068, 1069, 1070, 1071, 1072, 1073, 1074, 1075, 1076, 1077, 1078, 1079, 1080, 1081, 1088, 1089, 1090, 1091, 1092, 1093, 1094, 1095, 1096, 1097, 1098, 1105, 1106, 1108, 1109, 1111, 1112, 1113, 1115, 1116, 1117, 1118, 1120, 1121, 1122, 1123, 1126, 1127, 1133, 1134, 1136, 1137, 1144, 1145, 1146, 1147, 1153, 1154, 1161, 1162, 1163, 1164, 1166, 1167, 1168, 1169, 1170, 1171, 1172, 1174, 1175, 1176, 1178, 1179, 1180, 1184, 1193, 1194, 1195, 1204, 1205, 1206, 1207, 1208, 1209, 1210, 1212, 1213, 1221, 1222, 1224, 1225, 1226, 1227, 1228, 1229, 1235, 1236, 1237, 1245, 1247, 1259, 1261, 1274, 1275, 1276, 1277, 1278, 1279, 1281, 1283, 1284, 1285, 1286, 1287, 1288, 1289, 1291, 1292, 1293, 1294, 1295, 1296, 1297, 1298, 1299, 1300, 1301, 1302, 1303, 1304, 1305, 1306, 1307, 1308, 1309, 1315, 1320, 1321, 1322, 1323, 1324, 1325, 1328, 1329, 1331, 1332, 1333, 1334, 1335, 1336, 1337, 1338, 1339, 1340, 1341, 1342, 1343, 1351, 1352, 1353, 1354, 1355, 1356, 1358, 1359, 1361, 1376, 1377, 1378, 1385, 1386, 1387, 1388, 1389, 1396, 1397, 1398, 1399, 1400, 1401, 1406, 1407, 1408, 1409], "excluded_lines": [], "functions": {"_build_attr_dist": {"executed_lines": [], "summary": {"covered_lines": 0, "num_statements": 18, "percent_covered": 0.0, "percent_covered_display": "0", "missing_lines": 18, "excluded_lines": 0, "percent_statements_covered": 0.0, "percent_statements_covered_display": "0"}, "missing_lines": [23, 28, 29, 30, 31, 32, 33, 34, 35, 36, 37, 38, 39, 40, 41, 42, 44, 45], "excluded_lines": [], "start_line": 21}, "_check_ai_rate_limit": {"executed_lines": [], "summary": {"covered_lines": 0, "num_statements": 13, "percent_covered": 0.0, "percent_covered_display": "0", "missing_lines": 13, "excluded_lines": 0, "percent_statements_covered": 0.0, "percent_statements_covered_display": "0"}, "missing_lines": [53, 54, 55, 56, 57, 58, 59, 60, 61, 62, 63, 64, 65], "excluded_lines": [], "start_line": 48}, "_is_super_admin": {"executed_lines": [], "summary": {"covered_lines": 0, "num_statements": 1, "percent_covered": 0.0, "percent_covered_display": "0", "missing_lines": 1, "excluded_lines": 0, "percent_statements_covered": 0.0, "percent_statements_covered_display": "0"}, "missing_lines": [70], "excluded_lines": [], "start_line": 68}, "_check_ai_points": {"executed_lines": [], "summary": {"covered_lines": 0, "num_statements": 3, "percent_covered": 0.0, "percent_covered_display": "0", "missing_lines": 3, "excluded_lines": 0, "percent_statements_covered": 0.0, "percent_statements_covered_display": "0"}, "missing_lines": [75, 76, 77], "excluded_lines": [], "start_line": 73}, "_consume_ai_points": {"executed_lines": [], "summary": {"covered_lines": 0, "num_statements": 4, "percent_covered": 0.0, "percent_covered_display": "0", "missing_lines": 4, "excluded_lines": 0, "percent_statements_covered": 0.0, "percent_statements_covered_display": "0"}, "missing_lines": [82, 83, 84, 85], "excluded_lines": [], "start_line": 80}, "admin_required": {"executed_lines": [90, 91, 92, 98], "summary": {"covered_lines": 4, "num_statements": 4, "percent_covered": 100.0, "percent_covered_display": "100", "missing_lines": 0, "excluded_lines": 0, "percent_statements_covered": 100.0, "percent_statements_covered_display": "100"}, "missing_lines": [], "excluded_lines": [], "start_line": 88}, "admin_required.decorated_function": {"executed_lines": [], "summary": {"covered_lines": 0, "num_statements": 5, "percent_covered": 0.0, "percent_covered_display": "0", "missing_lines": 5, "excluded_lines": 0, "percent_statements_covered": 0.0, "percent_statements_covered_display": "0"}, "missing_lines": [93, 94, 95, 96, 97], "excluded_lines": [], "start_line": 92}, "get_markdown_content": {"executed_lines": [], "summary": {"covered_lines": 0, "num_statements": 12, "percent_covered": 0.0, "percent_covered_display": "0", "missing_lines": 12, "excluded_lines": 0, "percent_statements_covered": 0.0, "percent_statements_covered_display": "0"}, "missing_lines": [111, 112, 113, 114, 116, 117, 118, 119, 120, 121, 122, 123], "excluded_lines": [], "start_line": 102}, "get_requirements_definition": {"executed_lines": [], "summary": {"covered_lines": 0, "num_statements": 1, "percent_covered": 0.0, "percent_covered_display": "0", "missing_lines": 1, "excluded_lines": 0, "percent_statements_covered": 0.0, "percent_statements_covered_display": "0"}, "missing_lines": [127], "excluded_lines": [], "start_line": 126}, "get_coding_standards": {"executed_lines": [], "summary": {"covered_lines": 0, "num_statements": 1, "percent_covered": 0.0, "percent_covered_display": "0", "missing_lines": 1, "excluded_lines": 0, "percent_statements_covered": 0.0, "percent_statements_covered_display": "0"}, "missing_lines": [135], "excluded_lines": [], "start_line": 134}, "inject_admin_docs": {"executed_lines": [], "summary": {"covered_lines": 0, "num_statements": 27, "percent_covered": 0.0, "percent_covered_display": "0", "missing_lines": 27, "excluded_lines": 0, "percent_statements_covered": 0.0, "percent_statements_covered_display": "0"}, "missing_lines": [141, 142, 143, 144, 145, 146, 147, 149, 150, 151, 152, 154, 156, 167, 168, 169, 170, 172, 173, 174, 175, 176, 177, 178, 179, 180, 182], "excluded_lines": [], "start_line": 139}, "_warn_subscription_low": {"executed_lines": [], "summary": {"covered_lines": 0, "num_statements": 38, "percent_covered": 0.0, "percent_covered_display": "0", "missing_lines": 38, "excluded_lines": 0, "percent_statements_covered": 0.0, "percent_statements_covered_display": "0"}, "missing_lines": [198, 201, 202, 204, 205, 208, 209, 210, 212, 213, 215, 216, 217, 220, 221, 223, 226, 227, 228, 229, 230, 232, 233, 234, 235, 241, 242, 243, 244, 245, 246, 251, 257, 259, 261, 262, 263, 264], "excluded_lines": [], "start_line": 195}, "login": {"executed_lines": [], "summary": {"covered_lines": 0, "num_statements": 16, "percent_covered": 0.0, "percent_covered_display": "0", "missing_lines": 16, "excluded_lines": 0, "percent_statements_covered": 0.0, "percent_statements_covered_display": "0"}, "missing_lines": [271, 272, 274, 276, 277, 278, 280, 281, 282, 283, 285, 286, 287, 288, 290, 292], "excluded_lines": [], "start_line": 269}, "index": {"executed_lines": [], "summary": {"covered_lines": 0, "num_statements": 21, "percent_covered": 0.0, "percent_covered_display": "0", "missing_lines": 21, "excluded_lines": 0, "percent_statements_covered": 0.0, "percent_statements_covered_display": "0"}, "missing_lines": [298, 299, 300, 301, 302, 303, 304, 305, 306, 310, 311, 312, 313, 314, 323, 331, 337, 345, 351, 358, 360], "excluded_lines": [], "start_line": 297}, "apply": {"executed_lines": [], "summary": {"covered_lines": 0, "num_statements": 21, "percent_covered": 0.0, "percent_covered_display": "0", "missing_lines": 21, "excluded_lines": 0, "percent_statements_covered": 0.0, "percent_statements_covered_display": "0"}, "missing_lines": [380, 381, 382, 383, 384, 385, 387, 388, 389, 390, 392, 393, 398, 400, 407, 418, 419, 420, 421, 423, 424], "excluded_lines": [], "start_line": 378}, "approve": {"executed_lines": [], "summary": {"covered_lines": 0, "num_statements": 21, "percent_covered": 0.0, "percent_covered_display": "0", "missing_lines": 21, "excluded_lines": 0, "percent_statements_covered": 0.0, "percent_statements_covered_display": "0"}, "missing_lines": [432, 433, 434, 435, 436, 437, 438, 439, 440, 442, 443, 444, 448, 453, 461, 462, 463, 464, 465, 467, 469], "excluded_lines": [], "start_line": 430}, "payment": {"executed_lines": [], "summary": {"covered_lines": 0, "num_statements": 5, "percent_covered": 0.0, "percent_covered_display": "0", "missing_lines": 5, "excluded_lines": 0, "percent_statements_covered": 0.0, "percent_statements_covered_display": "0"}, "missing_lines": [475, 476, 477, 478, 479], "excluded_lines": [], "start_line": 474}, "create_checkout_session": {"executed_lines": [], "summary": {"covered_lines": 0, "num_statements": 3, "percent_covered": 0.0, "percent_covered_display": "0", "missing_lines": 3, "excluded_lines": 0, "percent_statements_covered": 0.0, "percent_statements_covered_display": "0"}, "missing_lines": [485, 486, 505], "excluded_lines": [], "start_line": 484}, "payment_success": {"executed_lines": [], "summary": {"covered_lines": 0, "num_statements": 2, "percent_covered": 0.0, "percent_covered_display": "0", "missing_lines": 2, "excluded_lines": 0, "percent_statements_covered": 0.0, "percent_statements_covered_display": "0"}, "missing_lines": [511, 512], "excluded_lines": [], "start_line": 510}, "payment_cancel": {"executed_lines": [], "summary": {"covered_lines": 0, "num_statements": 2, "percent_covered": 0.0, "percent_covered_display": "0", "missing_lines": 2, "excluded_lines": 0, "percent_statements_covered": 0.0, "percent_statements_covered_display": "0"}, "missing_lines": [518, 519], "excluded_lines": [], "start_line": 517}, "_send_suspend_request_mail": {"executed_lines": [], "summary": {"covered_lines": 0, "num_statements": 10, "percent_covered": 0.0, "percent_covered_display": "0", "missing_lines": 10, "excluded_lines": 0, "percent_statements_covered": 0.0, "percent_statements_covered_display": "0"}, "missing_lines": [524, 525, 526, 527, 531, 538, 545, 546, 547, 548], "excluded_lines": [], "start_line": 522}, "ban": {"executed_lines": [], "summary": {"covered_lines": 0, "num_statements": 33, "percent_covered": 0.0, "percent_covered_display": "0", "missing_lines": 33, "excluded_lines": 0, "percent_statements_covered": 0.0, "percent_statements_covered_display": "0"}, "missing_lines": [555, 556, 557, 558, 559, 561, 563, 565, 566, 567, 568, 569, 570, 571, 573, 575, 577, 578, 579, 580, 581, 582, 583, 586, 587, 588, 589, 590, 591, 592, 593, 594, 596], "excluded_lines": [], "start_line": 553}, "ban_approve": {"executed_lines": [], "summary": {"covered_lines": 0, "num_statements": 14, "percent_covered": 0.0, "percent_covered_display": "0", "missing_lines": 14, "excluded_lines": 0, "percent_statements_covered": 0.0, "percent_statements_covered_display": "0"}, "missing_lines": [603, 604, 605, 606, 607, 608, 609, 610, 611, 612, 613, 614, 615, 616], "excluded_lines": [], "start_line": 601}, "category": {"executed_lines": [], "summary": {"covered_lines": 0, "num_statements": 14, "percent_covered": 0.0, "percent_covered_display": "0", "missing_lines": 14, "excluded_lines": 0, "percent_statements_covered": 0.0, "percent_statements_covered_display": "0"}, "missing_lines": [622, 623, 624, 625, 626, 627, 628, 630, 631, 632, 633, 634, 635, 636], "excluded_lines": [], "start_line": 621}, "category_delete": {"executed_lines": [], "summary": {"covered_lines": 0, "num_statements": 9, "percent_covered": 0.0, "percent_covered_display": "0", "missing_lines": 9, "excluded_lines": 0, "percent_statements_covered": 0.0, "percent_statements_covered_display": "0"}, "missing_lines": [642, 643, 644, 645, 646, 647, 648, 649, 650], "excluded_lines": [], "start_line": 641}, "category_ai_suggest": {"executed_lines": [], "summary": {"covered_lines": 0, "num_statements": 35, "percent_covered": 0.0, "percent_covered_display": "0", "missing_lines": 35, "excluded_lines": 0, "percent_statements_covered": 0.0, "percent_statements_covered_display": "0"}, "missing_lines": [657, 659, 660, 662, 663, 664, 666, 667, 668, 670, 671, 672, 674, 675, 676, 677, 679, 681, 682, 684, 696, 702, 703, 704, 705, 707, 708, 709, 710, 711, 713, 714, 716, 717, 718], "excluded_lines": [], "start_line": 655}, "user_thumb": {"executed_lines": [], "summary": {"covered_lines": 0, "num_statements": 19, "percent_covered": 0.0, "percent_covered_display": "0", "missing_lines": 19, "excluded_lines": 0, "percent_statements_covered": 0.0, "percent_statements_covered_display": "0"}, "missing_lines": [724, 725, 728, 729, 730, 736, 737, 738, 739, 740, 741, 742, 743, 744, 745, 746, 747, 749, 753], "excluded_lines": [], "start_line": 723}, "user_thumb_upload": {"executed_lines": [], "summary": {"covered_lines": 0, "num_statements": 21, "percent_covered": 0.0, "percent_covered_display": "0", "missing_lines": 21, "excluded_lines": 0, "percent_statements_covered": 0.0, "percent_statements_covered_display": "0"}, "missing_lines": [760, 761, 763, 764, 765, 768, 769, 770, 771, 775, 776, 779, 780, 783, 784, 785, 786, 787, 789, 790, 792], "excluded_lines": [], "start_line": 758}, "thumbnail_visibility_update": {"executed_lines": [], "summary": {"covered_lines": 0, "num_statements": 26, "percent_covered": 0.0, "percent_covered_display": "0", "missing_lines": 26, "excluded_lines": 0, "percent_statements_covered": 0.0, "percent_statements_covered_display": "0"}, "missing_lines": [799, 800, 801, 802, 805, 806, 807, 808, 810, 812, 813, 814, 815, 816, 817, 818, 819, 822, 823, 824, 825, 827, 829, 830, 832, 833], "excluded_lines": [], "start_line": 797}, "user_thumb_ai_generate": {"executed_lines": [], "summary": {"covered_lines": 0, "num_statements": 28, "percent_covered": 0.0, "percent_covered_display": "0", "missing_lines": 28, "excluded_lines": 0, "percent_statements_covered": 0.0, "percent_statements_covered_display": "0"}, "missing_lines": [840, 841, 843, 844, 846, 847, 848, 850, 851, 853, 854, 855, 858, 859, 860, 864, 865, 866, 867, 870, 871, 874, 875, 876, 877, 879, 881, 882], "excluded_lines": [], "start_line": 838}, "analyze": {"executed_lines": [], "summary": {"covered_lines": 0, "num_statements": 24, "percent_covered": 0.0, "percent_covered_display": "0", "missing_lines": 24, "excluded_lines": 0, "percent_statements_covered": 0.0, "percent_statements_covered_display": "0"}, "missing_lines": [894, 895, 897, 898, 900, 901, 902, 904, 905, 906, 908, 910, 911, 913, 914, 919, 920, 922, 928, 930, 931, 939, 940, 941], "excluded_lines": [], "start_line": 892}, "marketing": {"executed_lines": [], "summary": {"covered_lines": 0, "num_statements": 7, "percent_covered": 0.0, "percent_covered_display": "0", "missing_lines": 7, "excluded_lines": 0, "percent_statements_covered": 0.0, "percent_statements_covered_display": "0"}, "missing_lines": [948, 950, 951, 953, 954, 955, 956], "excluded_lines": [], "start_line": 946}, "translate": {"executed_lines": [], "summary": {"covered_lines": 0, "num_statements": 20, "percent_covered": 0.0, "percent_covered_display": "0", "missing_lines": 20, "excluded_lines": 0, "percent_statements_covered": 0.0, "percent_statements_covered_display": "0"}, "missing_lines": [963, 964, 966, 967, 969, 970, 971, 973, 976, 977, 979, 980, 981, 984, 985, 986, 987, 988, 990, 991], "excluded_lines": [], "start_line": 961}, "fixed": {"executed_lines": [], "summary": {"covered_lines": 0, "num_statements": 5, "percent_covered": 0.0, "percent_covered_display": "0", "missing_lines": 5, "excluded_lines": 0, "percent_statements_covered": 0.0, "percent_statements_covered_display": "0"}, "missing_lines": [1003, 1004, 1005, 1006, 1012], "excluded_lines": [], "start_line": 1001}, "fixed_toggle": {"executed_lines": [], "summary": {"covered_lines": 0, "num_statements": 10, "percent_covered": 0.0, "percent_covered_display": "0", "missing_lines": 10, "excluded_lines": 0, "percent_statements_covered": 0.0, "percent_statements_covered_display": "0"}, "missing_lines": [1019, 1020, 1021, 1022, 1023, 1024, 1025, 1026, 1027, 1028], "excluded_lines": [], "start_line": 1017}, "fixed_toggle_nav_type": {"executed_lines": [], "summary": {"covered_lines": 0, "num_statements": 10, "percent_covered": 0.0, "percent_covered_display": "0", "missing_lines": 10, "excluded_lines": 0, "percent_statements_covered": 0.0, "percent_statements_covered_display": "0"}, "missing_lines": [1035, 1036, 1037, 1038, 1039, 1040, 1041, 1042, 1043, 1044], "excluded_lines": [], "start_line": 1033}, "fixed_delete": {"executed_lines": [], "summary": {"covered_lines": 0, "num_statements": 10, "percent_covered": 0.0, "percent_covered_display": "0", "missing_lines": 10, "excluded_lines": 0, "percent_statements_covered": 0.0, "percent_statements_covered_display": "0"}, "missing_lines": [1051, 1052, 1053, 1054, 1055, 1056, 1057, 1058, 1059, 1060], "excluded_lines": [], "start_line": 1049}, "fixed_edit": {"executed_lines": [], "summary": {"covered_lines": 0, "num_statements": 15, "percent_covered": 0.0, "percent_covered_display": "0", "missing_lines": 15, "excluded_lines": 0, "percent_statements_covered": 0.0, "percent_statements_covered_display": "0"}, "missing_lines": [1067, 1068, 1069, 1070, 1071, 1072, 1073, 1074, 1075, 1076, 1077, 1078, 1079, 1080, 1081], "excluded_lines": [], "start_line": 1065}, "fixed_reorder": {"executed_lines": [], "summary": {"covered_lines": 0, "num_statements": 11, "percent_covered": 0.0, "percent_covered_display": "0", "missing_lines": 11, "excluded_lines": 0, "percent_statements_covered": 0.0, "percent_statements_covered_display": "0"}, "missing_lines": [1088, 1089, 1090, 1091, 1092, 1093, 1094, 1095, 1096, 1097, 1098], "excluded_lines": [], "start_line": 1086}, "fixed_generate": {"executed_lines": [], "summary": {"covered_lines": 0, "num_statements": 21, "percent_covered": 0.0, "percent_covered_display": "0", "missing_lines": 21, "excluded_lines": 0, "percent_statements_covered": 0.0, "percent_statements_covered_display": "0"}, "missing_lines": [1105, 1106, 1108, 1109, 1111, 1112, 1113, 1115, 1116, 1117, 1118, 1120, 1121, 1122, 1123, 1126, 1127, 1133, 1134, 1136, 1137], "excluded_lines": [], "start_line": 1103}, "fixed_random_image": {"executed_lines": [], "summary": {"covered_lines": 0, "num_statements": 6, "percent_covered": 0.0, "percent_covered_display": "0", "missing_lines": 6, "excluded_lines": 0, "percent_statements_covered": 0.0, "percent_statements_covered_display": "0"}, "missing_lines": [1144, 1145, 1146, 1147, 1153, 1154], "excluded_lines": [], "start_line": 1142}, "fixed_create": {"executed_lines": [], "summary": {"covered_lines": 0, "num_statements": 38, "percent_covered": 0.0, "percent_covered_display": "0", "missing_lines": 38, "excluded_lines": 0, "percent_statements_covered": 0.0, "percent_statements_covered_display": "0"}, "missing_lines": [1161, 1162, 1163, 1164, 1166, 1167, 1168, 1169, 1170, 1171, 1172, 1174, 1175, 1176, 1178, 1179, 1180, 1184, 1193, 1194, 1195, 1204, 1205, 1206, 1207, 1208, 1209, 1210, 1212, 1213, 1221, 1222, 1224, 1225, 1226, 1227, 1228, 1229], "excluded_lines": [], "start_line": 1159}, "logout": {"executed_lines": [], "summary": {"covered_lines": 0, "num_statements": 3, "percent_covered": 0.0, "percent_covered_display": "0", "missing_lines": 3, "excluded_lines": 0, "percent_statements_covered": 0.0, "percent_statements_covered_display": "0"}, "missing_lines": [1235, 1236, 1237], "excluded_lines": [], "start_line": 1234}, "mail_apply": {"executed_lines": [], "summary": {"covered_lines": 0, "num_statements": 2, "percent_covered": 0.0, "percent_covered_display": "0", "missing_lines": 2, "excluded_lines": 0, "percent_statements_covered": 0.0, "percent_statements_covered_display": "0"}, "missing_lines": [1245, 1247], "excluded_lines": [], "start_line": 1243}, "mail_approve": {"executed_lines": [], "summary": {"covered_lines": 0, "num_statements": 2, "percent_covered": 0.0, "percent_covered_display": "0", "missing_lines": 2, "excluded_lines": 0, "percent_statements_covered": 0.0, "percent_statements_covered_display": "0"}, "missing_lines": [1259, 1261], "excluded_lines": [], "start_line": 1257}, "_get_ast_coverage_items": {"executed_lines": [], "summary": {"covered_lines": 0, "num_statements": 28, "percent_covered": 0.0, "percent_covered_display": "0", "missing_lines": 28, "excluded_lines": 0, "percent_statements_covered": 0.0, "percent_statements_covered_display": "0"}, "missing_lines": [1274, 1275, 1276, 1277, 1278, 1279, 1281, 1283, 1291, 1292, 1293, 1294, 1295, 1296, 1297, 1298, 1299, 1300, 1301, 1302, 1303, 1304, 1305, 1306, 1307, 1308, 1309, 1315], "excluded_lines": [], "start_line": 1272}, "_get_ast_coverage_items._calc": {"executed_lines": [], "summary": {"covered_lines": 0, "num_statements": 6, "percent_covered": 0.0, "percent_covered_display": "0", "missing_lines": 6, "excluded_lines": 0, "percent_statements_covered": 0.0, "percent_statements_covered_display": "0"}, "missing_lines": [1284, 1285, 1286, 1287, 1288, 1289], "excluded_lines": [], "start_line": 1283}, "_parse_coverage_json": {"executed_lines": [], "summary": {"covered_lines": 0, "num_statements": 30, "percent_covered": 0.0, "percent_covered_display": "0", "missing_lines": 30, "excluded_lines": 0, "percent_statements_covered": 0.0, "percent_statements_covered_display": "0"}, "missing_lines": [1320, 1321, 1322, 1323, 1324, 1325, 1328, 1329, 1331, 1332, 1333, 1334, 1335, 1336, 1337, 1338, 1339, 1340, 1341, 1342, 1343, 1351, 1352, 1353, 1354, 1355, 1356, 1358, 1359, 1361], "excluded_lines": [], "start_line": 1318}, "coverage": {"executed_lines": [], "summary": {"covered_lines": 0, "num_statements": 3, "percent_covered": 0.0, "percent_covered_display": "0", "missing_lines": 3, "excluded_lines": 0, "percent_statements_covered": 0.0, "percent_statements_covered_display": "0"}, "missing_lines": [1376, 1377, 1378], "excluded_lines": [], "start_line": 1375}, "coverage_run": {"executed_lines": [], "summary": {"covered_lines": 0, "num_statements": 15, "percent_covered": 0.0, "percent_covered_display": "0", "missing_lines": 15, "excluded_lines": 0, "percent_statements_covered": 0.0, "percent_statements_covered_display": "0"}, "missing_lines": [1385, 1386, 1387, 1388, 1389, 1396, 1397, 1398, 1399, 1400, 1401, 1406, 1407, 1408, 1409], "excluded_lines": [], "start_line": 1383}, "": {"executed_lines": [1, 2, 3, 4, 5, 6, 7, 8, 9, 10, 11, 12, 13, 14, 15, 16, 18, 21, 48, 68, 73, 80, 88, 101, 102, 126, 134, 138, 139, 194, 195, 267, 268, 269, 295, 296, 297, 376, 377, 378, 428, 429, 430, 472, 473, 474, 482, 483, 484, 508, 509, 510, 515, 516, 517, 522, 551, 552, 553, 599, 600, 601, 619, 620, 621, 639, 640, 641, 653, 654, 655, 721, 722, 723, 756, 757, 758, 795, 796, 797, 836, 837, 838, 890, 891, 892, 944, 945, 946, 959, 960, 961, 999, 1000, 1001, 1015, 1016, 1017, 1031, 1032, 1033, 1047, 1048, 1049, 1063, 1064, 1065, 1084, 1085, 1086, 1101, 1102, 1103, 1140, 1141, 1142, 1157, 1158, 1159, 1232, 1233, 1234, 1241, 1242, 1243, 1255, 1256, 1257, 1272, 1318, 1373, 1374, 1375, 1381, 1382, 1383], "summary": {"covered_lines": 136, "num_statements": 136, "percent_covered": 100.0, "percent_covered_display": "100", "missing_lines": 0, "excluded_lines": 0, "percent_statements_covered": 100.0, "percent_statements_covered_display": "100"}, "missing_lines": [], "excluded_lines": [], "start_line": 1}}, "classes": {"": {"executed_lines": [1, 2, 3, 4, 5, 6, 7, 8, 9, 10, 11, 12, 13, 14, 15, 16, 18, 21, 48, 68, 73, 80, 88, 90, 91, 92, 98, 101, 102, 126, 134, 138, 139, 194, 195, 267, 268, 269, 295, 296, 297, 376, 377, 378, 428, 429, 430, 472, 473, 474, 482, 483, 484, 508, 509, 510, 515, 516, 517, 522, 551, 552, 553, 599, 600, 601, 619, 620, 621, 639, 640, 641, 653, 654, 655, 721, 722, 723, 756, 757, 758, 795, 796, 797, 836, 837, 838, 890, 891, 892, 944, 945, 946, 959, 960, 961, 999, 1000, 1001, 1015, 1016, 1017, 1031, 1032, 1033, 1047, 1048, 1049, 1063, 1064, 1065, 1084, 1085, 1086, 1101, 1102, 1103, 1140, 1141, 1142, 1157, 1158, 1159, 1232, 1233, 1234, 1241, 1242, 1243, 1255, 1256, 1257, 1272, 1318, 1373, 1374, 1375, 1381, 1382, 1383], "summary": {"covered_lines": 140, "num_statements": 829, "percent_covered": 16.887816646562122, "percent_covered_display": "17", "missing_lines": 689, "excluded_lines": 0, "percent_statements_covered": 16.887816646562122, "percent_statements_covered_display": "17"}, "missing_lines": [23, 28, 29, 30, 31, 32, 33, 34, 35, 36, 37, 38, 39, 40, 41, 42, 44, 45, 53, 54, 55, 56, 57, 58, 59, 60, 61, 62, 63, 64, 65, 70, 75, 76, 77, 82, 83, 84, 85, 93, 94, 95, 96, 97, 111, 112, 113, 114, 116, 117, 118, 119, 120, 121, 122, 123, 127, 135, 141, 142, 143, 144, 145, 146, 147, 149, 150, 151, 152, 154, 156, 167, 168, 169, 170, 172, 173, 174, 175, 176, 177, 178, 179, 180, 182, 198, 201, 202, 204, 205, 208, 209, 210, 212, 213, 215, 216, 217, 220, 221, 223, 226, 227, 228, 229, 230, 232, 233, 234, 235, 241, 242, 243, 244, 245, 246, 251, 257, 259, 261, 262, 263, 264, 271, 272, 274, 276, 277, 278, 280, 281, 282, 283, 285, 286, 287, 288, 290, 292, 298, 299, 300, 301, 302, 303, 304, 305, 306, 310, 311, 312, 313, 314, 323, 331, 337, 345, 351, 358, 360, 380, 381, 382, 383, 384, 385, 387, 388, 389, 390, 392, 393, 398, 400, 407, 418, 419, 420, 421, 423, 424, 432, 433, 434, 435, 436, 437, 438, 439, 440, 442, 443, 444, 448, 453, 461, 462, 463, 464, 465, 467, 469, 475, 476, 477, 478, 479, 485, 486, 505, 511, 512, 518, 519, 524, 525, 526, 527, 531, 538, 545, 546, 547, 548, 555, 556, 557, 558, 559, 561, 563, 565, 566, 567, 568, 569, 570, 571, 573, 575, 577, 578, 579, 580, 581, 582, 583, 586, 587, 588, 589, 590, 591, 592, 593, 594, 596, 603, 604, 605, 606, 607, 608, 609, 610, 611, 612, 613, 614, 615, 616, 622, 623, 624, 625, 626, 627, 628, 630, 631, 632, 633, 634, 635, 636, 642, 643, 644, 645, 646, 647, 648, 649, 650, 657, 659, 660, 662, 663, 664, 666, 667, 668, 670, 671, 672, 674, 675, 676, 677, 679, 681, 682, 684, 696, 702, 703, 704, 705, 707, 708, 709, 710, 711, 713, 714, 716, 717, 718, 724, 725, 728, 729, 730, 736, 737, 738, 739, 740, 741, 742, 743, 744, 745, 746, 747, 749, 753, 760, 761, 763, 764, 765, 768, 769, 770, 771, 775, 776, 779, 780, 783, 784, 785, 786, 787, 789, 790, 792, 799, 800, 801, 802, 805, 806, 807, 808, 810, 812, 813, 814, 815, 816, 817, 818, 819, 822, 823, 824, 825, 827, 829, 830, 832, 833, 840, 841, 843, 844, 846, 847, 848, 850, 851, 853, 854, 855, 858, 859, 860, 864, 865, 866, 867, 870, 871, 874, 875, 876, 877, 879, 881, 882, 894, 895, 897, 898, 900, 901, 902, 904, 905, 906, 908, 910, 911, 913, 914, 919, 920, 922, 928, 930, 931, 939, 940, 941, 948, 950, 951, 953, 954, 955, 956, 963, 964, 966, 967, 969, 970, 971, 973, 976, 977, 979, 980, 981, 984, 985, 986, 987, 988, 990, 991, 1003, 1004, 1005, 1006, 1012, 1019, 1020, 1021, 1022, 1023, 1024, 1025, 1026, 1027, 1028, 1035, 1036, 1037, 1038, 1039, 1040, 1041, 1042, 1043, 1044, 1051, 1052, 1053, 1054, 1055, 1056, 1057, 1058, 1059, 1060, 1067, 1068, 1069, 1070, 1071, 1072, 1073, 1074, 1075, 1076, 1077, 1078, 1079, 1080, 1081, 1088, 1089, 1090, 1091, 1092, 1093, 1094, 1095, 1096, 1097, 1098, 1105, 1106, 1108, 1109, 1111, 1112, 1113, 1115, 1116, 1117, 1118, 1120, 1121, 1122, 1123, 1126, 1127, 1133, 1134, 1136, 1137, 1144, 1145, 1146, 1147, 1153, 1154, 1161, 1162, 1163, 1164, 1166, 1167, 1168, 1169, 1170, 1171, 1172, 1174, 1175, 1176, 1178, 1179, 1180, 1184, 1193, 1194, 1195, 1204, 1205, 1206, 1207, 1208, 1209, 1210, 1212, 1213, 1221, 1222, 1224, 1225, 1226, 1227, 1228, 1229, 1235, 1236, 1237, 1245, 1247, 1259, 1261, 1274, 1275, 1276, 1277, 1278, 1279, 1281, 1283, 1284, 1285, 1286, 1287, 1288, 1289, 1291, 1292, 1293, 1294, 1295, 1296, 1297, 1298, 1299, 1300, 1301, 1302, 1303, 1304, 1305, 1306, 1307, 1308, 1309, 1315, 1320, 1321, 1322, 1323, 1324, 1325, 1328, 1329, 1331, 1332, 1333, 1334, 1335, 1336, 1337, 1338, 1339, 1340, 1341, 1342, 1343, 1351, 1352, 1353, 1354, 1355, 1356, 1358, 1359, 1361, 1376, 1377, 1378, 1385, 1386, 1387, 1388, 1389, 1396, 1397, 1398, 1399, 1400, 1401, 1406, 1407, 1408, 1409], "excluded_lines": [], "start_line": 1}}}, "admin\\webhook.py": {"executed_lines": [1, 2, 3, 4, 5, 6, 7, 8, 10, 13, 19, 56, 57, 79, 80], "summary": {"covered_lines": 15, "num_statements": 85, "percent_covered": 17.647058823529413, "percent_covered_display": "18", "missing_lines": 70, "excluded_lines": 0, "percent_statements_covered": 17.647058823529413, "percent_statements_covered_display": "18"}, "missing_lines": [15, 16, 21, 22, 23, 24, 25, 26, 27, 28, 32, 45, 52, 59, 60, 62, 63, 64, 66, 67, 69, 70, 71, 72, 73, 74, 75, 76, 81, 82, 83, 85, 87, 88, 91, 92, 93, 95, 97, 98, 99, 100, 102, 103, 104, 106, 107, 108, 109, 111, 112, 113, 114, 115, 116, 118, 119, 121, 124, 125, 126, 127, 130, 131, 132, 133, 134, 136, 138, 140], "excluded_lines": [], "functions": {"generate_token_password": {"executed_lines": [], "summary": {"covered_lines": 0, "num_statements": 2, "percent_covered": 0.0, "percent_covered_display": "0", "missing_lines": 2, "excluded_lines": 0, "percent_statements_covered": 0.0, "percent_statements_covered_display": "0"}, "missing_lines": [15, 16], "excluded_lines": [], "start_line": 13}, "send_admin_token_mail": {"executed_lines": [], "summary": {"covered_lines": 0, "num_statements": 11, "percent_covered": 0.0, "percent_covered_display": "0", "missing_lines": 11, "excluded_lines": 0, "percent_statements_covered": 0.0, "percent_statements_covered_display": "0"}, "missing_lines": [21, 22, 23, 24, 25, 26, 27, 28, 32, 45, 52], "excluded_lines": [], "start_line": 19}, "test_token": {"executed_lines": [], "summary": {"covered_lines": 0, "num_statements": 15, "percent_covered": 0.0, "percent_covered_display": "0", "missing_lines": 15, "excluded_lines": 0, "percent_statements_covered": 0.0, "percent_statements_covered_display": "0"}, "missing_lines": [59, 60, 62, 63, 64, 66, 67, 69, 70, 71, 72, 73, 74, 75, 76], "excluded_lines": [], "start_line": 57}, "stripe_webhook": {"executed_lines": [], "summary": {"covered_lines": 0, "num_statements": 42, "percent_covered": 0.0, "percent_covered_display": "0", "missing_lines": 42, "excluded_lines": 0, "percent_statements_covered": 0.0, "percent_statements_covered_display": "0"}, "missing_lines": [81, 82, 83, 85, 87, 88, 91, 92, 93, 95, 97, 98, 99, 100, 102, 103, 104, 106, 107, 108, 109, 111, 112, 113, 114, 115, 116, 118, 119, 121, 124, 125, 126, 127, 130, 131, 132, 133, 134, 136, 138, 140], "excluded_lines": [], "start_line": 80}, "": {"executed_lines": [1, 2, 3, 4, 5, 6, 7, 8, 10, 13, 19, 56, 57, 79, 80], "summary": {"covered_lines": 15, "num_statements": 15, "percent_covered": 100.0, "percent_covered_display": "100", "missing_lines": 0, "excluded_lines": 0, "percent_statements_covered": 100.0, "percent_statements_covered_display": "100"}, "missing_lines": [], "excluded_lines": [], "start_line": 1}}, "classes": {"": {"executed_lines": [1, 2, 3, 4, 5, 6, 7, 8, 10, 13, 19, 56, 57, 79, 80], "summary": {"covered_lines": 15, "num_statements": 85, "percent_covered": 17.647058823529413, "percent_covered_display": "18", "missing_lines": 70, "excluded_lines": 0, "percent_statements_covered": 17.647058823529413, "percent_statements_covered_display": "18"}, "missing_lines": [15, 16, 21, 22, 23, 24, 25, 26, 27, 28, 32, 45, 52, 59, 60, 62, 63, 64, 66, 67, 69, 70, 71, 72, 73, 74, 75, 76, 81, 82, 83, 85, 87, 88, 91, 92, 93, 95, 97, 98, 99, 100, 102, 103, 104, 106, 107, 108, 109, 111, 112, 113, 114, 115, 116, 118, 119, 121, 124, 125, 126, 127, 130, 131, 132, 133, 134, 136, 138, 140], "excluded_lines": [], "start_line": 1}}}, "app.py": {"executed_lines": [1, 2, 3, 4, 5, 6, 7, 8, 9, 10, 11, 13, 14, 15, 16, 17, 18, 19, 20, 22, 23, 24, 25, 29, 30, 31, 32, 33, 34, 37, 39, 40, 42, 43, 45, 46, 48, 49, 50, 51, 52, 54, 55, 56, 57, 59, 61, 62, 68, 69, 70, 71, 72, 73, 74, 75, 77, 78, 79, 80, 81, 82, 86, 92, 93, 96, 100, 102], "summary": {"covered_lines": 68, "num_statements": 75, "percent_covered": 90.66666666666667, "percent_covered_display": "91", "missing_lines": 7, "excluded_lines": 0, "percent_statements_covered": 90.66666666666667, "percent_statements_covered_display": "91"}, "missing_lines": [63, 66, 83, 84, 85, 94, 103], "excluded_lines": [], "functions": {"set_sqlite_pragma": {"executed_lines": [31, 32, 33, 34], "summary": {"covered_lines": 4, "num_statements": 4, "percent_covered": 100.0, "percent_covered_display": "100", "missing_lines": 0, "excluded_lines": 0, "percent_statements_covered": 100.0, "percent_statements_covered_display": "100"}, "missing_lines": [], "excluded_lines": [], "start_line": 30}, "create_app": {"executed_lines": [39, 40, 42, 43, 45, 46, 48, 49, 50, 51, 52, 54, 55, 56, 57, 59, 61, 62, 68, 69, 70, 71, 72, 73, 74, 75, 77, 78, 92, 93, 96], "summary": {"covered_lines": 31, "num_statements": 31, "percent_covered": 100.0, "percent_covered_display": "100", "missing_lines": 0, "excluded_lines": 0, "percent_statements_covered": 100.0, "percent_statements_covered_display": "100"}, "missing_lines": [], "excluded_lines": [], "start_line": 37}, "create_app.show_500_page": {"executed_lines": [], "summary": {"covered_lines": 0, "num_statements": 2, "percent_covered": 0.0, "percent_covered_display": "0", "missing_lines": 2, "excluded_lines": 0, "percent_statements_covered": 0.0, "percent_statements_covered_display": "0"}, "missing_lines": [63, 66], "excluded_lines": [], "start_line": 62}, "create_app.inject_static_pages": {"executed_lines": [79, 80, 81, 82, 86], "summary": {"covered_lines": 5, "num_statements": 8, "percent_covered": 62.5, "percent_covered_display": "62", "missing_lines": 3, "excluded_lines": 0, "percent_statements_covered": 62.5, "percent_statements_covered_display": "62"}, "missing_lines": [83, 84, 85], "excluded_lines": [], "start_line": 78}, "create_app.load_user": {"executed_lines": [], "summary": {"covered_lines": 0, "num_statements": 1, "percent_covered": 0.0, "percent_covered_display": "0", "missing_lines": 1, "excluded_lines": 0, "percent_statements_covered": 0.0, "percent_statements_covered_display": "0"}, "missing_lines": [94], "excluded_lines": [], "start_line": 93}, "": {"executed_lines": [1, 2, 3, 4, 5, 6, 7, 8, 9, 10, 11, 13, 14, 15, 16, 17, 18, 19, 20, 22, 23, 24, 25, 29, 30, 37, 100, 102], "summary": {"covered_lines": 28, "num_statements": 29, "percent_covered": 96.55172413793103, "percent_covered_display": "97", "missing_lines": 1, "excluded_lines": 0, "percent_statements_covered": 96.55172413793103, "percent_statements_covered_display": "97"}, "missing_lines": [103], "excluded_lines": [], "start_line": 1}}, "classes": {"": {"executed_lines": [1, 2, 3, 4, 5, 6, 7, 8, 9, 10, 11, 13, 14, 15, 16, 17, 18, 19, 20, 22, 23, 24, 25, 29, 30, 31, 32, 33, 34, 37, 39, 40, 42, 43, 45, 46, 48, 49, 50, 51, 52, 54, 55, 56, 57, 59, 61, 62, 68, 69, 70, 71, 72, 73, 74, 75, 77, 78, 79, 80, 81, 82, 86, 92, 93, 96, 100, 102], "summary": {"covered_lines": 68, "num_statements": 75, "percent_covered": 90.66666666666667, "percent_covered_display": "91", "missing_lines": 7, "excluded_lines": 0, "percent_statements_covered": 90.66666666666667, "percent_statements_covered_display": "91"}, "missing_lines": [63, 66, 83, 84, 85, 94, 103], "excluded_lines": [], "start_line": 1}}}, "auth\\__init__.py": {"executed_lines": [], "summary": {"covered_lines": 0, "num_statements": 0, "percent_covered": 100.0, "percent_covered_display": "100", "missing_lines": 0, "excluded_lines": 0, "percent_statements_covered": 100.0, "percent_statements_covered_display": "100"}, "missing_lines": [], "excluded_lines": [], "functions": {"": {"executed_lines": [], "summary": {"covered_lines": 0, "num_statements": 0, "percent_covered": 100.0, "percent_covered_display": "100", "missing_lines": 0, "excluded_lines": 0, "percent_statements_covered": 100.0, "percent_statements_covered_display": "100"}, "missing_lines": [], "excluded_lines": [], "start_line": 1}}, "classes": {"": {"executed_lines": [], "summary": {"covered_lines": 0, "num_statements": 0, "percent_covered": 100.0, "percent_covered_display": "100", "missing_lines": 0, "excluded_lines": 0, "percent_statements_covered": 100.0, "percent_statements_covered_display": "100"}, "missing_lines": [], "excluded_lines": [], "start_line": 1}}}, "auth\\views.py": {"executed_lines": [1, 2, 3, 4, 5, 6, 7, 8, 9, 10, 11, 14, 17, 18, 20, 23, 26, 28, 31, 33, 34, 37, 42, 47, 48, 49, 54, 55, 78, 79, 80, 82, 83, 84, 87, 88, 89, 123, 124, 125, 134, 135, 149, 150, 154, 155, 162, 163, 190, 193, 194], "summary": {"covered_lines": 51, "num_statements": 116, "percent_covered": 43.96551724137931, "percent_covered_display": "44", "missing_lines": 65, "excluded_lines": 0, "percent_statements_covered": 43.96551724137931, "percent_statements_covered_display": "44"}, "missing_lines": [21, 38, 39, 43, 44, 51, 56, 57, 58, 59, 60, 61, 70, 71, 72, 73, 74, 75, 90, 91, 93, 94, 96, 97, 99, 100, 101, 102, 104, 105, 106, 107, 108, 111, 115, 126, 127, 128, 129, 130, 131, 151, 152, 157, 158, 159, 165, 167, 168, 169, 171, 176, 177, 183, 184, 186, 187, 188, 195, 197, 198, 200, 201, 202, 203], "excluded_lines": [], "functions": {"login": {"executed_lines": [20, 23, 26, 28, 31, 33, 34, 37, 42, 47, 48, 49], "summary": {"covered_lines": 12, "num_statements": 18, "percent_covered": 66.66666666666667, "percent_covered_display": "67", "missing_lines": 6, "excluded_lines": 0, "percent_statements_covered": 66.66666666666667, "percent_statements_covered_display": "67"}, "missing_lines": [21, 38, 39, 43, 44, 51], "excluded_lines": [], "start_line": 18}, "register": {"executed_lines": [], "summary": {"covered_lines": 0, "num_statements": 12, "percent_covered": 0.0, "percent_covered_display": "0", "missing_lines": 12, "excluded_lines": 0, "percent_statements_covered": 0.0, "percent_statements_covered_display": "0"}, "missing_lines": [56, 57, 58, 59, 60, 61, 70, 71, 72, 73, 74, 75], "excluded_lines": [], "start_line": 55}, "logout": {"executed_lines": [82, 83, 84], "summary": {"covered_lines": 3, "num_statements": 3, "percent_covered": 100.0, "percent_covered_display": "100", "missing_lines": 0, "excluded_lines": 0, "percent_statements_covered": 100.0, "percent_statements_covered_display": "100"}, "missing_lines": [], "excluded_lines": [], "start_line": 80}, "edit": {"executed_lines": [], "summary": {"covered_lines": 0, "num_statements": 17, "percent_covered": 0.0, "percent_covered_display": "0", "missing_lines": 17, "excluded_lines": 0, "percent_statements_covered": 0.0, "percent_statements_covered_display": "0"}, "missing_lines": [90, 91, 93, 94, 96, 97, 99, 100, 101, 102, 104, 105, 106, 107, 108, 111, 115], "excluded_lines": [], "start_line": 89}, "delete": {"executed_lines": [], "summary": {"covered_lines": 0, "num_statements": 6, "percent_covered": 0.0, "percent_covered_display": "0", "missing_lines": 6, "excluded_lines": 0, "percent_statements_covered": 0.0, "percent_statements_covered_display": "0"}, "missing_lines": [126, 127, 128, 129, 130, 131], "excluded_lines": [], "start_line": 125}, "oauth_login": {"executed_lines": [], "summary": {"covered_lines": 0, "num_statements": 2, "percent_covered": 0.0, "percent_covered_display": "0", "missing_lines": 2, "excluded_lines": 0, "percent_statements_covered": 0.0, "percent_statements_covered_display": "0"}, "missing_lines": [151, 152], "excluded_lines": [], "start_line": 150}, "auth_callback": {"executed_lines": [], "summary": {"covered_lines": 0, "num_statements": 3, "percent_covered": 0.0, "percent_covered_display": "0", "missing_lines": 3, "excluded_lines": 0, "percent_statements_covered": 0.0, "percent_statements_covered_display": "0"}, "missing_lines": [157, 158, 159], "excluded_lines": [], "start_line": 155}, "auth_google": {"executed_lines": [], "summary": {"covered_lines": 0, "num_statements": 12, "percent_covered": 0.0, "percent_covered_display": "0", "missing_lines": 12, "excluded_lines": 0, "percent_statements_covered": 0.0, "percent_statements_covered_display": "0"}, "missing_lines": [165, 167, 168, 169, 171, 176, 177, 183, 184, 186, 187, 188], "excluded_lines": [], "start_line": 163}, "check_userid": {"executed_lines": [], "summary": {"covered_lines": 0, "num_statements": 7, "percent_covered": 0.0, "percent_covered_display": "0", "missing_lines": 7, "excluded_lines": 0, "percent_statements_covered": 0.0, "percent_statements_covered_display": "0"}, "missing_lines": [195, 197, 198, 200, 201, 202, 203], "excluded_lines": [], "start_line": 194}, "": {"executed_lines": [1, 2, 3, 4, 5, 6, 7, 8, 9, 10, 11, 14, 17, 18, 54, 55, 78, 79, 80, 87, 88, 89, 123, 124, 125, 134, 135, 149, 150, 154, 155, 162, 163, 190, 193, 194], "summary": {"covered_lines": 36, "num_statements": 36, "percent_covered": 100.0, "percent_covered_display": "100", "missing_lines": 0, "excluded_lines": 0, "percent_statements_covered": 100.0, "percent_statements_covered_display": "100"}, "missing_lines": [], "excluded_lines": [], "start_line": 1}}, "classes": {"": {"executed_lines": [1, 2, 3, 4, 5, 6, 7, 8, 9, 10, 11, 14, 17, 18, 20, 23, 26, 28, 31, 33, 34, 37, 42, 47, 48, 49, 54, 55, 78, 79, 80, 82, 83, 84, 87, 88, 89, 123, 124, 125, 134, 135, 149, 150, 154, 155, 162, 163, 190, 193, 194], "summary": {"covered_lines": 51, "num_statements": 116, "percent_covered": 43.96551724137931, "percent_covered_display": "44", "missing_lines": 65, "excluded_lines": 0, "percent_statements_covered": 43.96551724137931, "percent_statements_covered_display": "44"}, "missing_lines": [21, 38, 39, 43, 44, 51, 56, 57, 58, 59, 60, 61, 70, 71, 72, 73, 74, 75, 90, 91, 93, 94, 96, 97, 99, 100, 101, 102, 104, 105, 106, 107, 108, 111, 115, 126, 127, 128, 129, 130, 131, 151, 152, 157, 158, 159, 165, 167, 168, 169, 171, 176, 177, 183, 184, 186, 187, 188, 195, 197, 198, 200, 201, 202, 203], "excluded_lines": [], "start_line": 1}}}, "config.py": {"executed_lines": [1, 2, 4, 6, 8, 11, 14, 17, 20, 26, 32, 37, 40, 43, 48, 49, 52, 53, 54, 55, 56, 59, 62, 63, 64, 65, 66, 67, 70], "summary": {"covered_lines": 29, "num_statements": 29, "percent_covered": 100.0, "percent_covered_display": "100", "missing_lines": 0, "excluded_lines": 0, "percent_statements_covered": 100.0, "percent_statements_covered_display": "100"}, "missing_lines": [], "excluded_lines": [], "functions": {"": {"executed_lines": [1, 2, 4, 6, 8, 11, 14, 17, 20, 26, 32, 37, 40, 43, 48, 49, 52, 53, 54, 55, 56, 59, 62, 63, 64, 65, 66, 67, 70], "summary": {"covered_lines": 29, "num_statements": 29, "percent_covered": 100.0, "percent_covered_display": "100", "missing_lines": 0, "excluded_lines": 0, "percent_statements_covered": 100.0, "percent_statements_covered_display": "100"}, "missing_lines": [], "excluded_lines": [], "start_line": 1}}, "classes": {"Config": {"executed_lines": [], "summary": {"covered_lines": 0, "num_statements": 0, "percent_covered": 100.0, "percent_covered_display": "100", "missing_lines": 0, "excluded_lines": 0, "percent_statements_covered": 100.0, "percent_statements_covered_display": "100"}, "missing_lines": [], "excluded_lines": [], "start_line": 6}, "": {"executed_lines": [1, 2, 4, 6, 8, 11, 14, 17, 20, 26, 32, 37, 40, 43, 48, 49, 52, 53, 54, 55, 56, 59, 62, 63, 64, 65, 66, 67, 70], "summary": {"covered_lines": 29, "num_statements": 29, "percent_covered": 100.0, "percent_covered_display": "100", "missing_lines": 0, "excluded_lines": 0, "percent_statements_covered": 100.0, "percent_statements_covered_display": "100"}, "missing_lines": [], "excluded_lines": [], "start_line": 1}}}, "docs\\__init__.py": {"executed_lines": [], "summary": {"covered_lines": 0, "num_statements": 0, "percent_covered": 100.0, "percent_covered_display": "100", "missing_lines": 0, "excluded_lines": 0, "percent_statements_covered": 100.0, "percent_statements_covered_display": "100"}, "missing_lines": [], "excluded_lines": [], "functions": {"": {"executed_lines": [], "summary": {"covered_lines": 0, "num_statements": 0, "percent_covered": 100.0, "percent_covered_display": "100", "missing_lines": 0, "excluded_lines": 0, "percent_statements_covered": 100.0, "percent_statements_covered_display": "100"}, "missing_lines": [], "excluded_lines": [], "start_line": 1}}, "classes": {"": {"executed_lines": [], "summary": {"covered_lines": 0, "num_statements": 0, "percent_covered": 100.0, "percent_covered_display": "100", "missing_lines": 0, "excluded_lines": 0, "percent_statements_covered": 100.0, "percent_statements_covered_display": "100"}, "missing_lines": [], "excluded_lines": [], "start_line": 1}}}, "docs\\dev_print.py": {"executed_lines": [], "summary": {"covered_lines": 0, "num_statements": 9, "percent_covered": 0.0, "percent_covered_display": "0", "missing_lines": 9, "excluded_lines": 0, "percent_statements_covered": 0.0, "percent_statements_covered_display": "0"}, "missing_lines": [1, 2, 3, 5, 6, 7, 8, 9, 10], "excluded_lines": [], "functions": {"": {"executed_lines": [], "summary": {"covered_lines": 0, "num_statements": 9, "percent_covered": 0.0, "percent_covered_display": "0", "missing_lines": 9, "excluded_lines": 0, "percent_statements_covered": 0.0, "percent_statements_covered_display": "0"}, "missing_lines": [1, 2, 3, 5, 6, 7, 8, 9, 10], "excluded_lines": [], "start_line": 1}}, "classes": {"": {"executed_lines": [], "summary": {"covered_lines": 0, "num_statements": 9, "percent_covered": 0.0, "percent_covered_display": "0", "missing_lines": 9, "excluded_lines": 0, "percent_statements_covered": 0.0, "percent_statements_covered_display": "0"}, "missing_lines": [1, 2, 3, 5, 6, 7, 8, 9, 10], "excluded_lines": [], "start_line": 1}}}, "docs\\views.py": {"executed_lines": [1, 2, 3, 4, 5, 6, 7, 8, 9, 10, 11, 12, 13, 17, 20, 21, 67, 68], "summary": {"covered_lines": 18, "num_statements": 123, "percent_covered": 14.634146341463415, "percent_covered_display": "15", "missing_lines": 105, "excluded_lines": 0, "percent_statements_covered": 14.634146341463415, "percent_statements_covered_display": "15"}, "missing_lines": [14, 15, 22, 23, 25, 26, 27, 29, 31, 33, 34, 35, 37, 38, 40, 42, 44, 51, 52, 53, 55, 56, 57, 58, 59, 60, 61, 64, 70, 71, 72, 77, 78, 80, 81, 83, 92, 93, 94, 95, 96, 97, 99, 100, 101, 102, 103, 104, 105, 106, 107, 108, 110, 111, 113, 123, 124, 125, 126, 127, 128, 130, 131, 136, 137, 138, 139, 140, 141, 143, 144, 149, 151, 152, 153, 155, 156, 157, 158, 159, 161, 162, 163, 164, 172, 173, 174, 175, 180, 182, 183, 190, 192, 193, 194, 195, 196, 198, 199, 200, 202, 203, 204, 205, 208], "excluded_lines": [], "functions": {"diagram": {"executed_lines": [], "summary": {"covered_lines": 0, "num_statements": 26, "percent_covered": 0.0, "percent_covered_display": "0", "missing_lines": 26, "excluded_lines": 0, "percent_statements_covered": 0.0, "percent_statements_covered_display": "0"}, "missing_lines": [22, 23, 25, 26, 27, 29, 31, 33, 34, 35, 37, 38, 40, 42, 44, 51, 52, 53, 55, 56, 57, 58, 59, 60, 61, 64], "excluded_lines": [], "start_line": 21}, "generate_docs": {"executed_lines": [], "summary": {"covered_lines": 0, "num_statements": 77, "percent_covered": 0.0, "percent_covered_display": "0", "missing_lines": 77, "excluded_lines": 0, "percent_statements_covered": 0.0, "percent_statements_covered_display": "0"}, "missing_lines": [70, 71, 72, 77, 78, 80, 81, 83, 92, 93, 94, 95, 96, 97, 99, 100, 101, 102, 103, 104, 105, 106, 107, 108, 110, 111, 113, 123, 124, 125, 126, 127, 128, 130, 131, 136, 137, 138, 139, 140, 141, 143, 144, 149, 151, 152, 153, 155, 156, 157, 158, 159, 161, 162, 163, 164, 172, 173, 174, 175, 180, 182, 183, 190, 192, 193, 194, 195, 196, 198, 199, 200, 202, 203, 204, 205, 208], "excluded_lines": [], "start_line": 68}, "": {"executed_lines": [1, 2, 3, 4, 5, 6, 7, 8, 9, 10, 11, 12, 13, 17, 20, 21, 67, 68], "summary": {"covered_lines": 18, "num_statements": 20, "percent_covered": 90.0, "percent_covered_display": "90", "missing_lines": 2, "excluded_lines": 0, "percent_statements_covered": 90.0, "percent_statements_covered_display": "90"}, "missing_lines": [14, 15], "excluded_lines": [], "start_line": 1}}, "classes": {"": {"executed_lines": [1, 2, 3, 4, 5, 6, 7, 8, 9, 10, 11, 12, 13, 17, 20, 21, 67, 68], "summary": {"covered_lines": 18, "num_statements": 123, "percent_covered": 14.634146341463415, "percent_covered_display": "15", "missing_lines": 105, "excluded_lines": 0, "percent_statements_covered": 14.634146341463415, "percent_statements_covered_display": "15"}, "missing_lines": [14, 15, 22, 23, 25, 26, 27, 29, 31, 33, 34, 35, 37, 38, 40, 42, 44, 51, 52, 53, 55, 56, 57, 58, 59, 60, 61, 64, 70, 71, 72, 77, 78, 80, 81, 83, 92, 93, 94, 95, 96, 97, 99, 100, 101, 102, 103, 104, 105, 106, 107, 108, 110, 111, 113, 123, 124, 125, 126, 127, 128, 130, 131, 136, 137, 138, 139, 140, 141, 143, 144, 149, 151, 152, 153, 155, 156, 157, 158, 159, 161, 162, 163, 164, 172, 173, 174, 175, 180, 182, 183, 190, 192, 193, 194, 195, 196, 198, 199, 200, 202, 203, 204, 205, 208], "excluded_lines": [], "start_line": 1}}}, "errors\\__init__.py": {"executed_lines": [], "summary": {"covered_lines": 0, "num_statements": 0, "percent_covered": 100.0, "percent_covered_display": "100", "missing_lines": 0, "excluded_lines": 0, "percent_statements_covered": 100.0, "percent_statements_covered_display": "100"}, "missing_lines": [], "excluded_lines": [], "functions": {"": {"executed_lines": [], "summary": {"covered_lines": 0, "num_statements": 0, "percent_covered": 100.0, "percent_covered_display": "100", "missing_lines": 0, "excluded_lines": 0, "percent_statements_covered": 100.0, "percent_statements_covered_display": "100"}, "missing_lines": [], "excluded_lines": [], "start_line": 1}}, "classes": {"": {"executed_lines": [], "summary": {"covered_lines": 0, "num_statements": 0, "percent_covered": 100.0, "percent_covered_display": "100", "missing_lines": 0, "excluded_lines": 0, "percent_statements_covered": 100.0, "percent_statements_covered_display": "100"}, "missing_lines": [], "excluded_lines": [], "start_line": 1}}}, "errors\\views.py": {"executed_lines": [1, 2, 3, 4, 6, 8, 14, 19, 21], "summary": {"covered_lines": 9, "num_statements": 9, "percent_covered": 100.0, "percent_covered_display": "100", "missing_lines": 0, "excluded_lines": 0, "percent_statements_covered": 100.0, "percent_statements_covered_display": "100"}, "missing_lines": [], "excluded_lines": [], "functions": {"show_404_page": {"executed_lines": [8, 14, 19, 21], "summary": {"covered_lines": 4, "num_statements": 4, "percent_covered": 100.0, "percent_covered_display": "100", "missing_lines": 0, "excluded_lines": 0, "percent_statements_covered": 100.0, "percent_statements_covered_display": "100"}, "missing_lines": [], "excluded_lines": [], "start_line": 6}, "": {"executed_lines": [1, 2, 3, 4, 6], "summary": {"covered_lines": 5, "num_statements": 5, "percent_covered": 100.0, "percent_covered_display": "100", "missing_lines": 0, "excluded_lines": 0, "percent_statements_covered": 100.0, "percent_statements_covered_display": "100"}, "missing_lines": [], "excluded_lines": [], "start_line": 1}}, "classes": {"": {"executed_lines": [1, 2, 3, 4, 6, 8, 14, 19, 21], "summary": {"covered_lines": 9, "num_statements": 9, "percent_covered": 100.0, "percent_covered_display": "100", "missing_lines": 0, "excluded_lines": 0, "percent_statements_covered": 100.0, "percent_statements_covered_display": "100"}, "missing_lines": [], "excluded_lines": [], "start_line": 1}}}, "favorite\\__init__.py": {"executed_lines": [], "summary": {"covered_lines": 0, "num_statements": 0, "percent_covered": 100.0, "percent_covered_display": "100", "missing_lines": 0, "excluded_lines": 0, "percent_statements_covered": 100.0, "percent_statements_covered_display": "100"}, "missing_lines": [], "excluded_lines": [], "functions": {"": {"executed_lines": [], "summary": {"covered_lines": 0, "num_statements": 0, "percent_covered": 100.0, "percent_covered_display": "100", "missing_lines": 0, "excluded_lines": 0, "percent_statements_covered": 100.0, "percent_statements_covered_display": "100"}, "missing_lines": [], "excluded_lines": [], "start_line": 1}}, "classes": {"": {"executed_lines": [], "summary": {"covered_lines": 0, "num_statements": 0, "percent_covered": 100.0, "percent_covered_display": "100", "missing_lines": 0, "excluded_lines": 0, "percent_statements_covered": 100.0, "percent_statements_covered_display": "100"}, "missing_lines": [], "excluded_lines": [], "start_line": 1}}}, "favorite\\views.py": {"executed_lines": [1, 2, 3, 6, 8, 9, 10, 19, 20, 21], "summary": {"covered_lines": 10, "num_statements": 25, "percent_covered": 40.0, "percent_covered_display": "40", "missing_lines": 15, "excluded_lines": 0, "percent_statements_covered": 40.0, "percent_statements_covered_display": "40"}, "missing_lines": [11, 12, 13, 14, 15, 16, 17, 22, 26, 27, 28, 29, 30, 31, 32], "excluded_lines": [], "functions": {"add": {"executed_lines": [], "summary": {"covered_lines": 0, "num_statements": 7, "percent_covered": 0.0, "percent_covered_display": "0", "missing_lines": 7, "excluded_lines": 0, "percent_statements_covered": 0.0, "percent_statements_covered_display": "0"}, "missing_lines": [11, 12, 13, 14, 15, 16, 17], "excluded_lines": [], "start_line": 10}, "remove_favorite": {"executed_lines": [], "summary": {"covered_lines": 0, "num_statements": 8, "percent_covered": 0.0, "percent_covered_display": "0", "missing_lines": 8, "excluded_lines": 0, "percent_statements_covered": 0.0, "percent_statements_covered_display": "0"}, "missing_lines": [22, 26, 27, 28, 29, 30, 31, 32], "excluded_lines": [], "start_line": 21}, "": {"executed_lines": [1, 2, 3, 6, 8, 9, 10, 19, 20, 21], "summary": {"covered_lines": 10, "num_statements": 10, "percent_covered": 100.0, "percent_covered_display": "100", "missing_lines": 0, "excluded_lines": 0, "percent_statements_covered": 100.0, "percent_statements_covered_display": "100"}, "missing_lines": [], "excluded_lines": [], "start_line": 1}}, "classes": {"": {"executed_lines": [1, 2, 3, 6, 8, 9, 10, 19, 20, 21], "summary": {"covered_lines": 10, "num_statements": 25, "percent_covered": 40.0, "percent_covered_display": "40", "missing_lines": 15, "excluded_lines": 0, "percent_statements_covered": 40.0, "percent_statements_covered_display": "40"}, "missing_lines": [11, 12, 13, 14, 15, 16, 17, 22, 26, 27, 28, 29, 30, 31, 32], "excluded_lines": [], "start_line": 1}}}, "fixed\\__init__.py": {"executed_lines": [], "summary": {"covered_lines": 0, "num_statements": 0, "percent_covered": 100.0, "percent_covered_display": "100", "missing_lines": 0, "excluded_lines": 0, "percent_statements_covered": 100.0, "percent_statements_covered_display": "100"}, "missing_lines": [], "excluded_lines": [], "functions": {"": {"executed_lines": [], "summary": {"covered_lines": 0, "num_statements": 0, "percent_covered": 100.0, "percent_covered_display": "100", "missing_lines": 0, "excluded_lines": 0, "percent_statements_covered": 100.0, "percent_statements_covered_display": "100"}, "missing_lines": [], "excluded_lines": [], "start_line": 1}}, "classes": {"": {"executed_lines": [], "summary": {"covered_lines": 0, "num_statements": 0, "percent_covered": 100.0, "percent_covered_display": "100", "missing_lines": 0, "excluded_lines": 0, "percent_statements_covered": 100.0, "percent_statements_covered_display": "100"}, "missing_lines": [], "excluded_lines": [], "start_line": 1}}}, "fixed\\views.py": {"executed_lines": [1, 2, 3, 5, 8, 9], "summary": {"covered_lines": 6, "num_statements": 12, "percent_covered": 50.0, "percent_covered_display": "50", "missing_lines": 6, "excluded_lines": 0, "percent_statements_covered": 50.0, "percent_statements_covered_display": "50"}, "missing_lines": [10, 11, 12, 14, 18, 22], "excluded_lines": [], "functions": {"static_page": {"executed_lines": [], "summary": {"covered_lines": 0, "num_statements": 6, "percent_covered": 0.0, "percent_covered_display": "0", "missing_lines": 6, "excluded_lines": 0, "percent_statements_covered": 0.0, "percent_statements_covered_display": "0"}, "missing_lines": [10, 11, 12, 14, 18, 22], "excluded_lines": [], "start_line": 9}, "": {"executed_lines": [1, 2, 3, 5, 8, 9], "summary": {"covered_lines": 6, "num_statements": 6, "percent_covered": 100.0, "percent_covered_display": "100", "missing_lines": 0, "excluded_lines": 0, "percent_statements_covered": 100.0, "percent_statements_covered_display": "100"}, "missing_lines": [], "excluded_lines": [], "start_line": 1}}, "classes": {"": {"executed_lines": [1, 2, 3, 5, 8, 9], "summary": {"covered_lines": 6, "num_statements": 12, "percent_covered": 50.0, "percent_covered_display": "50", "missing_lines": 6, "excluded_lines": 0, "percent_statements_covered": 50.0, "percent_statements_covered_display": "50"}, "missing_lines": [10, 11, 12, 14, 18, 22], "excluded_lines": [], "start_line": 1}}}, "forms.py": {"executed_lines": [1, 2, 14, 15, 16, 25, 31, 50, 51, 52, 59, 66, 72, 80, 82, 83, 85, 86, 87, 88, 93, 94, 97, 100, 101, 104, 105, 123, 130, 134, 141, 151, 165, 177, 189, 192, 198, 204, 208, 210, 213, 214, 215, 224, 231, 237, 238, 241, 249, 255, 256, 260], "summary": {"covered_lines": 52, "num_statements": 69, "percent_covered": 75.3623188405797, "percent_covered_display": "75", "missing_lines": 17, "excluded_lines": 0, "percent_statements_covered": 75.3623188405797, "percent_statements_covered_display": "75"}, "missing_lines": [36, 41, 89, 193, 194, 195, 199, 200, 201, 205, 242, 243, 244, 246, 250, 251, 252], "excluded_lines": [], "functions": {"validate_password_strength": {"executed_lines": [], "summary": {"covered_lines": 0, "num_statements": 2, "percent_covered": 0.0, "percent_covered_display": "0", "missing_lines": 2, "excluded_lines": 0, "percent_statements_covered": 0.0, "percent_statements_covered_display": "0"}, "missing_lines": [36, 41], "excluded_lines": [], "start_line": 31}, "MemoForm.validate_title": {"executed_lines": [83, 85, 86, 87, 88], "summary": {"covered_lines": 5, "num_statements": 6, "percent_covered": 83.33333333333333, "percent_covered_display": "83", "missing_lines": 1, "excluded_lines": 0, "percent_statements_covered": 83.33333333333333, "percent_statements_covered_display": "83"}, "missing_lines": [89], "excluded_lines": [], "start_line": 82}, "SignUpForm.validate_username": {"executed_lines": [], "summary": {"covered_lines": 0, "num_statements": 3, "percent_covered": 0.0, "percent_covered_display": "0", "missing_lines": 3, "excluded_lines": 0, "percent_statements_covered": 0.0, "percent_statements_covered_display": "0"}, "missing_lines": [193, 194, 195], "excluded_lines": [], "start_line": 192}, "SignUpForm.validate_email": {"executed_lines": [], "summary": {"covered_lines": 0, "num_statements": 3, "percent_covered": 0.0, "percent_covered_display": "0", "missing_lines": 3, "excluded_lines": 0, "percent_statements_covered": 0.0, "percent_statements_covered_display": "0"}, "missing_lines": [199, 200, 201], "excluded_lines": [], "start_line": 198}, "SignUpForm.validate_password": {"executed_lines": [], "summary": {"covered_lines": 0, "num_statements": 1, "percent_covered": 0.0, "percent_covered_display": "0", "missing_lines": 1, "excluded_lines": 0, "percent_statements_covered": 0.0, "percent_statements_covered_display": "0"}, "missing_lines": [205], "excluded_lines": [], "start_line": 204}, "EditUserForm.validate_password": {"executed_lines": [], "summary": {"covered_lines": 0, "num_statements": 4, "percent_covered": 0.0, "percent_covered_display": "0", "missing_lines": 4, "excluded_lines": 0, "percent_statements_covered": 0.0, "percent_statements_covered_display": "0"}, "missing_lines": [242, 243, 244, 246], "excluded_lines": [], "start_line": 241}, "EditUserForm.validate_confirm_password": {"executed_lines": [], "summary": {"covered_lines": 0, "num_statements": 3, "percent_covered": 0.0, "percent_covered_display": "0", "missing_lines": 3, "excluded_lines": 0, "percent_statements_covered": 0.0, "percent_statements_covered_display": "0"}, "missing_lines": [250, 251, 252], "excluded_lines": [], "start_line": 249}, "": {"executed_lines": [1, 2, 14, 15, 16, 25, 31, 50, 51, 52, 59, 66, 72, 80, 82, 93, 94, 97, 100, 101, 104, 105, 123, 130, 134, 141, 151, 165, 177, 189, 192, 198, 204, 208, 210, 213, 214, 215, 224, 231, 237, 238, 241, 249, 255, 256, 260], "summary": {"covered_lines": 47, "num_statements": 47, "percent_covered": 100.0, "percent_covered_display": "100", "missing_lines": 0, "excluded_lines": 0, "percent_statements_covered": 100.0, "percent_statements_covered_display": "100"}, "missing_lines": [], "excluded_lines": [], "start_line": 1}}, "classes": {"MemoForm": {"executed_lines": [83, 85, 86, 87, 88], "summary": {"covered_lines": 5, "num_statements": 6, "percent_covered": 83.33333333333333, "percent_covered_display": "83", "missing_lines": 1, "excluded_lines": 0, "percent_statements_covered": 83.33333333333333, "percent_statements_covered_display": "83"}, "missing_lines": [89], "excluded_lines": [], "start_line": 50}, "LoginForm": {"executed_lines": [], "summary": {"covered_lines": 0, "num_statements": 0, "percent_covered": 100.0, "percent_covered_display": "100", "missing_lines": 0, "excluded_lines": 0, "percent_statements_covered": 100.0, "percent_statements_covered_display": "100"}, "missing_lines": [], "excluded_lines": [], "start_line": 93}, "SignUpForm": {"executed_lines": [], "summary": {"covered_lines": 0, "num_statements": 7, "percent_covered": 0.0, "percent_covered_display": "0", "missing_lines": 7, "excluded_lines": 0, "percent_statements_covered": 0.0, "percent_statements_covered_display": "0"}, "missing_lines": [193, 194, 195, 199, 200, 201, 205], "excluded_lines": [], "start_line": 104}, "EditUserForm": {"executed_lines": [], "summary": {"covered_lines": 0, "num_statements": 7, "percent_covered": 0.0, "percent_covered_display": "0", "missing_lines": 7, "excluded_lines": 0, "percent_statements_covered": 0.0, "percent_statements_covered_display": "0"}, "missing_lines": [242, 243, 244, 246, 250, 251, 252], "excluded_lines": [], "start_line": 208}, "AdminLoginForm": {"executed_lines": [], "summary": {"covered_lines": 0, "num_statements": 0, "percent_covered": 100.0, "percent_covered_display": "100", "missing_lines": 0, "excluded_lines": 0, "percent_statements_covered": 100.0, "percent_statements_covered_display": "100"}, "missing_lines": [], "excluded_lines": [], "start_line": 255}, "": {"executed_lines": [1, 2, 14, 15, 16, 25, 31, 50, 51, 52, 59, 66, 72, 80, 82, 93, 94, 97, 100, 101, 104, 105, 123, 130, 134, 141, 151, 165, 177, 189, 192, 198, 204, 208, 210, 213, 214, 215, 224, 231, 237, 238, 241, 249, 255, 256, 260], "summary": {"covered_lines": 47, "num_statements": 49, "percent_covered": 95.91836734693878, "percent_covered_display": "96", "missing_lines": 2, "excluded_lines": 0, "percent_statements_covered": 95.91836734693878, "percent_statements_covered_display": "96"}, "missing_lines": [36, 41], "excluded_lines": [], "start_line": 1}}}, "memo\\__init__.py": {"executed_lines": [], "summary": {"covered_lines": 0, "num_statements": 0, "percent_covered": 100.0, "percent_covered_display": "100", "missing_lines": 0, "excluded_lines": 0, "percent_statements_covered": 100.0, "percent_statements_covered_display": "100"}, "missing_lines": [], "excluded_lines": [], "functions": {"": {"executed_lines": [], "summary": {"covered_lines": 0, "num_statements": 0, "percent_covered": 100.0, "percent_covered_display": "100", "missing_lines": 0, "excluded_lines": 0, "percent_statements_covered": 100.0, "percent_statements_covered_display": "100"}, "missing_lines": [], "excluded_lines": [], "start_line": 1}}, "classes": {"": {"executed_lines": [], "summary": {"covered_lines": 0, "num_statements": 0, "percent_covered": 100.0, "percent_covered_display": "100", "missing_lines": 0, "excluded_lines": 0, "percent_statements_covered": 100.0, "percent_statements_covered_display": "100"}, "missing_lines": [], "excluded_lines": [], "start_line": 1}}}, "memo\\views.py": {"executed_lines": [1, 2, 3, 4, 5, 6, 7, 8, 9, 10, 11, 14, 16, 22, 23, 24, 25, 26, 27, 28, 29, 30, 31, 33, 35, 36, 37, 38, 40, 44, 47, 48, 50, 52, 56, 58, 61, 63, 64, 65, 91, 92, 105, 106, 107, 108, 109, 110, 120, 122, 123, 124, 133, 141, 142, 144, 145, 146, 147, 148, 152, 153, 154, 155, 156, 157, 158, 159, 160, 161, 162, 163, 165, 170, 171, 173, 174, 175, 176, 185, 186, 187, 188, 189, 190, 191, 192], "summary": {"covered_lines": 87, "num_statements": 130, "percent_covered": 66.92307692307692, "percent_covered_display": "67", "missing_lines": 43, "excluded_lines": 0, "percent_statements_covered": 66.92307692307692, "percent_statements_covered_display": "67"}, "missing_lines": [17, 41, 42, 45, 51, 53, 62, 66, 68, 69, 70, 71, 75, 76, 77, 78, 82, 84, 85, 87, 111, 112, 113, 114, 115, 116, 117, 118, 119, 125, 127, 128, 129, 131, 132, 143, 149, 150, 166, 167, 168, 172, 177], "excluded_lines": [], "functions": {"allowed_file": {"executed_lines": [], "summary": {"covered_lines": 0, "num_statements": 1, "percent_covered": 0.0, "percent_covered_display": "0", "missing_lines": 1, "excluded_lines": 0, "percent_statements_covered": 0.0, "percent_statements_covered_display": "0"}, "missing_lines": [17], "excluded_lines": [], "start_line": 16}, "index": {"executed_lines": [25, 26, 27, 28, 29, 30, 31, 33, 35, 36, 37, 38, 40, 44, 47, 48, 50, 52, 56, 58, 61, 63, 64, 65, 91, 92], "summary": {"covered_lines": 26, "num_statements": 45, "percent_covered": 57.77777777777778, "percent_covered_display": "58", "missing_lines": 19, "excluded_lines": 0, "percent_statements_covered": 57.77777777777778, "percent_statements_covered_display": "58"}, "missing_lines": [41, 42, 45, 51, 53, 62, 66, 68, 69, 70, 71, 75, 76, 77, 78, 82, 84, 85, 87], "excluded_lines": [], "start_line": 24}, "create": {"executed_lines": [108, 109, 110, 120, 122, 123, 124, 133, 141, 142, 144, 145, 146, 147, 148], "summary": {"covered_lines": 15, "num_statements": 33, "percent_covered": 45.45454545454545, "percent_covered_display": "45", "missing_lines": 18, "excluded_lines": 0, "percent_statements_covered": 45.45454545454545, "percent_statements_covered_display": "45"}, "missing_lines": [111, 112, 113, 114, 115, 116, 117, 118, 119, 125, 127, 128, 129, 131, 132, 143, 149, 150], "excluded_lines": [], "start_line": 107}, "update": {"executed_lines": [155, 156, 157, 158, 159, 160, 161, 162, 163, 165, 170, 171, 173, 174, 175, 176], "summary": {"covered_lines": 16, "num_statements": 21, "percent_covered": 76.19047619047619, "percent_covered_display": "76", "missing_lines": 5, "excluded_lines": 0, "percent_statements_covered": 76.19047619047619, "percent_statements_covered_display": "76"}, "missing_lines": [166, 167, 168, 172, 177], "excluded_lines": [], "start_line": 154}, "delete": {"executed_lines": [188, 189, 190, 191, 192], "summary": {"covered_lines": 5, "num_statements": 5, "percent_covered": 100.0, "percent_covered_display": "100", "missing_lines": 0, "excluded_lines": 0, "percent_statements_covered": 100.0, "percent_statements_covered_display": "100"}, "missing_lines": [], "excluded_lines": [], "start_line": 187}, "": {"executed_lines": [1, 2, 3, 4, 5, 6, 7, 8, 9, 10, 11, 14, 16, 22, 23, 24, 105, 106, 107, 152, 153, 154, 185, 186, 187], "summary": {"covered_lines": 25, "num_statements": 25, "percent_covered": 100.0, "percent_covered_display": "100", "missing_lines": 0, "excluded_lines": 0, "percent_statements_covered": 100.0, "percent_statements_covered_display": "100"}, "missing_lines": [], "excluded_lines": [], "start_line": 1}}, "classes": {"": {"executed_lines": [1, 2, 3, 4, 5, 6, 7, 8, 9, 10, 11, 14, 16, 22, 23, 24, 25, 26, 27, 28, 29, 30, 31, 33, 35, 36, 37, 38, 40, 44, 47, 48, 50, 52, 56, 58, 61, 63, 64, 65, 91, 92, 105, 106, 107, 108, 109, 110, 120, 122, 123, 124, 133, 141, 142, 144, 145, 146, 147, 148, 152, 153, 154, 155, 156, 157, 158, 159, 160, 161, 162, 163, 165, 170, 171, 173, 174, 175, 176, 185, 186, 187, 188, 189, 190, 191, 192], "summary": {"covered_lines": 87, "num_statements": 130, "percent_covered": 66.92307692307692, "percent_covered_display": "67", "missing_lines": 43, "excluded_lines": 0, "percent_statements_covered": 66.92307692307692, "percent_statements_covered_display": "67"}, "missing_lines": [17, 41, 42, 45, 51, 53, 62, 66, 68, 69, 70, 71, 75, 76, 77, 78, 82, 84, 85, 87, 111, 112, 113, 114, 115, 116, 117, 118, 119, 125, 127, 128, 129, 131, 132, 143, 149, 150, 166, 167, 168, 172, 177], "excluded_lines": [], "start_line": 1}}}, "models.py": {"executed_lines": [1, 2, 3, 4, 5, 6, 8, 10, 16, 17, 18, 19, 20, 21, 22, 23, 24, 25, 26, 27, 28, 29, 31, 32, 33, 34, 35, 36, 37, 39, 40, 41, 42, 43, 44, 45, 46, 47, 48, 50, 52, 53, 54, 55, 58, 60, 61, 62, 63, 64, 65, 66, 67, 68, 69, 72, 73, 74, 75, 76, 77, 78, 79, 80, 81, 83, 84, 85, 86, 87, 88, 89, 90, 91, 92, 93, 94, 96, 97, 98, 99, 100, 101, 102, 103, 104, 105, 106, 107, 108, 109, 110, 111, 113, 114, 116], "summary": {"covered_lines": 96, "num_statements": 101, "percent_covered": 95.04950495049505, "percent_covered_display": "95", "missing_lines": 5, "excluded_lines": 0, "percent_statements_covered": 95.04950495049505, "percent_statements_covered_display": "95"}, "missing_lines": [112, 115, 117, 118, 119], "excluded_lines": [], "functions": {"User.is_active": {"executed_lines": [104], "summary": {"covered_lines": 1, "num_statements": 1, "percent_covered": 100.0, "percent_covered_display": "100", "missing_lines": 0, "excluded_lines": 0, "percent_statements_covered": 100.0, "percent_statements_covered_display": "100"}, "missing_lines": [], "excluded_lines": [], "start_line": 103}, "User.is_oauth_user": {"executed_lines": [107], "summary": {"covered_lines": 1, "num_statements": 1, "percent_covered": 100.0, "percent_covered_display": "100", "missing_lines": 0, "excluded_lines": 0, "percent_statements_covered": 100.0, "percent_statements_covered_display": "100"}, "missing_lines": [], "excluded_lines": [], "start_line": 106}, "User.set_password": {"executed_lines": [109], "summary": {"covered_lines": 1, "num_statements": 1, "percent_covered": 100.0, "percent_covered_display": "100", "missing_lines": 0, "excluded_lines": 0, "percent_statements_covered": 100.0, "percent_statements_covered_display": "100"}, "missing_lines": [], "excluded_lines": [], "start_line": 108}, "User.check_password": {"executed_lines": [111, 113], "summary": {"covered_lines": 2, "num_statements": 3, "percent_covered": 66.66666666666667, "percent_covered_display": "67", "missing_lines": 1, "excluded_lines": 0, "percent_statements_covered": 66.66666666666667, "percent_statements_covered_display": "67"}, "missing_lines": [112], "excluded_lines": [], "start_line": 110}, "User.set_admin_password": {"executed_lines": [], "summary": {"covered_lines": 0, "num_statements": 1, "percent_covered": 0.0, "percent_covered_display": "0", "missing_lines": 1, "excluded_lines": 0, "percent_statements_covered": 0.0, "percent_statements_covered_display": "0"}, "missing_lines": [115], "excluded_lines": [], "start_line": 114}, "User.check_admin_password": {"executed_lines": [], "summary": {"covered_lines": 0, "num_statements": 3, "percent_covered": 0.0, "percent_covered_display": "0", "missing_lines": 3, "excluded_lines": 0, "percent_statements_covered": 0.0, "percent_statements_covered_display": "0"}, "missing_lines": [117, 118, 119], "excluded_lines": [], "start_line": 116}, "": {"executed_lines": [1, 2, 3, 4, 5, 6, 8, 10, 16, 17, 18, 19, 20, 21, 22, 23, 24, 25, 26, 27, 28, 29, 31, 32, 33, 34, 35, 36, 37, 39, 40, 41, 42, 43, 44, 45, 46, 47, 48, 50, 52, 53, 54, 55, 58, 60, 61, 62, 63, 64, 65, 66, 67, 68, 69, 72, 73, 74, 75, 76, 77, 78, 79, 80, 81, 83, 84, 85, 86, 87, 88, 89, 90, 91, 92, 93, 94, 96, 97, 98, 99, 100, 101, 102, 103, 105, 106, 108, 110, 114, 116], "summary": {"covered_lines": 91, "num_statements": 91, "percent_covered": 100.0, "percent_covered_display": "100", "missing_lines": 0, "excluded_lines": 0, "percent_statements_covered": 100.0, "percent_statements_covered_display": "100"}, "missing_lines": [], "excluded_lines": [], "start_line": 1}}, "classes": {"Memo": {"executed_lines": [], "summary": {"covered_lines": 0, "num_statements": 0, "percent_covered": 100.0, "percent_covered_display": "100", "missing_lines": 0, "excluded_lines": 0, "percent_statements_covered": 100.0, "percent_statements_covered_display": "100"}, "missing_lines": [], "excluded_lines": [], "start_line": 16}, "Category": {"executed_lines": [], "summary": {"covered_lines": 0, "num_statements": 0, "percent_covered": 100.0, "percent_covered_display": "100", "missing_lines": 0, "excluded_lines": 0, "percent_statements_covered": 100.0, "percent_statements_covered_display": "100"}, "missing_lines": [], "excluded_lines": [], "start_line": 31}, "Favorite": {"executed_lines": [], "summary": {"covered_lines": 0, "num_statements": 0, "percent_covered": 100.0, "percent_covered_display": "100", "missing_lines": 0, "excluded_lines": 0, "percent_statements_covered": 100.0, "percent_statements_covered_display": "100"}, "missing_lines": [], "excluded_lines": [], "start_line": 39}, "ThumbnailConfig": {"executed_lines": [], "summary": {"covered_lines": 0, "num_statements": 0, "percent_covered": 100.0, "percent_covered_display": "100", "missing_lines": 0, "excluded_lines": 0, "percent_statements_covered": 100.0, "percent_statements_covered_display": "100"}, "missing_lines": [], "excluded_lines": [], "start_line": 50}, "FixedPage": {"executed_lines": [], "summary": {"covered_lines": 0, "num_statements": 0, "percent_covered": 100.0, "percent_covered_display": "100", "missing_lines": 0, "excluded_lines": 0, "percent_statements_covered": 100.0, "percent_statements_covered_display": "100"}, "missing_lines": [], "excluded_lines": [], "start_line": 58}, "User": {"executed_lines": [104, 107, 109, 111, 113], "summary": {"covered_lines": 5, "num_statements": 10, "percent_covered": 50.0, "percent_covered_display": "50", "missing_lines": 5, "excluded_lines": 0, "percent_statements_covered": 50.0, "percent_statements_covered_display": "50"}, "missing_lines": [112, 115, 117, 118, 119], "excluded_lines": [], "start_line": 72}, "": {"executed_lines": [1, 2, 3, 4, 5, 6, 8, 10, 16, 17, 18, 19, 20, 21, 22, 23, 24, 25, 26, 27, 28, 29, 31, 32, 33, 34, 35, 36, 37, 39, 40, 41, 42, 43, 44, 45, 46, 47, 48, 50, 52, 53, 54, 55, 58, 60, 61, 62, 63, 64, 65, 66, 67, 68, 69, 72, 73, 74, 75, 76, 77, 78, 79, 80, 81, 83, 84, 85, 86, 87, 88, 89, 90, 91, 92, 93, 94, 96, 97, 98, 99, 100, 101, 102, 103, 105, 106, 108, 110, 114, 116], "summary": {"covered_lines": 91, "num_statements": 91, "percent_covered": 100.0, "percent_covered_display": "100", "missing_lines": 0, "excluded_lines": 0, "percent_statements_covered": 100.0, "percent_statements_covered_display": "100"}, "missing_lines": [], "excluded_lines": [], "start_line": 1}}}, "public\\__init__.py": {"executed_lines": [], "summary": {"covered_lines": 0, "num_statements": 0, "percent_covered": 100.0, "percent_covered_display": "100", "missing_lines": 0, "excluded_lines": 0, "percent_statements_covered": 100.0, "percent_statements_covered_display": "100"}, "missing_lines": [], "excluded_lines": [], "functions": {"": {"executed_lines": [], "summary": {"covered_lines": 0, "num_statements": 0, "percent_covered": 100.0, "percent_covered_display": "100", "missing_lines": 0, "excluded_lines": 0, "percent_statements_covered": 100.0, "percent_statements_covered_display": "100"}, "missing_lines": [], "excluded_lines": [], "start_line": 1}}, "classes": {"": {"executed_lines": [], "summary": {"covered_lines": 0, "num_statements": 0, "percent_covered": 100.0, "percent_covered_display": "100", "missing_lines": 0, "excluded_lines": 0, "percent_statements_covered": 100.0, "percent_statements_covered_display": "100"}, "missing_lines": [], "excluded_lines": [], "start_line": 1}}}, "public\\views.py": {"executed_lines": [1, 2, 3, 4, 5, 6, 7, 9, 10, 12, 13, 14, 19, 20, 21, 23, 24, 25, 26, 27, 28, 30, 31, 36, 40, 44, 45, 48, 49, 71, 81, 82, 83, 84, 85, 86, 87, 91, 95], "summary": {"covered_lines": 39, "num_statements": 54, "percent_covered": 72.22222222222223, "percent_covered_display": "72", "missing_lines": 15, "excluded_lines": 0, "percent_statements_covered": 72.22222222222223, "percent_statements_covered_display": "72"}, "missing_lines": [32, 46, 51, 52, 54, 59, 61, 62, 63, 64, 65, 66, 67, 69, 70], "excluded_lines": [], "functions": {"markdown_to_html": {"executed_lines": [14], "summary": {"covered_lines": 1, "num_statements": 1, "percent_covered": 100.0,
[...]
requires_login": {"executed_lines": [42, 43, 44], "summary": {"covered_lines": 3, "num_statements": 3, "percent_covered": 100.0, "percent_covered_display": "100", "missing_lines": 0, "excluded_lines": 0, "percent_statements_covered": 100.0, "percent_statements_covered_display": "100"}, "missing_lines": [], "excluded_lines": [], "start_line": 40}, "TestAccessControl.test_logged_in_can_access_memo_index": {"executed_lines": [48, 49], "summary": {"covered_lines": 2, "num_statements": 2, "percent_covered": 100.0, "percent_covered_display": "100", "missing_lines": 0, "excluded_lines": 0, "percent_statements_covered": 100.0, "percent_statements_covered_display": "100"}, "missing_lines": [], "excluded_lines": [], "start_line": 46}, "": {"executed_lines": [1, 2, 10, 19, 27, 33, 34, 40, 46], "summary": {"covered_lines": 9, "num_statements": 9, "percent_covered": 100.0, "percent_covered_display": "100", "missing_lines": 0, "excluded_lines": 0, "percent_statements_covered": 100.0, "percent_statements_covered_display": "100"}, "missing_lines": [], "excluded_lines": [], "start_line": 1}}, "classes": {"TestLogin": {"executed_lines": [4, 8, 12, 16, 17, 21, 25, 29, 30], "summary": {"covered_lines": 9, "num_statements": 9, "percent_covered": 100.0, "percent_covered_display": "100", "missing_lines": 0, "excluded_lines": 0, "percent_statements_covered": 100.0, "percent_statements_covered_display": "100"}, "missing_lines": [], "excluded_lines": [], "start_line": 1}, "TestAccessControl": {"executed_lines": [36, 37, 38, 42, 43, 44, 48, 49], "summary": {"covered_lines": 8, "num_statements": 8, "percent_covered": 100.0, "percent_covered_display": "100", "missing_lines": 0, "excluded_lines": 0, "percent_statements_covered": 100.0, "percent_statements_covered_display": "100"}, "missing_lines": [], "excluded_lines": [], "start_line": 33}, "": {"executed_lines": [1, 2, 10, 19, 27, 33, 34, 40, 46], "summary": {"covered_lines": 9, "num_statements": 9, "percent_covered": 100.0, "percent_covered_display": "100", "missing_lines": 0, "excluded_lines": 0, "percent_statements_covered": 100.0, "percent_statements_covered_display": "100"}, "missing_lines": [], "excluded_lines": [], "start_line": 1}}}, "tests\\test_logger.py": {"executed_lines": [1, 2, 3, 4, 7, 9, 19, 21, 25, 28, 30, 40, 41, 42, 43, 46, 48, 49], "summary": {"covered_lines": 18, "num_statements": 18, "percent_covered": 100.0, "percent_covered_display": "100", "missing_lines": 0, "excluded_lines": 0, "percent_statements_covered": 100.0, "percent_statements_covered_display": "100"}, "missing_lines": [], "excluded_lines": [], "functions": {"test_log_file_created_on_startup": {"executed_lines": [9, 19, 21, 25], "summary": {"covered_lines": 4, "num_statements": 4, "percent_covered": 100.0, "percent_covered_display": "100", "missing_lines": 0, "excluded_lines": 0, "percent_statements_covered": 100.0, "percent_statements_covered_display": "100"}, "missing_lines": [], "excluded_lines": [], "start_line": 7}, "test_smtp_handler_not_added_in_testing": {"executed_lines": [30, 40, 41, 42, 43], "summary": {"covered_lines": 5, "num_statements": 5, "percent_covered": 100.0, "percent_covered_display": "100", "missing_lines": 0, "excluded_lines": 0, "percent_statements_covered": 100.0, "percent_statements_covered_display": "100"}, "missing_lines": [], "excluded_lines": [], "start_line": 28}, "test_500_error_returns_500_status": {"executed_lines": [48, 49], "summary": {"covered_lines": 2, "num_statements": 2, "percent_covered": 100.0, "percent_covered_display": "100", "missing_lines": 0, "excluded_lines": 0, "percent_statements_covered": 100.0, "percent_statements_covered_display": "100"}, "missing_lines": [], "excluded_lines": [], "start_line": 46}, "": {"executed_lines": [1, 2, 3, 4, 7, 28, 46], "summary": {"covered_lines": 7, "num_statements": 7, "percent_covered": 100.0, "percent_covered_display": "100", "missing_lines": 0, "excluded_lines": 0, "percent_statements_covered": 100.0, "percent_statements_covered_display": "100"}, "missing_lines": [], "excluded_lines": [], "start_line": 1}}, "classes": {"": {"executed_lines": [1, 2, 3, 4, 7, 9, 19, 21, 25, 28, 30, 40, 41, 42, 43, 46, 48, 49], "summary": {"covered_lines": 18, "num_statements": 18, "percent_covered": 100.0, "percent_covered_display": "100", "missing_lines": 0, "excluded_lines": 0, "percent_statements_covered": 100.0, "percent_statements_covered_display": "100"}, "missing_lines": [], "excluded_lines": [], "start_line": 1}}}, "tests\\test_memo.py": {"executed_lines": [1, 4, 5, 7, 8, 10, 15, 17, 18, 19, 21, 23, 24, 25, 26, 27, 28, 30, 34, 36, 37, 38, 40, 42, 43, 44, 45, 46, 47, 49, 54, 58, 60, 62, 63, 64, 65, 66, 67, 68, 71, 73, 74, 75], "summary": {"covered_lines": 44, "num_statements": 44, "percent_covered": 100.0, "percent_covered_display": "100", "missing_lines": 0, "excluded_lines": 0, "percent_statements_covered": 100.0, "percent_statements_covered_display": "100"}, "missing_lines": [], "excluded_lines": [], "functions": {"TestMemoCRUD.test_create_memo_saves_to_db": {"executed_lines": [7, 8, 10, 15, 17, 18, 19], "summary": {"covered_lines": 7, "num_statements": 7, "percent_covered": 100.0, "percent_covered_display": "100", "missing_lines": 0, "excluded_lines": 0, "percent_statements_covered": 100.0, "percent_statements_covered_display": "100"}, "missing_lines": [], "excluded_lines": [], "start_line": 5}, "TestMemoCRUD.test_update_own_memo": {"executed_lines": [23, 24, 25, 26, 27, 28, 30, 34, 36, 37, 38], "summary": {"covered_lines": 11, "num_statements": 11, "percent_covered": 100.0, "percent_covered_display": "100", "missing_lines": 0, "excluded_lines": 0, "percent_statements_covered": 100.0, "percent_statements_covered_display": "100"}, "missing_lines": [], "excluded_lines": [], "start_line": 21}, "TestMemoCRUD.test_update_other_memo_returns_404": {"executed_lines": [42, 43, 44, 45, 46, 47, 49, 54, 58], "summary": {"covered_lines": 9, "num_statements": 9, "percent_covered": 100.0, "percent_covered_display": "100", "missing_lines": 0, "excluded_lines": 0, "percent_statements_covered": 100.0, "percent_statements_covered_display": "100"}, "missing_lines": [], "excluded_lines": [], "start_line": 40}, "TestMemoCRUD.test_delete_memo_removes_from_db": {"executed_lines": [62, 63, 64, 65, 66, 67, 68, 71, 73, 74, 75], "summary": {"covered_lines": 11, "num_statements": 11, "percent_covered": 100.0, "percent_covered_display": "100", "missing_lines": 0, "excluded_lines": 0, "percent_statements_covered": 100.0, "percent_statements_covered_display": "100"}, "missing_lines": [], "excluded_lines": [], "start_line": 60}, "": {"executed_lines": [1, 4, 5, 21, 40, 60], "summary": {"covered_lines": 6, "num_statements": 6, "percent_covered": 100.0, "percent_covered_display": "100", "missing_lines": 0, "excluded_lines": 0, "percent_statements_covered": 100.0, "percent_statements_covered_display": "100"}, "missing_lines": [], "excluded_lines": [], "start_line": 1}}, "classes": {"TestMemoCRUD": {"executed_lines": [7, 8, 10, 15, 17, 18, 19, 23, 24, 25, 26, 27, 28, 30, 34, 36, 37, 38, 42, 43, 44, 45, 46, 47, 49, 54, 58, 62, 63, 64, 65, 66, 67, 68, 71, 73, 74, 75], "summary": {"covered_lines": 38, "num_statements": 38, "percent_covered": 100.0, "percent_covered_display": "100", "missing_lines": 0, "excluded_lines": 0, "percent_statements_covered": 100.0, "percent_statements_covered_display": "100"}, "missing_lines": [], "excluded_lines": [], "start_line": 4}, "": {"executed_lines": [1, 4, 5, 21, 40, 60], "summary": {"covered_lines": 6, "num_statements": 6, "percent_covered": 100.0, "percent_covered_display": "100", "missing_lines": 0, "excluded_lines": 0, "percent_statements_covered": 100.0, "percent_statements_covered_display": "100"}, "missing_lines": [], "excluded_lines": [], "start_line": 1}}}, "tests\\test_models.py": {"executed_lines": [1, 2, 3, 6, 7, 9, 10, 11, 12, 13, 15, 17, 18, 19, 20, 22, 24, 25, 26, 27, 29, 31, 32, 33, 34, 35, 37, 38, 39, 40, 41, 42, 44, 46, 47, 48, 49, 52, 53, 55, 56, 57, 58, 59, 60, 61, 64, 65, 67, 68, 69, 70, 72, 73, 74, 75, 76], "summary": {"covered_lines": 57, "num_statements": 57, "percent_covered": 100.0, "percent_covered_display": "100", "missing_lines": 0, "excluded_lines": 0, "percent_statements_covered": 100.0, "percent_statements_covered_display": "100"}, "missing_lines": [], "excluded_lines": [], "functions": {"TestUserModel.test_password_is_hashed": {"executed_lines": [9, 10, 11, 12, 13], "summary": {"covered_lines": 5, "num_statements": 5, "percent_covered": 100.0, "percent_covered_display": "100", "missing_lines": 0, "excluded_lines": 0, "percent_statements_covered": 100.0, "percent_statements_covered_display": "100"}, "missing_lines": [], "excluded_lines": [], "start_line": 7}, "TestUserModel.test_check_password_correct": {"executed_lines": [17, 18, 19, 20], "summary": {"covered_lines": 4, "num_statements": 4, "percent_covered": 100.0, "percent_covered_display": "100", "missing_lines": 0, "excluded_lines": 0, "percent_statements_covered": 100.0, "percent_statements_covered_display": "100"}, "missing_lines": [], "excluded_lines": [], "start_line": 15}, "TestUserModel.test_check_password_wrong": {"executed_lines": [24, 25, 26, 27], "summary": {"covered_lines": 4, "num_statements": 4, "percent_covered": 100.0, "percent_covered_display": "100", "missing_lines": 0, "excluded_lines": 0, "percent_statements_covered": 100.0, "percent_statements_covered_display": "100"}, "missing_lines": [], "excluded_lines": [], "start_line": 22}, "TestUserModel.test_email_unique_constraint": {"executed_lines": [31, 32, 33, 34, 35, 37, 38, 39, 40, 41, 42], "summary": {"covered_lines": 11, "num_statements": 11, "percent_covered": 100.0, "percent_covered_display": "100", "missing_lines": 0, "excluded_lines": 0, "percent_statements_covered": 100.0, "percent_statements_covered_display": "100"}, "missing_lines": [], "excluded_lines": [], "start_line": 29}, "TestUserModel.test_is_oauth_user_false_for_normal": {"executed_lines": [46, 47, 48, 49], "summary": {"covered_lines": 4, "num_statements": 4, "percent_covered": 100.0, "percent_covered_display": "100", "missing_lines": 0, "excluded_lines": 0, "percent_statements_covered": 100.0, "percent_statements_covered_display": "100"}, "missing_lines": [], "excluded_lines": [], "start_line": 44}, "TestMemoModel.test_create_memo": {"executed_lines": [55, 56, 57, 58, 59, 60, 61], "summary": {"covered_lines": 7, "num_statements": 7, "percent_covered": 100.0, "percent_covered_display": "100", "missing_lines": 0, "excluded_lines": 0, "percent_statements_covered": 100.0, "percent_statements_covered_display": "100"}, "missing_lines": [], "excluded_lines": [], "start_line": 53}, "TestCategoryModel.test_category_name_unique": {"executed_lines": [67, 68, 69, 70, 72, 73, 74, 75, 76], "summary": {"covered_lines": 9, "num_statements": 9, "percent_covered": 100.0, "percent_covered_display": "100", "missing_lines": 0, "excluded_lines": 0, "percent_statements_covered": 100.0, "percent_statements_covered_display": "100"}, "missing_lines": [], "excluded_lines": [], "start_line": 65}, "": {"executed_lines": [1, 2, 3, 6, 7, 15, 22, 29, 44, 52, 53, 64, 65], "summary": {"covered_lines": 13, "num_statements": 13, "percent_covered": 100.0, "percent_covered_display": "100", "missing_lines": 0, "excluded_lines": 0, "percent_statements_covered": 100.0, "percent_statements_covered_display": "100"}, "missing_lines": [], "excluded_lines": [], "start_line": 1}}, "classes": {"TestUserModel": {"executed_lines": [9, 10, 11, 12, 13, 17, 18, 19, 20, 24, 25, 26, 27, 31, 32, 33, 34, 35, 37, 38, 39, 40, 41, 42, 46, 47, 48, 49], "summary": {"covered_lines": 28, "num_statements": 28, "percent_covered": 100.0, "percent_covered_display": "100", "missing_lines": 0, "excluded_lines": 0, "percent_statements_covered": 100.0, "percent_statements_covered_display": "100"}, "missing_lines": [], "excluded_lines": [], "start_line": 6}, "TestMemoModel": {"executed_lines": [55, 56, 57, 58, 59, 60, 61], "summary": {"covered_lines": 7, "num_statements": 7, "percent_covered": 100.0, "percent_covered_display": "100", "missing_lines": 0, "excluded_lines": 0, "percent_statements_covered": 100.0, "percent_statements_covered_display": "100"}, "missing_lines": [], "excluded_lines": [], "start_line": 52}, "TestCategoryModel": {"executed_lines": [67, 68, 69, 70, 72, 73, 74, 75, 76], "summary": {"covered_lines": 9, "num_statements": 9, "percent_covered": 100.0, "percent_covered_display": "100", "missing_lines": 0, "excluded_lines": 0, "percent_statements_covered": 100.0, "percent_statements_covered_display": "100"}, "missing_lines": [], "excluded_lines": [], "start_line": 64}, "": {"executed_lines": [1, 2, 3, 6, 7, 15, 22, 29, 44, 52, 53, 64, 65], "summary": {"covered_lines": 13, "num_statements": 13, "percent_covered": 100.0, "percent_covered_display": "100", "missing_lines": 0, "excluded_lines": 0, "percent_statements_covered": 100.0, "percent_statements_covered_display": "100"}, "missing_lines": [], "excluded_lines": [], "start_line": 1}}}, "tests\\test_public.py": {"executed_lines": [1, 4, 5, 7, 8, 10, 12, 13, 15, 17, 18, 20, 22, 23, 24, 25, 26, 27, 29, 30, 32, 34, 35], "summary": {"covered_lines": 23, "num_statements": 23, "percent_covered": 100.0, "percent_covered_display": "100", "missing_lines": 0, "excluded_lines": 0, "percent_statements_covered": 100.0, "percent_statements_covered_display": "100"}, "missing_lines": [], "excluded_lines": [], "functions": {"TestPublicPages.test_top_page_returns_200": {"executed_lines": [7, 8], "summary": {"covered_lines": 2, "num_statements": 2, "percent_covered": 100.0, "percent_covered_display": "100", "missing_lines": 0, "excluded_lines": 0, "percent_statements_covered": 100.0, "percent_statements_covered_display": "100"}, "missing_lines": [], "excluded_lines": [], "start_line": 5}, "TestPublicPages.test_top_page_with_search_returns_200": {"executed_lines": [12, 13], "summary": {"covered_lines": 2, "num_statements": 2, "percent_covered": 100.0, "percent_covered_display": "100", "missing_lines": 0, "excluded_lines": 0, "percent_statements_covered": 100.0, "percent_statements_covered_display": "100"}, "missing_lines": [], "excluded_lines": [], "start_line": 10}, "TestPublicPages.test_top_page_with_category_returns_200": {"executed_lines": [17, 18], "summary": {"covered_lines": 2, "num_statements": 2, "percent_covered": 100.0, "percent_covered_display": "100", "missing_lines": 0, "excluded_lines": 0, "percent_statements_covered": 100.0, "percent_statements_covered_display": "100"}, "missing_lines": [], "excluded_lines": [], "start_line": 15}, "TestPublicPages.test_detail_page_returns_200": {"executed_lines": [22, 23, 24, 25, 26, 27, 29, 30], "summary": {"covered_lines": 8, "num_statements": 8, "percent_covered": 100.0, "percent_covered_display": "100", "missing_lines": 0, "excluded_lines": 0, "percent_statements_covered": 100.0, "percent_statements_covered_display": "100"}, "missing_lines": [], "excluded_lines": [], "start_line": 20}, "TestPublicPages.test_nonexistent_page_returns_404": {"executed_lines": [34, 35], "summary": {"covered_lines": 2, "num_statements": 2, "percent_covered": 100.0, "percent_covered_display": "100", "missing_lines": 0, "excluded_lines": 0, "percent_statements_covered": 100.0, "percent_statements_covered_display": "100"}, "missing_lines": [], "excluded_lines": [], "start_line": 32}, "": {"executed_lines": [1, 4, 5, 10, 15, 20, 32], "summary": {"covered_lines": 7, "num_statements": 7, "percent_covered": 100.0, "percent_covered_display": "100", "missing_lines": 0, "excluded_lines": 0, "percent_statements_covered": 100.0, "percent_statements_covered_display": "100"}, "missing_lines": [], "excluded_lines": [], "start_line": 1}}, "classes": {"TestPublicPages": {"executed_lines": [7, 8, 12, 13, 17, 18, 22, 23, 24, 25, 26, 27, 29, 30, 34, 35], "summary": {"covered_lines": 16, "num_statements": 16, "percent_covered": 100.0, "percent_covered_display": "100", "missing_lines": 0, "excluded_lines": 0, "percent_statements_covered": 100.0, "percent_statements_covered_display": "100"}, "missing_lines": [], "excluded_lines": [], "start_line": 4}, "": {"executed_lines": [1, 4, 5, 10, 15, 20, 32], "summary": {"covered_lines": 7, "num_statements": 7, "percent_covered": 100.0, "percent_covered_display": "100", "missing_lines": 0, "excluded_lines": 0, "percent_statements_covered": 100.0, "percent_statements_covered_display": "100"}, "missing_lines": [], "excluded_lines": [], "start_line": 1}}}, "utils\\logger.py": {"executed_lines": [1, 2, 3, 6, 12, 13, 18, 19, 22, 28, 29, 32, 33, 34, 35, 36, 38, 39, 42, 43, 44], "summary": {"covered_lines": 21, "num_statements": 27, "percent_covered": 77.77777777777777, "percent_covered_display": "78", "missing_lines": 6, "excluded_lines": 0, "percent_statements_covered": 77.77777777777777, "percent_statements_covered_display": "78"}, "missing_lines": [45, 46, 48, 56, 57, 58], "excluded_lines": [], "functions": {"init_logger": {"executed_lines": [12, 13, 18, 19, 22, 28, 29, 32, 33, 34, 35, 36, 38, 39, 42, 43, 44], "summary": {"covered_lines": 17, "num_statements": 23, "percent_covered": 73.91304347826087, "percent_covered_display": "74", "missing_lines": 6, "excluded_lines": 0, "percent_statements_covered": 73.91304347826087, "percent_statements_covered_display": "74"}, "missing_lines": [45, 46, 48, 56, 57, 58], "excluded_lines": [], "start_line": 6}, "": {"executed_lines": [1, 2, 3, 6], "summary": {"covered_lines": 4, "num_statements": 4, "percent_covered": 100.0, "percent_covered_display": "100", "missing_lines": 0, "excluded_lines": 0, "percent_statements_covered": 100.0, "percent_statements_covered_display": "100"}, "missing_lines": [], "excluded_lines": [], "start_line": 1}}, "classes": {"": {"executed_lines": [1, 2, 3, 6, 12, 13, 18, 19, 22, 28, 29, 32, 33, 34, 35, 36, 38, 39, 42, 43, 44], "summary": {"covered_lines": 21, "num_statements": 27, "percent_covered": 77.77777777777777, "percent_covered_display": "78", "missing_lines": 6, "excluded_lines": 0, "percent_statements_covered": 77.77777777777777, "percent_statements_covered_display": "78"}, "missing_lines": [45, 46, 48, 56, 57, 58], "excluded_lines": [], "start_line": 1}}}, "utils\\upload.py": {"executed_lines": [1, 2, 3, 4, 6], "summary": {"covered_lines": 5, "num_statements": 15, "percent_covered": 33.333333333333336, "percent_covered_display": "33", "missing_lines": 10, "excluded_lines": 0, "percent_statements_covered": 33.333333333333336, "percent_statements_covered_display": "33"}, "missing_lines": [7, 8, 9, 10, 11, 12, 18, 19, 20, 21], "excluded_lines": [], "functions": {"save_upload": {"executed_lines": [], "summary": {"covered_lines": 0, "num_statements": 10, "percent_covered": 0.0, "percent_covered_display": "0", "missing_lines": 10, "excluded_lines": 0, "percent_statements_covered": 0.0, "percent_statements_covered_display": "0"}, "missing_lines": [7, 8, 9, 10, 11, 12, 18, 19, 20, 21], "excluded_lines": [], "start_line": 6}, "": {"executed_lines": [1, 2, 3, 4, 6], "summary": {"covered_lines": 5, "num_statements": 5, "percent_covered": 100.0, "percent_covered_display": "100", "missing_lines": 0, "excluded_lines": 0, "percent_statements_covered": 100.0, "percent_statements_covered_display": "100"}, "missing_lines": [], "excluded_lines": [], "start_line": 1}}, "classes": {"": {"executed_lines": [1, 2, 3, 4, 6], "summary": {"covered_lines": 5, "num_statements": 15, "percent_covered": 33.333333333333336, "percent_covered_display": "33", "missing_lines": 10, "excluded_lines": 0, "percent_statements_covered": 33.333333333333336, "percent_statements_covered_display": "33"}, "missing_lines": [7, 8, 9, 10, 11, 12, 18, 19, 20, 21], "excluded_lines": [], "start_line": 1}}}}, "totals": {"covered_lines": 868, "num_statements": 2021, "percent_covered": 42.9490351311232, "percent_covered_display": "43", "missing_lines": 1153, "excluded_lines": 0, "percent_statements_covered": 42.9490351311232, "percent_statements_covered_display": "43"}}